
                            < M A T L A B (R) >
                  Copyright 1984-2024 The MathWorks, Inc.
             R2024b Update 1 (24.2.0.2740171) 64-bit (glnxa64)
                             September 20, 2024

 
To get started, type doc.
For product information, visit www.mathworks.com.
 
n=100, N=200 | empirical mean (should be ~0): 0.0423886 | expectation: 1.9901
Eval n=100, NN=10000 | out-of-sample obj = 1.7884408 | rep = 1
Elapsed time is 0.078590 seconds.
n=100, N=200 | empirical mean (should be ~0): 0.00119748 | expectation: 1.9901
Eval n=100, NN=10000 | out-of-sample obj = 1.8047781 | rep = 2
Elapsed time is 0.090701 seconds.
n=100, N=200 | empirical mean (should be ~0): -0.0236917 | expectation: 1.9901
Eval n=100, NN=10000 | out-of-sample obj = 1.786871 | rep = 3
Elapsed time is 0.077135 seconds.
n=100, N=200 | empirical mean (should be ~0): 0.0447745 | expectation: 1.9901
Eval n=100, NN=10000 | out-of-sample obj = 1.7841292 | rep = 4
Elapsed time is 0.062664 seconds.
n=100, N=200 | empirical mean (should be ~0): -0.0136858 | expectation: 1.9901
Eval n=100, NN=10000 | out-of-sample obj = 1.7902624 | rep = 5
Elapsed time is 0.077616 seconds.
Average eval for n=100, N=200 over 5 reps = 1.7908963
n=100, N=400 | empirical mean (should be ~0): 0.0129755 | expectation: 1.9901
Eval n=100, NN=10000 | out-of-sample obj = 1.7658393 | rep = 1
Elapsed time is 0.062530 seconds.
n=100, N=400 | empirical mean (should be ~0): 0.00727094 | expectation: 1.9901
Eval n=100, NN=10000 | out-of-sample obj = 1.7643886 | rep = 2
Elapsed time is 0.058493 seconds.
n=100, N=400 | empirical mean (should be ~0): -0.0044497 | expectation: 1.9901
Eval n=100, NN=10000 | out-of-sample obj = 1.7614552 | rep = 3
Elapsed time is 0.058864 seconds.
n=100, N=400 | empirical mean (should be ~0): -0.000591535 | expectation: 1.9901
Eval n=100, NN=10000 | out-of-sample obj = 1.7611835 | rep = 4
Elapsed time is 0.062168 seconds.
n=100, N=400 | empirical mean (should be ~0): 0.145594 | expectation: 1.9901
Eval n=100, NN=10000 | out-of-sample obj = 1.7621404 | rep = 5
Elapsed time is 0.087638 seconds.
Average eval for n=100, N=400 over 5 reps = 1.7630014
n=100, N=600 | empirical mean (should be ~0): 0.0065521 | expectation: 1.9901
Eval n=100, NN=10000 | out-of-sample obj = 1.7554304 | rep = 1
Elapsed time is 0.061946 seconds.
n=100, N=600 | empirical mean (should be ~0): -0.00243075 | expectation: 1.9901
Eval n=100, NN=10000 | out-of-sample obj = 1.7575647 | rep = 2
Elapsed time is 0.062000 seconds.
n=100, N=600 | empirical mean (should be ~0): 0.0207238 | expectation: 1.9901
Eval n=100, NN=10000 | out-of-sample obj = 1.7585455 | rep = 3
Elapsed time is 0.072388 seconds.
n=100, N=600 | empirical mean (should be ~0): -0.000195638 | expectation: 1.9901
Eval n=100, NN=10000 | out-of-sample obj = 1.7554681 | rep = 4
Elapsed time is 0.073065 seconds.
n=100, N=600 | empirical mean (should be ~0): 0.0162982 | expectation: 1.9901
Eval n=100, NN=10000 | out-of-sample obj = 1.7632584 | rep = 5
Elapsed time is 0.071771 seconds.
Average eval for n=100, N=600 over 5 reps = 1.7580534
n=200, N=200 | empirical mean (should be ~0): -0.00392517 | expectation: 1.9901
Eval n=200, NN=10000 | out-of-sample obj = 3.959261 | rep = 1
Elapsed time is 0.125224 seconds.
n=200, N=200 | empirical mean (should be ~0): 0.0162201 | expectation: 1.9901
Eval n=200, NN=10000 | out-of-sample obj = 4.0090093 | rep = 2
Elapsed time is 0.131882 seconds.
n=200, N=200 | empirical mean (should be ~0): 0.00213392 | expectation: 1.9901
Eval n=200, NN=10000 | out-of-sample obj = 3.9853642 | rep = 3
Elapsed time is 0.147778 seconds.
n=200, N=200 | empirical mean (should be ~0): 0.019799 | expectation: 1.9901
Eval n=200, NN=10000 | out-of-sample obj = 3.7889073 | rep = 4
Elapsed time is 0.114862 seconds.
n=200, N=200 | empirical mean (should be ~0): -0.0285451 | expectation: 1.9901
Eval n=200, NN=10000 | out-of-sample obj = 4.1951865 | rep = 5
Elapsed time is 0.116023 seconds.
Average eval for n=200, N=200 over 5 reps = 3.9875456
n=200, N=400 | empirical mean (should be ~0): -0.00373774 | expectation: 1.9901
Eval n=200, NN=10000 | out-of-sample obj = 1.774876 | rep = 1
Elapsed time is 0.140432 seconds.
n=200, N=400 | empirical mean (should be ~0): -0.0228755 | expectation: 1.9901
Eval n=200, NN=10000 | out-of-sample obj = 1.7830547 | rep = 2
Elapsed time is 0.133769 seconds.
n=200, N=400 | empirical mean (should be ~0): -0.0102621 | expectation: 1.9901
Eval n=200, NN=10000 | out-of-sample obj = 1.7700269 | rep = 3
Elapsed time is 0.115201 seconds.
n=200, N=400 | empirical mean (should be ~0): -0.00672664 | expectation: 1.9901
Eval n=200, NN=10000 | out-of-sample obj = 1.7689473 | rep = 4
Elapsed time is 0.120320 seconds.
n=200, N=400 | empirical mean (should be ~0): -0.00952941 | expectation: 1.9901
Eval n=200, NN=10000 | out-of-sample obj = 1.7777539 | rep = 5
Elapsed time is 0.122878 seconds.
Average eval for n=200, N=400 over 5 reps = 1.7749318
n=200, N=600 | empirical mean (should be ~0): 0.0002389 | expectation: 1.9901
Eval n=200, NN=10000 | out-of-sample obj = 1.7559065 | rep = 1
Elapsed time is 0.113606 seconds.
n=200, N=600 | empirical mean (should be ~0): 0.0039431 | expectation: 1.9901
Eval n=200, NN=10000 | out-of-sample obj = 1.7538248 | rep = 2
Elapsed time is 0.117761 seconds.
n=200, N=600 | empirical mean (should be ~0): 0.000743546 | expectation: 1.9901
Eval n=200, NN=10000 | out-of-sample obj = 1.7574628 | rep = 3
Elapsed time is 0.148770 seconds.
n=200, N=600 | empirical mean (should be ~0): 0.0129142 | expectation: 1.9901
Eval n=200, NN=10000 | out-of-sample obj = 1.756675 | rep = 4
Elapsed time is 0.124708 seconds.
n=200, N=600 | empirical mean (should be ~0): -0.006237 | expectation: 1.9901
Eval n=200, NN=10000 | out-of-sample obj = 1.7573651 | rep = 5
Elapsed time is 0.120906 seconds.
Average eval for n=200, N=600 over 5 reps = 1.7562468
n=300, N=200 | empirical mean (should be ~0): -0.00155892 | expectation: 1.9901
Eval n=300, NN=10000 | out-of-sample obj = 7.3544888 | rep = 1
Elapsed time is 0.198947 seconds.
n=300, N=200 | empirical mean (should be ~0): 0.00554285 | expectation: 1.9901
Eval n=300, NN=10000 | out-of-sample obj = 8.0306696 | rep = 2
Elapsed time is 0.185194 seconds.
n=300, N=200 | empirical mean (should be ~0): 0.00181364 | expectation: 1.9901
Eval n=300, NN=10000 | out-of-sample obj = 8.1191515 | rep = 3
Elapsed time is 0.181006 seconds.
n=300, N=200 | empirical mean (should be ~0): 0.0175216 | expectation: 1.9901
Eval n=300, NN=10000 | out-of-sample obj = 7.8912633 | rep = 4
Elapsed time is 0.179268 seconds.
n=300, N=200 | empirical mean (should be ~0): 0.0154062 | expectation: 1.9901
Eval n=300, NN=10000 | out-of-sample obj = 7.7405158 | rep = 5
Elapsed time is 0.184458 seconds.
Average eval for n=300, N=200 over 5 reps = 7.8272178
n=300, N=400 | empirical mean (should be ~0): -0.00213509 | expectation: 1.9901
Eval n=300, NN=10000 | out-of-sample obj = 3.5537796 | rep = 1
Elapsed time is 0.184914 seconds.
n=300, N=400 | empirical mean (should be ~0): 0.00249461 | expectation: 1.9901
Eval n=300, NN=10000 | out-of-sample obj = 2.9128293 | rep = 2
Elapsed time is 0.187072 seconds.
n=300, N=400 | empirical mean (should be ~0): -0.00503137 | expectation: 1.9901
Eval n=300, NN=10000 | out-of-sample obj = 3.9929794 | rep = 3
Elapsed time is 0.181047 seconds.
n=300, N=400 | empirical mean (should be ~0): 0.0173116 | expectation: 1.9901
Eval n=300, NN=10000 | out-of-sample obj = 3.2465411 | rep = 4
Elapsed time is 0.186982 seconds.
n=300, N=400 | empirical mean (should be ~0): -0.0191273 | expectation: 1.9901
Eval n=300, NN=10000 | out-of-sample obj = 3.146802 | rep = 5
Elapsed time is 0.186540 seconds.
Average eval for n=300, N=400 over 5 reps = 3.3705863
n=300, N=600 | empirical mean (should be ~0): -0.00286944 | expectation: 1.9901
Eval n=300, NN=10000 | out-of-sample obj = 1.8030186 | rep = 1
Elapsed time is 0.177432 seconds.
n=300, N=600 | empirical mean (should be ~0): -0.00255268 | expectation: 1.9901
Eval n=300, NN=10000 | out-of-sample obj = 1.7837907 | rep = 2
Elapsed time is 0.178929 seconds.
n=300, N=600 | empirical mean (should be ~0): -0.00927236 | expectation: 1.9901
Eval n=300, NN=10000 | out-of-sample obj = 1.8190998 | rep = 3
Elapsed time is 0.191676 seconds.
n=300, N=600 | empirical mean (should be ~0): -0.00656417 | expectation: 1.9901
Eval n=300, NN=10000 | out-of-sample obj = 1.7936984 | rep = 4
Elapsed time is 0.179982 seconds.
n=300, N=600 | empirical mean (should be ~0): -0.00394752 | expectation: 1.9901
Eval n=300, NN=10000 | out-of-sample obj = 1.8048051 | rep = 5
Elapsed time is 0.182950 seconds.
Average eval for n=300, N=600 over 5 reps = 1.8008825
n=400, N=200 | empirical mean (should be ~0): 0.0248731 | expectation: 1.9901
Eval n=400, NN=10000 | out-of-sample obj = 10.451796 | rep = 1
Elapsed time is 0.245087 seconds.
n=400, N=200 | empirical mean (should be ~0): -0.0059 | expectation: 1.9901
Eval n=400, NN=10000 | out-of-sample obj = 10.804547 | rep = 2
Elapsed time is 0.256391 seconds.
n=400, N=200 | empirical mean (should be ~0): 0.00212139 | expectation: 1.9901
Eval n=400, NN=10000 | out-of-sample obj = 9.4941215 | rep = 3
Elapsed time is 0.256451 seconds.
n=400, N=200 | empirical mean (should be ~0): -0.0153891 | expectation: 1.9901
Eval n=400, NN=10000 | out-of-sample obj = 10.447064 | rep = 4
Elapsed time is 0.260830 seconds.
n=400, N=200 | empirical mean (should be ~0): -0.00275555 | expectation: 1.9901
Eval n=400, NN=10000 | out-of-sample obj = 10.705888 | rep = 5
Elapsed time is 0.239114 seconds.
Average eval for n=400, N=200 over 5 reps = 10.380683
n=400, N=400 | empirical mean (should be ~0): 0.0113114 | expectation: 1.9901
Eval n=400, NN=10000 | out-of-sample obj = 6.0505494 | rep = 1
Elapsed time is 0.244040 seconds.
n=400, N=400 | empirical mean (should be ~0): -0.000952666 | expectation: 1.9901
Eval n=400, NN=10000 | out-of-sample obj = 5.9260218 | rep = 2
Elapsed time is 0.244826 seconds.
n=400, N=400 | empirical mean (should be ~0): 0.00477423 | expectation: 1.9901
Eval n=400, NN=10000 | out-of-sample obj = 6.0030223 | rep = 3
Elapsed time is 0.257592 seconds.
n=400, N=400 | empirical mean (should be ~0): -0.0109763 | expectation: 1.9901
Eval n=400, NN=10000 | out-of-sample obj = 6.0393448 | rep = 4
Elapsed time is 0.244002 seconds.
n=400, N=400 | empirical mean (should be ~0): -0.0236761 | expectation: 1.9901
Eval n=400, NN=10000 | out-of-sample obj = 6.8921155 | rep = 5
Elapsed time is 0.238566 seconds.
Average eval for n=400, N=400 over 5 reps = 6.1822108
n=400, N=600 | empirical mean (should be ~0): -0.00263348 | expectation: 1.9901
Eval n=400, NN=10000 | out-of-sample obj = 3.2524221 | rep = 1
Elapsed time is 0.235741 seconds.
n=400, N=600 | empirical mean (should be ~0): 0.000616168 | expectation: 1.9901
Eval n=400, NN=10000 | out-of-sample obj = 3.530529 | rep = 2
Elapsed time is 0.240369 seconds.
n=400, N=600 | empirical mean (should be ~0): -0.00480849 | expectation: 1.9901
Eval n=400, NN=10000 | out-of-sample obj = 3.2531754 | rep = 3
Elapsed time is 0.246450 seconds.
n=400, N=600 | empirical mean (should be ~0): -0.00655623 | expectation: 1.9901
Eval n=400, NN=10000 | out-of-sample obj = 3.4262411 | rep = 4
Elapsed time is 0.248861 seconds.
n=400, N=600 | empirical mean (should be ~0): 0.00726272 | expectation: 1.9901
Eval n=400, NN=10000 | out-of-sample obj = 3.148855 | rep = 5
Elapsed time is 0.255014 seconds.
Average eval for n=400, N=600 over 5 reps = 3.3222445
n=500, N=200 | empirical mean (should be ~0): 0.00432042 | expectation: 1.9901
Eval n=500, NN=10000 | out-of-sample obj = 13.006626 | rep = 1
Elapsed time is 0.319950 seconds.
n=500, N=200 | empirical mean (should be ~0): 0.021561 | expectation: 1.9901
Eval n=500, NN=10000 | out-of-sample obj = 13.002301 | rep = 2
Elapsed time is 0.327792 seconds.
n=500, N=200 | empirical mean (should be ~0): 0.0051218 | expectation: 1.9901
Eval n=500, NN=10000 | out-of-sample obj = 12.386246 | rep = 3
Elapsed time is 0.331779 seconds.
n=500, N=200 | empirical mean (should be ~0): 0.00265312 | expectation: 1.9901
Eval n=500, NN=10000 | out-of-sample obj = 13.0616 | rep = 4
Elapsed time is 0.321940 seconds.
n=500, N=200 | empirical mean (should be ~0): -0.00452187 | expectation: 1.9901
Eval n=500, NN=10000 | out-of-sample obj = 13.138143 | rep = 5
Elapsed time is 0.321519 seconds.
Average eval for n=500, N=200 over 5 reps = 12.918983
n=500, N=400 | empirical mean (should be ~0): -0.00316841 | expectation: 1.9901
Eval n=500, NN=10000 | out-of-sample obj = 8.8142392 | rep = 1
Elapsed time is 0.339756 seconds.
n=500, N=400 | empirical mean (should be ~0): -0.00212254 | expectation: 1.9901
Eval n=500, NN=10000 | out-of-sample obj = 9.9830948 | rep = 2
Elapsed time is 0.336190 seconds.
n=500, N=400 | empirical mean (should be ~0): 0.00684853 | expectation: 1.9901
Eval n=500, NN=10000 | out-of-sample obj = 8.5839934 | rep = 3
Elapsed time is 0.341117 seconds.
n=500, N=400 | empirical mean (should be ~0): -0.00576606 | expectation: 1.9901
Eval n=500, NN=10000 | out-of-sample obj = 8.3082426 | rep = 4
Elapsed time is 0.336270 seconds.
n=500, N=400 | empirical mean (should be ~0): -0.00968688 | expectation: 1.9901
Eval n=500, NN=10000 | out-of-sample obj = 8.727514 | rep = 5
Elapsed time is 0.337535 seconds.
Average eval for n=500, N=400 over 5 reps = 8.8834168
n=500, N=600 | empirical mean (should be ~0): -0.00280621 | expectation: 1.9901
Eval n=500, NN=10000 | out-of-sample obj = 5.9483666 | rep = 1
Elapsed time is 0.334108 seconds.
n=500, N=600 | empirical mean (should be ~0): -0.0064993 | expectation: 1.9901
Eval n=500, NN=10000 | out-of-sample obj = 6.373225 | rep = 2
Elapsed time is 0.311465 seconds.
n=500, N=600 | empirical mean (should be ~0): -0.00323361 | expectation: 1.9901
Eval n=500, NN=10000 | out-of-sample obj = 5.9858707 | rep = 3
Elapsed time is 0.338139 seconds.
n=500, N=600 | empirical mean (should be ~0): -0.0150748 | expectation: 1.9901
Eval n=500, NN=10000 | out-of-sample obj = 6.3120279 | rep = 4
Elapsed time is 0.365381 seconds.
n=500, N=600 | empirical mean (should be ~0): -0.00704081 | expectation: 1.9901
Eval n=500, NN=10000 | out-of-sample obj = 6.2192053 | rep = 5
Elapsed time is 0.315197 seconds.
Average eval for n=500, N=600 over 5 reps = 6.1677391
n=600, N=200 | empirical mean (should be ~0): -0.00537888 | expectation: 1.9901
Eval n=600, NN=10000 | out-of-sample obj = 15.064841 | rep = 1
Elapsed time is 0.363425 seconds.
n=600, N=200 | empirical mean (should be ~0): 0.0255586 | expectation: 1.9901
Eval n=600, NN=10000 | out-of-sample obj = 14.94946 | rep = 2
Elapsed time is 0.393493 seconds.
n=600, N=200 | empirical mean (should be ~0): -0.00421357 | expectation: 1.9901
Eval n=600, NN=10000 | out-of-sample obj = 14.462004 | rep = 3
Elapsed time is 0.382239 seconds.
n=600, N=200 | empirical mean (should be ~0): -0.01088 | expectation: 1.9901
Eval n=600, NN=10000 | out-of-sample obj = 14.648689 | rep = 4
Elapsed time is 0.399200 seconds.
n=600, N=200 | empirical mean (should be ~0): -0.0249685 | expectation: 1.9901
Eval n=600, NN=10000 | out-of-sample obj = 14.022545 | rep = 5
Elapsed time is 0.408861 seconds.
Average eval for n=600, N=200 over 5 reps = 14.629508
n=600, N=400 | empirical mean (should be ~0): -0.00273255 | expectation: 1.9901
Eval n=600, NN=10000 | out-of-sample obj = 10.687151 | rep = 1
Elapsed time is 0.370448 seconds.
n=600, N=400 | empirical mean (should be ~0): -0.00085654 | expectation: 1.9901
Eval n=600, NN=10000 | out-of-sample obj = 10.706678 | rep = 2
Elapsed time is 0.360828 seconds.
n=600, N=400 | empirical mean (should be ~0): 0.00819022 | expectation: 1.9901
Eval n=600, NN=10000 | out-of-sample obj = 10.806123 | rep = 3
Elapsed time is 0.377890 seconds.
n=600, N=400 | empirical mean (should be ~0): -0.00641587 | expectation: 1.9901
Eval n=600, NN=10000 | out-of-sample obj = 10.594614 | rep = 4
Elapsed time is 0.378977 seconds.
n=600, N=400 | empirical mean (should be ~0): 0.00469137 | expectation: 1.9901
Eval n=600, NN=10000 | out-of-sample obj = 10.93438 | rep = 5
Elapsed time is 0.352381 seconds.
Average eval for n=600, N=400 over 5 reps = 10.745789
n=600, N=600 | empirical mean (should be ~0): -0.00608952 | expectation: 1.9901
Eval n=600, NN=10000 | out-of-sample obj = 8.3678009 | rep = 1
Elapsed time is 0.403787 seconds.
n=600, N=600 | empirical mean (should be ~0): -0.00675851 | expectation: 1.9901
Eval n=600, NN=10000 | out-of-sample obj = 7.3971189 | rep = 2
Elapsed time is 0.377917 seconds.
n=600, N=600 | empirical mean (should be ~0): -0.000632242 | expectation: 1.9901
Eval n=600, NN=10000 | out-of-sample obj = 7.0742126 | rep = 3
Elapsed time is 0.396691 seconds.
n=600, N=600 | empirical mean (should be ~0): -0.0009976 | expectation: 1.9901
Eval n=600, NN=10000 | out-of-sample obj = 7.4393414 | rep = 4
Elapsed time is 0.381615 seconds.
n=600, N=600 | empirical mean (should be ~0): 0.00851921 | expectation: 1.9901
Eval n=600, NN=10000 | out-of-sample obj = 7.5229445 | rep = 5
Elapsed time is 0.368949 seconds.
Average eval for n=600, N=600 over 5 reps = 7.5602836
n=700, N=200 | empirical mean (should be ~0): 0.0183086 | expectation: 1.9901
Eval n=700, NN=10000 | out-of-sample obj = 17.314271 | rep = 1
Elapsed time is 0.457983 seconds.
n=700, N=200 | empirical mean (should be ~0): -0.00702194 | expectation: 1.9901
Eval n=700, NN=10000 | out-of-sample obj = 16.653477 | rep = 2
Elapsed time is 0.479115 seconds.
n=700, N=200 | empirical mean (should be ~0): 0.00222624 | expectation: 1.9901
Eval n=700, NN=10000 | out-of-sample obj = 15.506616 | rep = 3
Elapsed time is 0.450353 seconds.
n=700, N=200 | empirical mean (should be ~0): -0.0122091 | expectation: 1.9901
Eval n=700, NN=10000 | out-of-sample obj = 17.705802 | rep = 4
Elapsed time is 0.461579 seconds.
n=700, N=200 | empirical mean (should be ~0): -0.00149295 | expectation: 1.9901
Eval n=700, NN=10000 | out-of-sample obj = 17.151157 | rep = 5
Elapsed time is 0.469589 seconds.
Average eval for n=700, N=200 over 5 reps = 16.866265
n=700, N=400 | empirical mean (should be ~0): 0.00637765 | expectation: 1.9901
Eval n=700, NN=10000 | out-of-sample obj = 13.299632 | rep = 1
Elapsed time is 0.453763 seconds.
n=700, N=400 | empirical mean (should be ~0): 0.00568837 | expectation: 1.9901
Eval n=700, NN=10000 | out-of-sample obj = 14.062603 | rep = 2
Elapsed time is 0.500732 seconds.
n=700, N=400 | empirical mean (should be ~0): -0.0128861 | expectation: 1.9901
Eval n=700, NN=10000 | out-of-sample obj = 13.894165 | rep = 3
Elapsed time is 0.428087 seconds.
n=700, N=400 | empirical mean (should be ~0): -0.00125191 | expectation: 1.9901
Eval n=700, NN=10000 | out-of-sample obj = 13.314685 | rep = 4
Elapsed time is 0.501578 seconds.
n=700, N=400 | empirical mean (should be ~0): -0.000209627 | expectation: 1.9901
Eval n=700, NN=10000 | out-of-sample obj = 14.064626 | rep = 5
Elapsed time is 0.440552 seconds.
Average eval for n=700, N=400 over 5 reps = 13.727142
n=700, N=600 | empirical mean (should be ~0): 0.0124286 | expectation: 1.9901
Eval n=700, NN=10000 | out-of-sample obj = 10.839313 | rep = 1
Elapsed time is 0.464907 seconds.
n=700, N=600 | empirical mean (should be ~0): -0.0018609 | expectation: 1.9901
Eval n=700, NN=10000 | out-of-sample obj = 10.414909 | rep = 2
Elapsed time is 0.442028 seconds.
n=700, N=600 | empirical mean (should be ~0): 0.00492867 | expectation: 1.9901
Eval n=700, NN=10000 | out-of-sample obj = 9.5220949 | rep = 3
Elapsed time is 0.429528 seconds.
n=700, N=600 | empirical mean (should be ~0): -0.00636772 | expectation: 1.9901
Eval n=700, NN=10000 | out-of-sample obj = 10.686849 | rep = 4
Elapsed time is 0.451544 seconds.
n=700, N=600 | empirical mean (should be ~0): 0.001705 | expectation: 1.9901
Eval n=700, NN=10000 | out-of-sample obj = 9.4195246 | rep = 5
Elapsed time is 0.428962 seconds.
Average eval for n=700, N=600 over 5 reps = 10.176538
n=800, N=200 | empirical mean (should be ~0): -0.0159851 | expectation: 1.9901
Eval n=800, NN=10000 | out-of-sample obj = 18.93415 | rep = 1
Elapsed time is 0.495276 seconds.
n=800, N=200 | empirical mean (should be ~0): 0.00031247 | expectation: 1.9901
Eval n=800, NN=10000 | out-of-sample obj = 18.379369 | rep = 2
Elapsed time is 0.498343 seconds.
n=800, N=200 | empirical mean (should be ~0): 0.00298736 | expectation: 1.9901
Eval n=800, NN=10000 | out-of-sample obj = 18.659926 | rep = 3
Elapsed time is 0.488538 seconds.
n=800, N=200 | empirical mean (should be ~0): -0.00137861 | expectation: 1.9901
Eval n=800, NN=10000 | out-of-sample obj = 18.143528 | rep = 4
Elapsed time is 0.484737 seconds.
n=800, N=200 | empirical mean (should be ~0): 0.0025772 | expectation: 1.9901
Eval n=800, NN=10000 | out-of-sample obj = 18.254574 | rep = 5
Elapsed time is 0.530696 seconds.
Average eval for n=800, N=200 over 5 reps = 18.474309
n=800, N=400 | empirical mean (should be ~0): 0.00274107 | expectation: 1.9901
Eval n=800, NN=10000 | out-of-sample obj = 14.44813 | rep = 1
Elapsed time is 0.489668 seconds.
n=800, N=400 | empirical mean (should be ~0): -0.000370083 | expectation: 1.9901
Eval n=800, NN=10000 | out-of-sample obj = 14.457414 | rep = 2
Elapsed time is 0.463689 seconds.
n=800, N=400 | empirical mean (should be ~0): -0.00259839 | expectation: 1.9901
Eval n=800, NN=10000 | out-of-sample obj = 14.42257 | rep = 3
Elapsed time is 0.501749 seconds.
n=800, N=400 | empirical mean (should be ~0): 0.00222288 | expectation: 1.9901
Eval n=800, NN=10000 | out-of-sample obj = 15.837201 | rep = 4
Elapsed time is 0.615509 seconds.
n=800, N=400 | empirical mean (should be ~0): -0.0078985 | expectation: 1.9901
Eval n=800, NN=10000 | out-of-sample obj = 15.436911 | rep = 5
Elapsed time is 0.497905 seconds.
Average eval for n=800, N=400 over 5 reps = 14.920445
n=800, N=600 | empirical mean (should be ~0): 0.00205231 | expectation: 1.9901
Eval n=800, NN=10000 | out-of-sample obj = 11.120905 | rep = 1
Elapsed time is 0.543914 seconds.
n=800, N=600 | empirical mean (should be ~0): 0.00218788 | expectation: 1.9901
Eval n=800, NN=10000 | out-of-sample obj = 11.472778 | rep = 2
Elapsed time is 0.505850 seconds.
n=800, N=600 | empirical mean (should be ~0): -0.00654928 | expectation: 1.9901
Eval n=800, NN=10000 | out-of-sample obj = 11.94061 | rep = 3
Elapsed time is 0.495034 seconds.
n=800, N=600 | empirical mean (should be ~0): -0.00808064 | expectation: 1.9901
Eval n=800, NN=10000 | out-of-sample obj = 11.208916 | rep = 4
Elapsed time is 0.590055 seconds.
n=800, N=600 | empirical mean (should be ~0): -0.00789361 | expectation: 1.9901
Eval n=800, NN=10000 | out-of-sample obj = 11.641325 | rep = 5
Elapsed time is 0.500146 seconds.
Average eval for n=800, N=600 over 5 reps = 11.476907
n=900, N=200 | empirical mean (should be ~0): 0.0165377 | expectation: 1.9901
Eval n=900, NN=10000 | out-of-sample obj = 23.529707 | rep = 1
Elapsed time is 0.554857 seconds.
n=900, N=200 | empirical mean (should be ~0): -0.00831055 | expectation: 1.9901
Eval n=900, NN=10000 | out-of-sample obj = 21.620763 | rep = 2
Elapsed time is 0.520263 seconds.
n=900, N=200 | empirical mean (should be ~0): -0.00979454 | expectation: 1.9901
Eval n=900, NN=10000 | out-of-sample obj = 21.194782 | rep = 3
Elapsed time is 0.533823 seconds.
n=900, N=200 | empirical mean (should be ~0): -0.000401474 | expectation: 1.9901
Eval n=900, NN=10000 | out-of-sample obj = 21.025669 | rep = 4
Elapsed time is 0.528008 seconds.
n=900, N=200 | empirical mean (should be ~0): -0.00926868 | expectation: 1.9901
Eval n=900, NN=10000 | out-of-sample obj = 20.565928 | rep = 5
Elapsed time is 0.533157 seconds.
Average eval for n=900, N=200 over 5 reps = 21.58737
n=900, N=400 | empirical mean (should be ~0): -3.32682e-05 | expectation: 1.9901
Eval n=900, NN=10000 | out-of-sample obj = 17.725251 | rep = 1
Elapsed time is 0.578515 seconds.
n=900, N=400 | empirical mean (should be ~0): 0.00665371 | expectation: 1.9901
Eval n=900, NN=10000 | out-of-sample obj = 17.758112 | rep = 2
Elapsed time is 0.568832 seconds.
n=900, N=400 | empirical mean (should be ~0): 0.00916964 | expectation: 1.9901
Eval n=900, NN=10000 | out-of-sample obj = 17.353829 | rep = 3
Elapsed time is 0.543086 seconds.
n=900, N=400 | empirical mean (should be ~0): -0.00768923 | expectation: 1.9901
Eval n=900, NN=10000 | out-of-sample obj = 18.030261 | rep = 4
Elapsed time is 0.615402 seconds.
n=900, N=400 | empirical mean (should be ~0): 0.0125956 | expectation: 1.9901
Eval n=900, NN=10000 | out-of-sample obj = 18.143736 | rep = 5
Elapsed time is 0.525962 seconds.
Average eval for n=900, N=400 over 5 reps = 17.802238
n=900, N=600 | empirical mean (should be ~0): 0.00180152 | expectation: 1.9901
Eval n=900, NN=10000 | out-of-sample obj = 15.44945 | rep = 1
Elapsed time is 0.559179 seconds.
n=900, N=600 | empirical mean (should be ~0): -0.00781746 | expectation: 1.9901
Eval n=900, NN=10000 | out-of-sample obj = 15.062199 | rep = 2
Elapsed time is 0.520031 seconds.
n=900, N=600 | empirical mean (should be ~0): 0.00653114 | expectation: 1.9901
Eval n=900, NN=10000 | out-of-sample obj = 14.097661 | rep = 3
Elapsed time is 0.610255 seconds.
n=900, N=600 | empirical mean (should be ~0): 0.00560821 | expectation: 1.9901
Eval n=900, NN=10000 | out-of-sample obj = 14.906236 | rep = 4
Elapsed time is 0.597774 seconds.
n=900, N=600 | empirical mean (should be ~0): 0.000998488 | expectation: 1.9901
Eval n=900, NN=10000 | out-of-sample obj = 14.036106 | rep = 5
Elapsed time is 0.585950 seconds.
Average eval for n=900, N=600 over 5 reps = 14.71033
n=1000, N=200 | empirical mean (should be ~0): 0.0130131 | expectation: 1.9901
Eval n=1000, NN=10000 | out-of-sample obj = 22.403728 | rep = 1
Elapsed time is 0.593188 seconds.
n=1000, N=200 | empirical mean (should be ~0): 0.00777469 | expectation: 1.9901
Eval n=1000, NN=10000 | out-of-sample obj = 22.326416 | rep = 2
Elapsed time is 0.603600 seconds.
n=1000, N=200 | empirical mean (should be ~0): -0.00124147 | expectation: 1.9901
Eval n=1000, NN=10000 | out-of-sample obj = 22.690975 | rep = 3
Elapsed time is 0.702853 seconds.
n=1000, N=200 | empirical mean (should be ~0): 0.00418558 | expectation: 1.9901
Eval n=1000, NN=10000 | out-of-sample obj = 21.53643 | rep = 4
Elapsed time is 0.606612 seconds.
n=1000, N=200 | empirical mean (should be ~0): -0.0194626 | expectation: 1.9901
Eval n=1000, NN=10000 | out-of-sample obj = 21.415932 | rep = 5
Elapsed time is 0.610752 seconds.
Average eval for n=1000, N=200 over 5 reps = 22.074696
n=1000, N=400 | empirical mean (should be ~0): -0.00247082 | expectation: 1.9901
Eval n=1000, NN=10000 | out-of-sample obj = 18.086217 | rep = 1
Elapsed time is 0.638666 seconds.
n=1000, N=400 | empirical mean (should be ~0): -0.00207421 | expectation: 1.9901
Eval n=1000, NN=10000 | out-of-sample obj = 19.028292 | rep = 2
Elapsed time is 0.594462 seconds.
n=1000, N=400 | empirical mean (should be ~0): -0.0072638 | expectation: 1.9901
Eval n=1000, NN=10000 | out-of-sample obj = 19.39007 | rep = 3
Elapsed time is 0.653594 seconds.
n=1000, N=400 | empirical mean (should be ~0): 0.00190473 | expectation: 1.9901
Eval n=1000, NN=10000 | out-of-sample obj = 18.934643 | rep = 4
Elapsed time is 0.569549 seconds.
n=1000, N=400 | empirical mean (should be ~0): 0.00321249 | expectation: 1.9901
Eval n=1000, NN=10000 | out-of-sample obj = 18.300521 | rep = 5
Elapsed time is 0.594533 seconds.
Average eval for n=1000, N=400 over 5 reps = 18.747949
n=1000, N=600 | empirical mean (should be ~0): -0.0030529 | expectation: 1.9901
Eval n=1000, NN=10000 | out-of-sample obj = 15.441223 | rep = 1
Elapsed time is 0.681689 seconds.
n=1000, N=600 | empirical mean (should be ~0): -0.00547759 | expectation: 1.9901
Eval n=1000, NN=10000 | out-of-sample obj = 15.532322 | rep = 2
Elapsed time is 0.670064 seconds.
n=1000, N=600 | empirical mean (should be ~0): 0.0019987 | expectation: 1.9901
Eval n=1000, NN=10000 | out-of-sample obj = 16.074919 | rep = 3
Elapsed time is 0.670070 seconds.
n=1000, N=600 | empirical mean (should be ~0): 0.0130152 | expectation: 1.9901
Eval n=1000, NN=10000 | out-of-sample obj = 15.589368 | rep = 4
Elapsed time is 0.692226 seconds.
n=1000, N=600 | empirical mean (should be ~0): -0.00281408 | expectation: 1.9901
Eval n=1000, NN=10000 | out-of-sample obj = 16.511113 | rep = 5
Elapsed time is 0.650703 seconds.
Average eval for n=1000, N=600 over 5 reps = 15.829789
n=1500, N=200 | empirical mean (should be ~0): 0.00638926 | expectation: 1.9901
Eval n=1500, NN=10000 | out-of-sample obj = 30.209879 | rep = 1
Elapsed time is 0.907536 seconds.
n=1500, N=200 | empirical mean (should be ~0): 0.00382695 | expectation: 1.9901
Eval n=1500, NN=10000 | out-of-sample obj = 27.663509 | rep = 2
Elapsed time is 0.836816 seconds.
n=1500, N=200 | empirical mean (should be ~0): -0.00279454 | expectation: 1.9901
Eval n=1500, NN=10000 | out-of-sample obj = 26.535509 | rep = 3
Elapsed time is 0.858684 seconds.
n=1500, N=200 | empirical mean (should be ~0): 0.00043294 | expectation: 1.9901
Eval n=1500, NN=10000 | out-of-sample obj = 25.918135 | rep = 4
Elapsed time is 0.870736 seconds.
n=1500, N=200 | empirical mean (should be ~0): -0.00498621 | expectation: 1.9901
Eval n=1500, NN=10000 | out-of-sample obj = 28.504243 | rep = 5
Elapsed time is 0.864903 seconds.
Average eval for n=1500, N=200 over 5 reps = 27.766255
n=1500, N=400 | empirical mean (should be ~0): 0.00146399 | expectation: 1.9901
Eval n=1500, NN=10000 | out-of-sample obj = 26.550904 | rep = 1
Elapsed time is 0.880537 seconds.
n=1500, N=400 | empirical mean (should be ~0): -0.00182619 | expectation: 1.9901
Eval n=1500, NN=10000 | out-of-sample obj = 26.061388 | rep = 2
Elapsed time is 0.864109 seconds.
n=1500, N=400 | empirical mean (should be ~0): -0.00331348 | expectation: 1.9901
Eval n=1500, NN=10000 | out-of-sample obj = 26.448619 | rep = 3
Elapsed time is 0.890015 seconds.
n=1500, N=400 | empirical mean (should be ~0): 0.000963925 | expectation: 1.9901
Eval n=1500, NN=10000 | out-of-sample obj = 24.447724 | rep = 4
Elapsed time is 0.908716 seconds.
n=1500, N=400 | empirical mean (should be ~0): -0.00281966 | expectation: 1.9901
Eval n=1500, NN=10000 | out-of-sample obj = 24.8571 | rep = 5
Elapsed time is 0.877181 seconds.
Average eval for n=1500, N=400 over 5 reps = 25.673147
n=1500, N=600 | empirical mean (should be ~0): 0.00214528 | expectation: 1.9901
Eval n=1500, NN=10000 | out-of-sample obj = 22.731109 | rep = 1
Elapsed time is 0.941904 seconds.
n=1500, N=600 | empirical mean (should be ~0): -0.000391109 | expectation: 1.9901
Eval n=1500, NN=10000 | out-of-sample obj = 23.027712 | rep = 2
Elapsed time is 0.921776 seconds.
n=1500, N=600 | empirical mean (should be ~0): 0.00135176 | expectation: 1.9901
Eval n=1500, NN=10000 | out-of-sample obj = 22.346184 | rep = 3
Elapsed time is 0.901437 seconds.
n=1500, N=600 | empirical mean (should be ~0): 0.00598444 | expectation: 1.9901
Eval n=1500, NN=10000 | out-of-sample obj = 23.650781 | rep = 4
Elapsed time is 0.900471 seconds.
n=1500, N=600 | empirical mean (should be ~0): -0.00349912 | expectation: 1.9901
Eval n=1500, NN=10000 | out-of-sample obj = 22.799638 | rep = 5
Elapsed time is 0.948245 seconds.
Average eval for n=1500, N=600 over 5 reps = 22.911085
n=2000, N=200 | empirical mean (should be ~0): 0.00184015 | expectation: 1.9901
Eval n=2000, NN=10000 | out-of-sample obj = 32.706343 | rep = 1
Elapsed time is 1.296784 seconds.
n=2000, N=200 | empirical mean (should be ~0): -0.00748286 | expectation: 1.9901
Eval n=2000, NN=10000 | out-of-sample obj = 32.18736 | rep = 2
Elapsed time is 1.215645 seconds.
n=2000, N=200 | empirical mean (should be ~0): 0.000149544 | expectation: 1.9901
Eval n=2000, NN=10000 | out-of-sample obj = 33.25357 | rep = 3
Elapsed time is 1.827404 seconds.
n=2000, N=200 | empirical mean (should be ~0): -0.00101839 | expectation: 1.9901
Eval n=2000, NN=10000 | out-of-sample obj = 33.198795 | rep = 4
Elapsed time is 1.205293 seconds.
n=2000, N=200 | empirical mean (should be ~0): 0.00594647 | expectation: 1.9901
Eval n=2000, NN=10000 | out-of-sample obj = 32.770285 | rep = 5
Elapsed time is 1.161208 seconds.
Average eval for n=2000, N=200 over 5 reps = 32.823271
n=2000, N=400 | empirical mean (should be ~0): -0.00668189 | expectation: 1.9901
Eval n=2000, NN=10000 | out-of-sample obj = 31.500451 | rep = 1
Elapsed time is 1.262204 seconds.
n=2000, N=400 | empirical mean (should be ~0): 0.00184717 | expectation: 1.9901
Eval n=2000, NN=10000 | out-of-sample obj = 31.484883 | rep = 2
Elapsed time is 1.282356 seconds.
n=2000, N=400 | empirical mean (should be ~0): -0.00287673 | expectation: 1.9901
Eval n=2000, NN=10000 | out-of-sample obj = 30.929191 | rep = 3
Elapsed time is 1.269254 seconds.
n=2000, N=400 | empirical mean (should be ~0): 0.00144396 | expectation: 1.9901
Eval n=2000, NN=10000 | out-of-sample obj = 30.6446 | rep = 4
Elapsed time is 1.307733 seconds.
n=2000, N=400 | empirical mean (should be ~0): -0.00143179 | expectation: 1.9901
Eval n=2000, NN=10000 | out-of-sample obj = 30.989822 | rep = 5
Elapsed time is 1.310883 seconds.
Average eval for n=2000, N=400 over 5 reps = 31.109789
n=2000, N=600 | empirical mean (should be ~0): -0.00449688 | expectation: 1.9901
Eval n=2000, NN=10000 | out-of-sample obj = 29.099415 | rep = 1
Elapsed time is 1.304225 seconds.
n=2000, N=600 | empirical mean (should be ~0): -0.000129979 | expectation: 1.9901
Eval n=2000, NN=10000 | out-of-sample obj = 29.607072 | rep = 2
Elapsed time is 1.260802 seconds.
n=2000, N=600 | empirical mean (should be ~0): 0.00175358 | expectation: 1.9901
Eval n=2000, NN=10000 | out-of-sample obj = 29.64894 | rep = 3
Elapsed time is 1.386536 seconds.
n=2000, N=600 | empirical mean (should be ~0): 0.00191969 | expectation: 1.9901
Eval n=2000, NN=10000 | out-of-sample obj = 29.290282 | rep = 4
Elapsed time is 1.269830 seconds.
n=2000, N=600 | empirical mean (should be ~0): 0.00607586 | expectation: 1.9901
Eval n=2000, NN=10000 | out-of-sample obj = 28.78233 | rep = 5
Elapsed time is 1.361088 seconds.
Average eval for n=2000, N=600 over 5 reps = 29.285608
n=5000, N=200 | empirical mean (should be ~0): -0.0114225 | expectation: 1.9901
Eval n=5000, NN=10000 | out-of-sample obj = 60.333615 | rep = 1
Elapsed time is 3.172730 seconds.
n=5000, N=200 | empirical mean (should be ~0): -0.00283099 | expectation: 1.9901
Eval n=5000, NN=10000 | out-of-sample obj = 58.929971 | rep = 2
Elapsed time is 3.317436 seconds.
n=5000, N=200 | empirical mean (should be ~0): -0.00135702 | expectation: 1.9901
Eval n=5000, NN=10000 | out-of-sample obj = 56.915137 | rep = 3
Elapsed time is 3.100036 seconds.
n=5000, N=200 | empirical mean (should be ~0): 0.00218285 | expectation: 1.9901
Eval n=5000, NN=10000 | out-of-sample obj = 59.164354 | rep = 4
Elapsed time is 2.886061 seconds.
n=5000, N=200 | empirical mean (should be ~0): 0.000559054 | expectation: 1.9901
Eval n=5000, NN=10000 | out-of-sample obj = 61.331964 | rep = 5
Elapsed time is 3.010038 seconds.
Average eval for n=5000, N=200 over 5 reps = 59.335008
n=5000, N=400 | empirical mean (should be ~0): -0.00178532 | expectation: 1.9901
Eval n=5000, NN=10000 | out-of-sample obj = 56.843695 | rep = 1
Elapsed time is 3.317591 seconds.
n=5000, N=400 | empirical mean (should be ~0): -0.00123357 | expectation: 1.9901
Eval n=5000, NN=10000 | out-of-sample obj = 56.640595 | rep = 2
Elapsed time is 3.154761 seconds.
n=5000, N=400 | empirical mean (should be ~0): -0.000224433 | expectation: 1.9901
Eval n=5000, NN=10000 | out-of-sample obj = 57.876379 | rep = 3
Elapsed time is 3.274004 seconds.
n=5000, N=400 | empirical mean (should be ~0): 0.000283197 | expectation: 1.9901
Eval n=5000, NN=10000 | out-of-sample obj = 57.350053 | rep = 4
Elapsed time is 3.269026 seconds.
n=5000, N=400 | empirical mean (should be ~0): 0.00363684 | expectation: 1.9901
Eval n=5000, NN=10000 | out-of-sample obj = 56.317572 | rep = 5
Elapsed time is 3.244544 seconds.
Average eval for n=5000, N=400 over 5 reps = 57.005659
n=5000, N=600 | empirical mean (should be ~0): 0.00616045 | expectation: 1.9901
Eval n=5000, NN=10000 | out-of-sample obj = 55.302203 | rep = 1
Elapsed time is 3.151762 seconds.
n=5000, N=600 | empirical mean (should be ~0): 0.00093647 | expectation: 1.9901
Eval n=5000, NN=10000 | out-of-sample obj = 55.131268 | rep = 2
Elapsed time is 3.119937 seconds.
n=5000, N=600 | empirical mean (should be ~0): -0.0010523 | expectation: 1.9901
Eval n=5000, NN=10000 | out-of-sample obj = 55.709769 | rep = 3
Elapsed time is 3.078521 seconds.
n=5000, N=600 | empirical mean (should be ~0): 0.000169993 | expectation: 1.9901
Eval n=5000, NN=10000 | out-of-sample obj = 53.234638 | rep = 4
Elapsed time is 2.967213 seconds.
n=5000, N=600 | empirical mean (should be ~0): -0.00303655 | expectation: 1.9901
Eval n=5000, NN=10000 | out-of-sample obj = 53.791011 | rep = 5
Elapsed time is 3.479509 seconds.
Average eval for n=5000, N=600 over 5 reps = 54.633778
Error using save
Unable to write to file
'/blue/yu.yang1/haoran.liu/SAA_heavy_tail/experiment_results_replications_2_shrink_20251019_063743.mat'
because it appears to be corrupt.

Error in SAA_varyingN_replication_2_new_shrink (line 203)

Error in run (line 112)
evalin('caller', strcat(scriptStem, ';'));
^^^^^^^^^^^^^^^^^^^^^^^^^^^^^^^^^^^^^^^^^
