
                            < M A T L A B (R) >
                  Copyright 1984-2024 The MathWorks, Inc.
             R2024b Update 1 (24.2.0.2740171) 64-bit (glnxa64)
                             September 20, 2024

 
To get started, type doc.
For product information, visit www.mathworks.com.
 
n=100, N=200 | empirical mean (should be ~0): 0.0423886 | expectation: 1.9901
Eval n=100, NN=10000 | out-of-sample obj = 1.7733546 | rep = 1
Elapsed time is 0.056851 seconds.
n=100, N=200 | empirical mean (should be ~0): 0.00119748 | expectation: 1.9901
Eval n=100, NN=10000 | out-of-sample obj = 1.7741501 | rep = 2
Elapsed time is 0.060445 seconds.
n=100, N=200 | empirical mean (should be ~0): -0.0236917 | expectation: 1.9901
Eval n=100, NN=10000 | out-of-sample obj = 1.7792214 | rep = 3
Elapsed time is 0.056125 seconds.
n=100, N=200 | empirical mean (should be ~0): 0.0447745 | expectation: 1.9901
Eval n=100, NN=10000 | out-of-sample obj = 1.7751375 | rep = 4
Elapsed time is 0.073106 seconds.
n=100, N=200 | empirical mean (should be ~0): -0.0136858 | expectation: 1.9901
Eval n=100, NN=10000 | out-of-sample obj = 1.772131 | rep = 5
Elapsed time is 0.058234 seconds.
Average eval for n=100, N=200 over 5 reps = 1.7747989
n=100, N=400 | empirical mean (should be ~0): 0.0129755 | expectation: 1.9901
Eval n=100, NN=10000 | out-of-sample obj = 1.7623115 | rep = 1
Elapsed time is 0.057786 seconds.
n=100, N=400 | empirical mean (should be ~0): 0.00727094 | expectation: 1.9901
Eval n=100, NN=10000 | out-of-sample obj = 1.7594871 | rep = 2
Elapsed time is 0.052683 seconds.
n=100, N=400 | empirical mean (should be ~0): -0.0044497 | expectation: 1.9901
Eval n=100, NN=10000 | out-of-sample obj = 1.7585298 | rep = 3
Elapsed time is 0.054905 seconds.
n=100, N=400 | empirical mean (should be ~0): -0.000591535 | expectation: 1.9901
Eval n=100, NN=10000 | out-of-sample obj = 1.7585927 | rep = 4
Elapsed time is 0.054517 seconds.
n=100, N=400 | empirical mean (should be ~0): 0.145594 | expectation: 1.9901
Eval n=100, NN=10000 | out-of-sample obj = 1.7592513 | rep = 5
Elapsed time is 0.052812 seconds.
Average eval for n=100, N=400 over 5 reps = 1.7596345
n=100, N=600 | empirical mean (should be ~0): 0.0065521 | expectation: 1.9901
Eval n=100, NN=10000 | out-of-sample obj = 1.7523272 | rep = 1
Elapsed time is 0.053114 seconds.
n=100, N=600 | empirical mean (should be ~0): -0.00243075 | expectation: 1.9901
Eval n=100, NN=10000 | out-of-sample obj = 1.7530662 | rep = 2
Elapsed time is 0.079929 seconds.
n=100, N=600 | empirical mean (should be ~0): 0.0207238 | expectation: 1.9901
Eval n=100, NN=10000 | out-of-sample obj = 1.753211 | rep = 3
Elapsed time is 0.057145 seconds.
n=100, N=600 | empirical mean (should be ~0): -0.000195638 | expectation: 1.9901
Eval n=100, NN=10000 | out-of-sample obj = 1.7530381 | rep = 4
Elapsed time is 0.056308 seconds.
n=100, N=600 | empirical mean (should be ~0): 0.0162982 | expectation: 1.9901
Eval n=100, NN=10000 | out-of-sample obj = 1.7552662 | rep = 5
Elapsed time is 0.055019 seconds.
Average eval for n=100, N=600 over 5 reps = 1.7533818
n=200, N=200 | empirical mean (should be ~0): -0.00392517 | expectation: 1.9901
Eval n=200, NN=10000 | out-of-sample obj = 2.0867529 | rep = 1
Elapsed time is 0.116996 seconds.
n=200, N=200 | empirical mean (should be ~0): 0.0162201 | expectation: 1.9901
Eval n=200, NN=10000 | out-of-sample obj = 2.2631274 | rep = 2
Elapsed time is 0.129792 seconds.
n=200, N=200 | empirical mean (should be ~0): 0.00213392 | expectation: 1.9901
Eval n=200, NN=10000 | out-of-sample obj = 2.1022829 | rep = 3
Elapsed time is 0.113781 seconds.
n=200, N=200 | empirical mean (should be ~0): 0.019799 | expectation: 1.9901
Eval n=200, NN=10000 | out-of-sample obj = 2.0928999 | rep = 4
Elapsed time is 0.112308 seconds.
n=200, N=200 | empirical mean (should be ~0): -0.0285451 | expectation: 1.9901
Eval n=200, NN=10000 | out-of-sample obj = 2.0493067 | rep = 5
Elapsed time is 0.112084 seconds.
Average eval for n=200, N=200 over 5 reps = 2.118874
n=200, N=400 | empirical mean (should be ~0): -0.00373774 | expectation: 1.9901
Eval n=200, NN=10000 | out-of-sample obj = 1.7569738 | rep = 1
Elapsed time is 0.107778 seconds.
n=200, N=400 | empirical mean (should be ~0): -0.0228755 | expectation: 1.9901
Eval n=200, NN=10000 | out-of-sample obj = 1.753986 | rep = 2
Elapsed time is 0.105324 seconds.
n=200, N=400 | empirical mean (should be ~0): -0.0102621 | expectation: 1.9901
Eval n=200, NN=10000 | out-of-sample obj = 1.7567298 | rep = 3
Elapsed time is 0.105252 seconds.
n=200, N=400 | empirical mean (should be ~0): -0.00672664 | expectation: 1.9901
Eval n=200, NN=10000 | out-of-sample obj = 1.7550226 | rep = 4
Elapsed time is 0.109371 seconds.
n=200, N=400 | empirical mean (should be ~0): -0.00952941 | expectation: 1.9901
Eval n=200, NN=10000 | out-of-sample obj = 1.7554785 | rep = 5
Elapsed time is 0.107866 seconds.
Average eval for n=200, N=400 over 5 reps = 1.7556382
n=200, N=600 | empirical mean (should be ~0): 0.0002389 | expectation: 1.9901
Eval n=200, NN=10000 | out-of-sample obj = 1.7459745 | rep = 1
Elapsed time is 0.106890 seconds.
n=200, N=600 | empirical mean (should be ~0): 0.0039431 | expectation: 1.9901
Eval n=200, NN=10000 | out-of-sample obj = 1.7464763 | rep = 2
Elapsed time is 0.197315 seconds.
n=200, N=600 | empirical mean (should be ~0): 0.000743546 | expectation: 1.9901
Eval n=200, NN=10000 | out-of-sample obj = 1.7456844 | rep = 3
Elapsed time is 0.118203 seconds.
n=200, N=600 | empirical mean (should be ~0): 0.0129142 | expectation: 1.9901
Eval n=200, NN=10000 | out-of-sample obj = 1.7476314 | rep = 4
Elapsed time is 0.111027 seconds.
n=200, N=600 | empirical mean (should be ~0): -0.006237 | expectation: 1.9901
Eval n=200, NN=10000 | out-of-sample obj = 1.7478302 | rep = 5
Elapsed time is 0.120921 seconds.
Average eval for n=200, N=600 over 5 reps = 1.7467194
n=300, N=200 | empirical mean (should be ~0): -0.00155892 | expectation: 1.9901
Eval n=300, NN=10000 | out-of-sample obj = 7.1631629 | rep = 1
Elapsed time is 0.189587 seconds.
n=300, N=200 | empirical mean (should be ~0): 0.00554285 | expectation: 1.9901
Eval n=300, NN=10000 | out-of-sample obj = 7.9523744 | rep = 2
Elapsed time is 0.192961 seconds.
n=300, N=200 | empirical mean (should be ~0): 0.00181364 | expectation: 1.9901
Eval n=300, NN=10000 | out-of-sample obj = 7.9939369 | rep = 3
Elapsed time is 0.186508 seconds.
n=300, N=200 | empirical mean (should be ~0): 0.0175216 | expectation: 1.9901
Eval n=300, NN=10000 | out-of-sample obj = 7.6201562 | rep = 4
Elapsed time is 0.158444 seconds.
n=300, N=200 | empirical mean (should be ~0): 0.0154062 | expectation: 1.9901
Eval n=300, NN=10000 | out-of-sample obj = 7.7073237 | rep = 5
Elapsed time is 0.164679 seconds.
Average eval for n=300, N=200 over 5 reps = 7.6873908
n=300, N=400 | empirical mean (should be ~0): -0.00213509 | expectation: 1.9901
Eval n=300, NN=10000 | out-of-sample obj = 1.7588671 | rep = 1
Elapsed time is 0.172257 seconds.
n=300, N=400 | empirical mean (should be ~0): 0.00249461 | expectation: 1.9901
Eval n=300, NN=10000 | out-of-sample obj = 1.7544518 | rep = 2
Elapsed time is 0.189807 seconds.
n=300, N=400 | empirical mean (should be ~0): -0.00503137 | expectation: 1.9901
Eval n=300, NN=10000 | out-of-sample obj = 1.7636863 | rep = 3
Elapsed time is 0.167851 seconds.
n=300, N=400 | empirical mean (should be ~0): 0.0173116 | expectation: 1.9901
Eval n=300, NN=10000 | out-of-sample obj = 1.764761 | rep = 4
Elapsed time is 0.173228 seconds.
n=300, N=400 | empirical mean (should be ~0): -0.0191273 | expectation: 1.9901
Eval n=300, NN=10000 | out-of-sample obj = 1.7709614 | rep = 5
Elapsed time is 0.173851 seconds.
Average eval for n=300, N=400 over 5 reps = 1.7625455
n=300, N=600 | empirical mean (should be ~0): -0.00286944 | expectation: 1.9901
Eval n=300, NN=10000 | out-of-sample obj = 1.7467805 | rep = 1
Elapsed time is 0.172627 seconds.
n=300, N=600 | empirical mean (should be ~0): -0.00255268 | expectation: 1.9901
Eval n=300, NN=10000 | out-of-sample obj = 1.7476376 | rep = 2
Elapsed time is 0.178749 seconds.
n=300, N=600 | empirical mean (should be ~0): -0.00927236 | expectation: 1.9901
Eval n=300, NN=10000 | out-of-sample obj = 1.7433353 | rep = 3
Elapsed time is 0.173098 seconds.
n=300, N=600 | empirical mean (should be ~0): -0.00656417 | expectation: 1.9901
Eval n=300, NN=10000 | out-of-sample obj = 1.7525613 | rep = 4
Elapsed time is 0.163428 seconds.
n=300, N=600 | empirical mean (should be ~0): -0.00394752 | expectation: 1.9901
Eval n=300, NN=10000 | out-of-sample obj = 1.7458319 | rep = 5
Elapsed time is 0.168338 seconds.
Average eval for n=300, N=600 over 5 reps = 1.7472293
n=400, N=200 | empirical mean (should be ~0): 0.0248731 | expectation: 1.9901
Eval n=400, NN=10000 | out-of-sample obj = 10.433287 | rep = 1
Elapsed time is 0.243750 seconds.
n=400, N=200 | empirical mean (should be ~0): -0.0059 | expectation: 1.9901
Eval n=400, NN=10000 | out-of-sample obj = 10.789631 | rep = 2
Elapsed time is 0.252648 seconds.
n=400, N=200 | empirical mean (should be ~0): 0.00212139 | expectation: 1.9901
Eval n=400, NN=10000 | out-of-sample obj = 9.4155122 | rep = 3
Elapsed time is 0.234056 seconds.
n=400, N=200 | empirical mean (should be ~0): -0.0153891 | expectation: 1.9901
Eval n=400, NN=10000 | out-of-sample obj = 10.391215 | rep = 4
Elapsed time is 0.233538 seconds.
n=400, N=200 | empirical mean (should be ~0): -0.00275555 | expectation: 1.9901
Eval n=400, NN=10000 | out-of-sample obj = 10.655082 | rep = 5
Elapsed time is 0.249925 seconds.
Average eval for n=400, N=200 over 5 reps = 10.336946
n=400, N=400 | empirical mean (should be ~0): 0.0113114 | expectation: 1.9901
Eval n=400, NN=10000 | out-of-sample obj = 2.4938537 | rep = 1
Elapsed time is 0.246632 seconds.
n=400, N=400 | empirical mean (should be ~0): -0.000952666 | expectation: 1.9901
Eval n=400, NN=10000 | out-of-sample obj = 1.9660419 | rep = 2
Elapsed time is 0.248652 seconds.
n=400, N=400 | empirical mean (should be ~0): 0.00477423 | expectation: 1.9901
Eval n=400, NN=10000 | out-of-sample obj = 2.0796674 | rep = 3
Elapsed time is 0.245350 seconds.
n=400, N=400 | empirical mean (should be ~0): -0.0109763 | expectation: 1.9901
Eval n=400, NN=10000 | out-of-sample obj = 2.0499304 | rep = 4
Elapsed time is 0.255342 seconds.
n=400, N=400 | empirical mean (should be ~0): -0.0236761 | expectation: 1.9901
Eval n=400, NN=10000 | out-of-sample obj = 2.9329403 | rep = 5
Elapsed time is 0.248123 seconds.
Average eval for n=400, N=400 over 5 reps = 2.3044867
n=400, N=600 | empirical mean (should be ~0): -0.00263348 | expectation: 1.9901
Eval n=400, NN=10000 | out-of-sample obj = 1.7892599 | rep = 1
Elapsed time is 0.246757 seconds.
n=400, N=600 | empirical mean (should be ~0): 0.000616168 | expectation: 1.9901
Eval n=400, NN=10000 | out-of-sample obj = 1.7515067 | rep = 2
Elapsed time is 0.239261 seconds.
n=400, N=600 | empirical mean (should be ~0): -0.00480849 | expectation: 1.9901
Eval n=400, NN=10000 | out-of-sample obj = 1.7868719 | rep = 3
Elapsed time is 0.238868 seconds.
n=400, N=600 | empirical mean (should be ~0): -0.00655623 | expectation: 1.9901
Eval n=400, NN=10000 | out-of-sample obj = 1.7732871 | rep = 4
Elapsed time is 0.247166 seconds.
n=400, N=600 | empirical mean (should be ~0): 0.00726272 | expectation: 1.9901
Eval n=400, NN=10000 | out-of-sample obj = 1.7676571 | rep = 5
Elapsed time is 0.235947 seconds.
Average eval for n=400, N=600 over 5 reps = 1.7737165
n=500, N=200 | empirical mean (should be ~0): 0.00432042 | expectation: 1.9901
Eval n=500, NN=10000 | out-of-sample obj = 13.010395 | rep = 1
Elapsed time is 0.291471 seconds.
n=500, N=200 | empirical mean (should be ~0): 0.021561 | expectation: 1.9901
Eval n=500, NN=10000 | out-of-sample obj = 12.95758 | rep = 2
Elapsed time is 0.348355 seconds.
n=500, N=200 | empirical mean (should be ~0): 0.0051218 | expectation: 1.9901
Eval n=500, NN=10000 | out-of-sample obj = 12.436634 | rep = 3
Elapsed time is 0.291148 seconds.
n=500, N=200 | empirical mean (should be ~0): 0.00265312 | expectation: 1.9901
Eval n=500, NN=10000 | out-of-sample obj = 13.05044 | rep = 4
Elapsed time is 0.322579 seconds.
n=500, N=200 | empirical mean (should be ~0): -0.00452187 | expectation: 1.9901
Eval n=500, NN=10000 | out-of-sample obj = 13.080185 | rep = 5
Elapsed time is 0.307152 seconds.
Average eval for n=500, N=200 over 5 reps = 12.907047
n=500, N=400 | empirical mean (should be ~0): -0.00316841 | expectation: 1.9901
Eval n=500, NN=10000 | out-of-sample obj = 8.2736396 | rep = 1
Elapsed time is 0.318791 seconds.
n=500, N=400 | empirical mean (should be ~0): -0.00212254 | expectation: 1.9901
Eval n=500, NN=10000 | out-of-sample obj = 9.5377357 | rep = 2
Elapsed time is 0.333280 seconds.
n=500, N=400 | empirical mean (should be ~0): 0.00684853 | expectation: 1.9901
Eval n=500, NN=10000 | out-of-sample obj = 7.7766188 | rep = 3
Elapsed time is 0.296640 seconds.
n=500, N=400 | empirical mean (should be ~0): -0.00576606 | expectation: 1.9901
Eval n=500, NN=10000 | out-of-sample obj = 7.4441211 | rep = 4
Elapsed time is 0.313890 seconds.
n=500, N=400 | empirical mean (should be ~0): -0.00968688 | expectation: 1.9901
Eval n=500, NN=10000 | out-of-sample obj = 7.9444375 | rep = 5
Elapsed time is 0.300738 seconds.
Average eval for n=500, N=400 over 5 reps = 8.1953105
n=500, N=600 | empirical mean (should be ~0): -0.00280621 | expectation: 1.9901
Eval n=500, NN=10000 | out-of-sample obj = 1.8159286 | rep = 1
Elapsed time is 0.294911 seconds.
n=500, N=600 | empirical mean (should be ~0): -0.0064993 | expectation: 1.9901
Eval n=500, NN=10000 | out-of-sample obj = 1.7842739 | rep = 2
Elapsed time is 0.317890 seconds.
n=500, N=600 | empirical mean (should be ~0): -0.00323361 | expectation: 1.9901
Eval n=500, NN=10000 | out-of-sample obj = 1.7606125 | rep = 3
Elapsed time is 0.291002 seconds.
n=500, N=600 | empirical mean (should be ~0): -0.0150748 | expectation: 1.9901
Eval n=500, NN=10000 | out-of-sample obj = 1.8503457 | rep = 4
Elapsed time is 0.302676 seconds.
n=500, N=600 | empirical mean (should be ~0): -0.00704081 | expectation: 1.9901
Eval n=500, NN=10000 | out-of-sample obj = 1.7680922 | rep = 5
Elapsed time is 0.751496 seconds.
Average eval for n=500, N=600 over 5 reps = 1.7958506
n=600, N=200 | empirical mean (should be ~0): -0.00537888 | expectation: 1.9901
Eval n=600, NN=10000 | out-of-sample obj = 15.134614 | rep = 1
Elapsed time is 0.367527 seconds.
n=600, N=200 | empirical mean (should be ~0): 0.0255586 | expectation: 1.9901
Eval n=600, NN=10000 | out-of-sample obj = 14.952785 | rep = 2
Elapsed time is 0.359369 seconds.
n=600, N=200 | empirical mean (should be ~0): -0.00421357 | expectation: 1.9901
Eval n=600, NN=10000 | out-of-sample obj = 14.457452 | rep = 3
Elapsed time is 0.553922 seconds.
n=600, N=200 | empirical mean (should be ~0): -0.01088 | expectation: 1.9901
Eval n=600, NN=10000 | out-of-sample obj = 14.638386 | rep = 4
Elapsed time is 0.357938 seconds.
n=600, N=200 | empirical mean (should be ~0): -0.0249685 | expectation: 1.9901
Eval n=600, NN=10000 | out-of-sample obj = 14.032462 | rep = 5
Elapsed time is 0.366120 seconds.
Average eval for n=600, N=200 over 5 reps = 14.64314
n=600, N=400 | empirical mean (should be ~0): -0.00273255 | expectation: 1.9901
Eval n=600, NN=10000 | out-of-sample obj = 10.510123 | rep = 1
Elapsed time is 0.377939 seconds.
n=600, N=400 | empirical mean (should be ~0): -0.00085654 | expectation: 1.9901
Eval n=600, NN=10000 | out-of-sample obj = 10.31188 | rep = 2
Elapsed time is 0.366823 seconds.
n=600, N=400 | empirical mean (should be ~0): 0.00819022 | expectation: 1.9901
Eval n=600, NN=10000 | out-of-sample obj = 10.788911 | rep = 3
Elapsed time is 0.381730 seconds.
n=600, N=400 | empirical mean (should be ~0): -0.00641587 | expectation: 1.9901
Eval n=600, NN=10000 | out-of-sample obj = 10.257418 | rep = 4
Elapsed time is 0.363024 seconds.
n=600, N=400 | empirical mean (should be ~0): 0.00469137 | expectation: 1.9901
Eval n=600, NN=10000 | out-of-sample obj = 10.631053 | rep = 5
Elapsed time is 0.387406 seconds.
Average eval for n=600, N=400 over 5 reps = 10.499877
n=600, N=600 | empirical mean (should be ~0): -0.00608952 | expectation: 1.9901
Eval n=600, NN=10000 | out-of-sample obj = 2.5949667 | rep = 1
Elapsed time is 0.380132 seconds.
n=600, N=600 | empirical mean (should be ~0): -0.00675851 | expectation: 1.9901
Eval n=600, NN=10000 | out-of-sample obj = 2.5899171 | rep = 2
Elapsed time is 0.373575 seconds.
n=600, N=600 | empirical mean (should be ~0): -0.000632242 | expectation: 1.9901
Eval n=600, NN=10000 | out-of-sample obj = 1.9298165 | rep = 3
Elapsed time is 0.374348 seconds.
n=600, N=600 | empirical mean (should be ~0): -0.0009976 | expectation: 1.9901
Eval n=600, NN=10000 | out-of-sample obj = 2.509327 | rep = 4
Elapsed time is 0.391335 seconds.
n=600, N=600 | empirical mean (should be ~0): 0.00851921 | expectation: 1.9901
Eval n=600, NN=10000 | out-of-sample obj = 2.3682351 | rep = 5
Elapsed time is 0.391104 seconds.
Average eval for n=600, N=600 over 5 reps = 2.3984525
n=700, N=200 | empirical mean (should be ~0): 0.0183086 | expectation: 1.9901
Eval n=700, NN=10000 | out-of-sample obj = 17.363284 | rep = 1
Elapsed time is 0.464627 seconds.
n=700, N=200 | empirical mean (should be ~0): -0.00702194 | expectation: 1.9901
Eval n=700, NN=10000 | out-of-sample obj = 16.642792 | rep = 2
Elapsed time is 0.454704 seconds.
n=700, N=200 | empirical mean (should be ~0): 0.00222624 | expectation: 1.9901
Eval n=700, NN=10000 | out-of-sample obj = 15.515086 | rep = 3
Elapsed time is 0.443618 seconds.
n=700, N=200 | empirical mean (should be ~0): -0.0122091 | expectation: 1.9901
Eval n=700, NN=10000 | out-of-sample obj = 17.754419 | rep = 4
Elapsed time is 0.448047 seconds.
n=700, N=200 | empirical mean (should be ~0): -0.00149295 | expectation: 1.9901
Eval n=700, NN=10000 | out-of-sample obj = 17.076435 | rep = 5
Elapsed time is 0.451008 seconds.
Average eval for n=700, N=200 over 5 reps = 16.870403
n=700, N=400 | empirical mean (should be ~0): 0.00637765 | expectation: 1.9901
Eval n=700, NN=10000 | out-of-sample obj = 13.206934 | rep = 1
Elapsed time is 0.575129 seconds.
n=700, N=400 | empirical mean (should be ~0): 0.00568837 | expectation: 1.9901
Eval n=700, NN=10000 | out-of-sample obj = 14.035565 | rep = 2
Elapsed time is 0.425262 seconds.
n=700, N=400 | empirical mean (should be ~0): -0.0128861 | expectation: 1.9901
Eval n=700, NN=10000 | out-of-sample obj = 13.793786 | rep = 3
Elapsed time is 0.436370 seconds.
n=700, N=400 | empirical mean (should be ~0): -0.00125191 | expectation: 1.9901
Eval n=700, NN=10000 | out-of-sample obj = 13.21599 | rep = 4
Elapsed time is 0.423118 seconds.
n=700, N=400 | empirical mean (should be ~0): -0.000209627 | expectation: 1.9901
Eval n=700, NN=10000 | out-of-sample obj = 13.977552 | rep = 5
Elapsed time is 0.443504 seconds.
Average eval for n=700, N=400 over 5 reps = 13.645965
n=700, N=600 | empirical mean (should be ~0): 0.0124286 | expectation: 1.9901
Eval n=700, NN=10000 | out-of-sample obj = 9.272454 | rep = 1
Elapsed time is 0.435428 seconds.
n=700, N=600 | empirical mean (should be ~0): -0.0018609 | expectation: 1.9901
Eval n=700, NN=10000 | out-of-sample obj = 8.5215705 | rep = 2
Elapsed time is 0.474352 seconds.
n=700, N=600 | empirical mean (should be ~0): 0.00492867 | expectation: 1.9901
Eval n=700, NN=10000 | out-of-sample obj = 7.8623699 | rep = 3
Elapsed time is 0.431360 seconds.
n=700, N=600 | empirical mean (should be ~0): -0.00636772 | expectation: 1.9901
Eval n=700, NN=10000 | out-of-sample obj = 8.5458114 | rep = 4
Elapsed time is 0.429222 seconds.
n=700, N=600 | empirical mean (should be ~0): 0.001705 | expectation: 1.9901
Eval n=700, NN=10000 | out-of-sample obj = 7.5949306 | rep = 5
Elapsed time is 0.428273 seconds.
Average eval for n=700, N=600 over 5 reps = 8.3594273
n=800, N=200 | empirical mean (should be ~0): -0.0159851 | expectation: 1.9901
Eval n=800, NN=10000 | out-of-sample obj = 18.991249 | rep = 1
Elapsed time is 0.500570 seconds.
n=800, N=200 | empirical mean (should be ~0): 0.00031247 | expectation: 1.9901
Eval n=800, NN=10000 | out-of-sample obj = 18.470353 | rep = 2
Elapsed time is 0.520867 seconds.
n=800, N=200 | empirical mean (should be ~0): 0.00298736 | expectation: 1.9901
Eval n=800, NN=10000 | out-of-sample obj = 18.666578 | rep = 3
Elapsed time is 0.504447 seconds.
n=800, N=200 | empirical mean (should be ~0): -0.00137861 | expectation: 1.9901
Eval n=800, NN=10000 | out-of-sample obj = 18.140993 | rep = 4
Elapsed time is 0.493357 seconds.
n=800, N=200 | empirical mean (should be ~0): 0.0025772 | expectation: 1.9901
Eval n=800, NN=10000 | out-of-sample obj = 18.251334 | rep = 5
Elapsed time is 0.474311 seconds.
Average eval for n=800, N=200 over 5 reps = 18.504101
n=800, N=400 | empirical mean (should be ~0): 0.00274107 | expectation: 1.9901
Eval n=800, NN=10000 | out-of-sample obj = 14.379739 | rep = 1
Elapsed time is 0.464028 seconds.
n=800, N=400 | empirical mean (should be ~0): -0.000370083 | expectation: 1.9901
Eval n=800, NN=10000 | out-of-sample obj = 14.404281 | rep = 2
Elapsed time is 0.487332 seconds.
n=800, N=400 | empirical mean (should be ~0): -0.00259839 | expectation: 1.9901
Eval n=800, NN=10000 | out-of-sample obj = 14.34129 | rep = 3
Elapsed time is 0.505868 seconds.
n=800, N=400 | empirical mean (should be ~0): 0.00222288 | expectation: 1.9901
Eval n=800, NN=10000 | out-of-sample obj = 15.686886 | rep = 4
Elapsed time is 0.504529 seconds.
n=800, N=400 | empirical mean (should be ~0): -0.0078985 | expectation: 1.9901
Eval n=800, NN=10000 | out-of-sample obj = 15.438843 | rep = 5
Elapsed time is 0.493363 seconds.
Average eval for n=800, N=400 over 5 reps = 14.850208
n=800, N=600 | empirical mean (should be ~0): 0.00205231 | expectation: 1.9901
Eval n=800, NN=10000 | out-of-sample obj = 10.400672 | rep = 1
Elapsed time is 0.478058 seconds.
n=800, N=600 | empirical mean (should be ~0): 0.00218788 | expectation: 1.9901
Eval n=800, NN=10000 | out-of-sample obj = 10.546928 | rep = 2
Elapsed time is 0.656156 seconds.
n=800, N=600 | empirical mean (should be ~0): -0.00654928 | expectation: 1.9901
Eval n=800, NN=10000 | out-of-sample obj = 10.957434 | rep = 3
Elapsed time is 0.481668 seconds.
n=800, N=600 | empirical mean (should be ~0): -0.00808064 | expectation: 1.9901
Eval n=800, NN=10000 | out-of-sample obj = 10.219635 | rep = 4
Elapsed time is 0.595902 seconds.
n=800, N=600 | empirical mean (should be ~0): -0.00789361 | expectation: 1.9901
Eval n=800, NN=10000 | out-of-sample obj = 10.94938 | rep = 5
Elapsed time is 0.485142 seconds.
Average eval for n=800, N=600 over 5 reps = 10.61481
n=900, N=200 | empirical mean (should be ~0): 0.0165377 | expectation: 1.9901
Eval n=900, NN=10000 | out-of-sample obj = 23.632302 | rep = 1
Elapsed time is 0.564741 seconds.
n=900, N=200 | empirical mean (should be ~0): -0.00831055 | expectation: 1.9901
Eval n=900, NN=10000 | out-of-sample obj = 21.770936 | rep = 2
Elapsed time is 0.540023 seconds.
n=900, N=200 | empirical mean (should be ~0): -0.00979454 | expectation: 1.9901
Eval n=900, NN=10000 | out-of-sample obj = 21.314315 | rep = 3
Elapsed time is 0.544236 seconds.
n=900, N=200 | empirical mean (should be ~0): -0.000401474 | expectation: 1.9901
Eval n=900, NN=10000 | out-of-sample obj = 21.030259 | rep = 4
Elapsed time is 0.545111 seconds.
n=900, N=200 | empirical mean (should be ~0): -0.00926868 | expectation: 1.9901
Eval n=900, NN=10000 | out-of-sample obj = 20.603634 | rep = 5
Elapsed time is 0.545760 seconds.
Average eval for n=900, N=200 over 5 reps = 21.670289
n=900, N=400 | empirical mean (should be ~0): -3.32682e-05 | expectation: 1.9901
Eval n=900, NN=10000 | out-of-sample obj = 17.754375 | rep = 1
Elapsed time is 0.549801 seconds.
n=900, N=400 | empirical mean (should be ~0): 0.00665371 | expectation: 1.9901
Eval n=900, NN=10000 | out-of-sample obj = 17.682526 | rep = 2
Elapsed time is 0.538700 seconds.
n=900, N=400 | empirical mean (should be ~0): 0.00916964 | expectation: 1.9901
Eval n=900, NN=10000 | out-of-sample obj = 17.315017 | rep = 3
Elapsed time is 0.590814 seconds.
n=900, N=400 | empirical mean (should be ~0): -0.00768923 | expectation: 1.9901
Eval n=900, NN=10000 | out-of-sample obj = 18.033552 | rep = 4
Elapsed time is 0.594247 seconds.
n=900, N=400 | empirical mean (should be ~0): 0.0125956 | expectation: 1.9901
Eval n=900, NN=10000 | out-of-sample obj = 18.287745 | rep = 5
Elapsed time is 0.567567 seconds.
Average eval for n=900, N=400 over 5 reps = 17.814643
n=900, N=600 | empirical mean (should be ~0): 0.00180152 | expectation: 1.9901
Eval n=900, NN=10000 | out-of-sample obj = 14.845985 | rep = 1
Elapsed time is 0.572527 seconds.
n=900, N=600 | empirical mean (should be ~0): -0.00781746 | expectation: 1.9901
Eval n=900, NN=10000 | out-of-sample obj = 14.334587 | rep = 2
Elapsed time is 1.055494 seconds.
n=900, N=600 | empirical mean (should be ~0): 0.00653114 | expectation: 1.9901
Eval n=900, NN=10000 | out-of-sample obj = 13.532461 | rep = 3
Elapsed time is 0.552693 seconds.
n=900, N=600 | empirical mean (should be ~0): 0.00560821 | expectation: 1.9901
Eval n=900, NN=10000 | out-of-sample obj = 14.221663 | rep = 4
Elapsed time is 1.504157 seconds.
n=900, N=600 | empirical mean (should be ~0): 0.000998488 | expectation: 1.9901
Eval n=900, NN=10000 | out-of-sample obj = 13.201327 | rep = 5
Elapsed time is 0.564102 seconds.
Average eval for n=900, N=600 over 5 reps = 14.027204
n=1000, N=200 | empirical mean (should be ~0): 0.0130131 | expectation: 1.9901
Eval n=1000, NN=10000 | out-of-sample obj = 22.464603 | rep = 1
Elapsed time is 0.906475 seconds.
n=1000, N=200 | empirical mean (should be ~0): 0.00777469 | expectation: 1.9901
Eval n=1000, NN=10000 | out-of-sample obj = 22.337096 | rep = 2
Elapsed time is 0.604173 seconds.
n=1000, N=200 | empirical mean (should be ~0): -0.00124147 | expectation: 1.9901
Eval n=1000, NN=10000 | out-of-sample obj = 22.685649 | rep = 3
Elapsed time is 0.618540 seconds.
n=1000, N=200 | empirical mean (should be ~0): 0.00418558 | expectation: 1.9901
Eval n=1000, NN=10000 | out-of-sample obj = 21.546347 | rep = 4
Elapsed time is 0.597166 seconds.
n=1000, N=200 | empirical mean (should be ~0): -0.0194626 | expectation: 1.9901
Eval n=1000, NN=10000 | out-of-sample obj = 21.463896 | rep = 5
Elapsed time is 0.645480 seconds.
Average eval for n=1000, N=200 over 5 reps = 22.099518
n=1000, N=400 | empirical mean (should be ~0): -0.00247082 | expectation: 1.9901
Eval n=1000, NN=10000 | out-of-sample obj = 18.122758 | rep = 1
Elapsed time is 0.609499 seconds.
n=1000, N=400 | empirical mean (should be ~0): -0.00207421 | expectation: 1.9901
Eval n=1000, NN=10000 | out-of-sample obj = 19.010834 | rep = 2
Elapsed time is 0.793602 seconds.
n=1000, N=400 | empirical mean (should be ~0): -0.0072638 | expectation: 1.9901
Eval n=1000, NN=10000 | out-of-sample obj = 19.393081 | rep = 3
Elapsed time is 0.641623 seconds.
n=1000, N=400 | empirical mean (should be ~0): 0.00190473 | expectation: 1.9901
Eval n=1000, NN=10000 | out-of-sample obj = 18.923077 | rep = 4
Elapsed time is 0.629258 seconds.
n=1000, N=400 | empirical mean (should be ~0): 0.00321249 | expectation: 1.9901
Eval n=1000, NN=10000 | out-of-sample obj = 18.287384 | rep = 5
Elapsed time is 0.650907 seconds.
Average eval for n=1000, N=400 over 5 reps = 18.747427
n=1000, N=600 | empirical mean (should be ~0): -0.0030529 | expectation: 1.9901
Eval n=1000, NN=10000 | out-of-sample obj = 14.978828 | rep = 1
Elapsed time is 0.703753 seconds.
n=1000, N=600 | empirical mean (should be ~0): -0.00547759 | expectation: 1.9901
Eval n=1000, NN=10000 | out-of-sample obj = 15.289603 | rep = 2
Elapsed time is 0.727341 seconds.
n=1000, N=600 | empirical mean (should be ~0): 0.0019987 | expectation: 1.9901
Eval n=1000, NN=10000 | out-of-sample obj = 15.669087 | rep = 3
Elapsed time is 0.660219 seconds.
n=1000, N=600 | empirical mean (should be ~0): 0.0130152 | expectation: 1.9901
Eval n=1000, NN=10000 | out-of-sample obj = 15.123633 | rep = 4
Elapsed time is 0.729583 seconds.
n=1000, N=600 | empirical mean (should be ~0): -0.00281408 | expectation: 1.9901
Eval n=1000, NN=10000 | out-of-sample obj = 16.256073 | rep = 5
Elapsed time is 0.723698 seconds.
Average eval for n=1000, N=600 over 5 reps = 15.463445
n=1500, N=200 | empirical mean (should be ~0): 0.00638926 | expectation: 1.9901
Eval n=1500, NN=10000 | out-of-sample obj = 30.270983 | rep = 1
Elapsed time is 0.916433 seconds.
n=1500, N=200 | empirical mean (should be ~0): 0.00382695 | expectation: 1.9901
Eval n=1500, NN=10000 | out-of-sample obj = 27.781756 | rep = 2
Elapsed time is 0.924512 seconds.
n=1500, N=200 | empirical mean (should be ~0): -0.00279454 | expectation: 1.9901
Eval n=1500, NN=10000 | out-of-sample obj = 26.52033 | rep = 3
Elapsed time is 0.915267 seconds.
n=1500, N=200 | empirical mean (should be ~0): 0.00043294 | expectation: 1.9901
Eval n=1500, NN=10000 | out-of-sample obj = 25.750631 | rep = 4
Elapsed time is 0.892181 seconds.
n=1500, N=200 | empirical mean (should be ~0): -0.00498621 | expectation: 1.9901
Eval n=1500, NN=10000 | out-of-sample obj = 28.411282 | rep = 5
Elapsed time is 0.940697 seconds.
Average eval for n=1500, N=200 over 5 reps = 27.746996
n=1500, N=400 | empirical mean (should be ~0): 0.00146399 | expectation: 1.9901
Eval n=1500, NN=10000 | out-of-sample obj = 26.629979 | rep = 1
Elapsed time is 0.921202 seconds.
n=1500, N=400 | empirical mean (should be ~0): -0.00182619 | expectation: 1.9901
Eval n=1500, NN=10000 | out-of-sample obj = 26.205464 | rep = 2
Elapsed time is 1.005175 seconds.
n=1500, N=400 | empirical mean (should be ~0): -0.00331348 | expectation: 1.9901
Eval n=1500, NN=10000 | out-of-sample obj = 26.452905 | rep = 3
Elapsed time is 0.966534 seconds.
n=1500, N=400 | empirical mean (should be ~0): 0.000963925 | expectation: 1.9901
Eval n=1500, NN=10000 | out-of-sample obj = 24.345844 | rep = 4
Elapsed time is 0.978727 seconds.
n=1500, N=400 | empirical mean (should be ~0): -0.00281966 | expectation: 1.9901
Eval n=1500, NN=10000 | out-of-sample obj = 24.768961 | rep = 5
Elapsed time is 0.961040 seconds.
Average eval for n=1500, N=400 over 5 reps = 25.680631
n=1500, N=600 | empirical mean (should be ~0): 0.00214528 | expectation: 1.9901
Eval n=1500, NN=10000 | out-of-sample obj = 22.516376 | rep = 1
Elapsed time is 0.934140 seconds.
n=1500, N=600 | empirical mean (should be ~0): -0.000391109 | expectation: 1.9901
Eval n=1500, NN=10000 | out-of-sample obj = 22.894464 | rep = 2
Elapsed time is 0.972482 seconds.
n=1500, N=600 | empirical mean (should be ~0): 0.00135176 | expectation: 1.9901
Eval n=1500, NN=10000 | out-of-sample obj = 22.483128 | rep = 3
Elapsed time is 0.976726 seconds.
n=1500, N=600 | empirical mean (should be ~0): 0.00598444 | expectation: 1.9901
Eval n=1500, NN=10000 | out-of-sample obj = 23.487721 | rep = 4
Elapsed time is 0.871619 seconds.
n=1500, N=600 | empirical mean (should be ~0): -0.00349912 | expectation: 1.9901
Eval n=1500, NN=10000 | out-of-sample obj = 22.773064 | rep = 5
Elapsed time is 0.929177 seconds.
Average eval for n=1500, N=600 over 5 reps = 22.830951
n=2000, N=200 | empirical mean (should be ~0): 0.00184015 | expectation: 1.9901
Eval n=2000, NN=10000 | out-of-sample obj = 32.479169 | rep = 1
Elapsed time is 1.323513 seconds.
n=2000, N=200 | empirical mean (should be ~0): -0.00748286 | expectation: 1.9901
Eval n=2000, NN=10000 | out-of-sample obj = 32.204941 | rep = 2
Elapsed time is 1.288812 seconds.
n=2000, N=200 | empirical mean (should be ~0): 0.000149544 | expectation: 1.9901
Eval n=2000, NN=10000 | out-of-sample obj = 33.394618 | rep = 3
Elapsed time is 1.307737 seconds.
n=2000, N=200 | empirical mean (should be ~0): -0.00101839 | expectation: 1.9901
Eval n=2000, NN=10000 | out-of-sample obj = 32.964277 | rep = 4
Elapsed time is 1.255170 seconds.
n=2000, N=200 | empirical mean (should be ~0): 0.00594647 | expectation: 1.9901
Eval n=2000, NN=10000 | out-of-sample obj = 32.897368 | rep = 5
Elapsed time is 1.244391 seconds.
Average eval for n=2000, N=200 over 5 reps = 32.788075
n=2000, N=400 | empirical mean (should be ~0): -0.00668189 | expectation: 1.9901
Eval n=2000, NN=10000 | out-of-sample obj = 31.383895 | rep = 1
Elapsed time is 1.254706 seconds.
n=2000, N=400 | empirical mean (should be ~0): 0.00184717 | expectation: 1.9901
Eval n=2000, NN=10000 | out-of-sample obj = 31.610229 | rep = 2
Elapsed time is 1.161989 seconds.
n=2000, N=400 | empirical mean (should be ~0): -0.00287673 | expectation: 1.9901
Eval n=2000, NN=10000 | out-of-sample obj = 30.905533 | rep = 3
Elapsed time is 1.210206 seconds.
n=2000, N=400 | empirical mean (should be ~0): 0.00144396 | expectation: 1.9901
Eval n=2000, NN=10000 | out-of-sample obj = 30.35068 | rep = 4
Elapsed time is 1.138302 seconds.
n=2000, N=400 | empirical mean (should be ~0): -0.00143179 | expectation: 1.9901
Eval n=2000, NN=10000 | out-of-sample obj = 31.084393 | rep = 5
Elapsed time is 1.215473 seconds.
Average eval for n=2000, N=400 over 5 reps = 31.066946
n=2000, N=600 | empirical mean (should be ~0): -0.00449688 | expectation: 1.9901
Eval n=2000, NN=10000 | out-of-sample obj = 29.018476 | rep = 1
Elapsed time is 1.287784 seconds.
n=2000, N=600 | empirical mean (should be ~0): -0.000129979 | expectation: 1.9901
Eval n=2000, NN=10000 | out-of-sample obj = 29.646928 | rep = 2
Elapsed time is 1.280879 seconds.
n=2000, N=600 | empirical mean (should be ~0): 0.00175358 | expectation: 1.9901
Eval n=2000, NN=10000 | out-of-sample obj = 29.73938 | rep = 3
Elapsed time is 1.308571 seconds.
n=2000, N=600 | empirical mean (should be ~0): 0.00191969 | expectation: 1.9901
Eval n=2000, NN=10000 | out-of-sample obj = 29.17014 | rep = 4
Elapsed time is 1.383841 seconds.
n=2000, N=600 | empirical mean (should be ~0): 0.00607586 | expectation: 1.9901
Eval n=2000, NN=10000 | out-of-sample obj = 28.875127 | rep = 5
Elapsed time is 1.370712 seconds.
Average eval for n=2000, N=600 over 5 reps = 29.29001
n=5000, N=200 | empirical mean (should be ~0): -0.0114225 | expectation: 1.9901
Eval n=5000, NN=10000 | out-of-sample obj = 60.191663 | rep = 1
Elapsed time is 3.243095 seconds.
n=5000, N=200 | empirical mean (should be ~0): -0.00283099 | expectation: 1.9901
Eval n=5000, NN=10000 | out-of-sample obj = 58.897918 | rep = 2
Elapsed time is 3.164818 seconds.
n=5000, N=200 | empirical mean (should be ~0): -0.00135702 | expectation: 1.9901
Eval n=5000, NN=10000 | out-of-sample obj = 57.061137 | rep = 3
Elapsed time is 2.913717 seconds.
n=5000, N=200 | empirical mean (should be ~0): 0.00218285 | expectation: 1.9901
Eval n=5000, NN=10000 | out-of-sample obj = 58.651667 | rep = 4
Elapsed time is 3.115625 seconds.
n=5000, N=200 | empirical mean (should be ~0): 0.000559054 | expectation: 1.9901
Eval n=5000, NN=10000 | out-of-sample obj = 61.078902 | rep = 5
Elapsed time is 3.108029 seconds.
Average eval for n=5000, N=200 over 5 reps = 59.176257
n=5000, N=400 | empirical mean (should be ~0): -0.00178532 | expectation: 1.9901
Eval n=5000, NN=10000 | out-of-sample obj = 56.016811 | rep = 1
Elapsed time is 3.150757 seconds.
n=5000, N=400 | empirical mean (should be ~0): -0.00123357 | expectation: 1.9901
Eval n=5000, NN=10000 | out-of-sample obj = 56.175087 | rep = 2
Elapsed time is 3.250198 seconds.
n=5000, N=400 | empirical mean (should be ~0): -0.000224433 | expectation: 1.9901
Eval n=5000, NN=10000 | out-of-sample obj = 57.811866 | rep = 3
Elapsed time is 3.057517 seconds.
n=5000, N=400 | empirical mean (should be ~0): 0.000283197 | expectation: 1.9901
Eval n=5000, NN=10000 | out-of-sample obj = 58.139958 | rep = 4
Elapsed time is 3.292411 seconds.
n=5000, N=400 | empirical mean (should be ~0): 0.00363684 | expectation: 1.9901
Eval n=5000, NN=10000 | out-of-sample obj = 56.115526 | rep = 5
Elapsed time is 3.160878 seconds.
Average eval for n=5000, N=400 over 5 reps = 56.85185
n=5000, N=600 | empirical mean (should be ~0): 0.00616045 | expectation: 1.9901
Eval n=5000, NN=10000 | out-of-sample obj = 54.696532 | rep = 1
Elapsed time is 3.509004 seconds.
n=5000, N=600 | empirical mean (should be ~0): 0.00093647 | expectation: 1.9901
Eval n=5000, NN=10000 | out-of-sample obj = 54.807487 | rep = 2
Elapsed time is 2.958772 seconds.
n=5000, N=600 | empirical mean (should be ~0): -0.0010523 | expectation: 1.9901
Eval n=5000, NN=10000 | out-of-sample obj = 55.983398 | rep = 3
Elapsed time is 3.179090 seconds.
n=5000, N=600 | empirical mean (should be ~0): 0.000169993 | expectation: 1.9901
Eval n=5000, NN=10000 | out-of-sample obj = 53.048529 | rep = 4
Elapsed time is 2.966796 seconds.
n=5000, N=600 | empirical mean (should be ~0): -0.00303655 | expectation: 1.9901
Eval n=5000, NN=10000 | out-of-sample obj = 54.110655 | rep = 5
Elapsed time is 3.111168 seconds.
Average eval for n=5000, N=600 over 5 reps = 54.52932
Error using save
Unable to write to file
'/blue/yu.yang1/haoran.liu/SAA_heavy_tail/experiment_results_replications_initialrandom_20251019_063026.mat'
because it appears to be corrupt.

Error in SAA_varyingN_replication_initialrandom (line 203)

Error in run (line 112)
evalin('caller', strcat(scriptStem, ';'));
^^^^^^^^^^^^^^^^^^^^^^^^^^^^^^^^^^^^^^^^^
