You already have the most recent version of MATLAB Connector installed.

                            < M A T L A B (R) >
                  Copyright 1984-2024 The MathWorks, Inc.
             R2024b Update 1 (24.2.0.2740171) 64-bit (glnxa64)
                             September 20, 2024

 
To get started, type doc.
For product information, visit www.mathworks.com.
 
n=100, N=200 | empirical mean (should be ~0): 0.0423886 | expectation: 1.9901
Eval n=100, NN=10000 | out-of-sample obj = 1.7736194 | rep = 1
Elapsed time is 0.058670 seconds.
n=100, N=200 | empirical mean (should be ~0): 0.00119748 | expectation: 1.9901
Eval n=100, NN=10000 | out-of-sample obj = 1.7740776 | rep = 2
Elapsed time is 0.056160 seconds.
n=100, N=200 | empirical mean (should be ~0): -0.0236917 | expectation: 1.9901
Eval n=100, NN=10000 | out-of-sample obj = 1.7714755 | rep = 3
Elapsed time is 0.051864 seconds.
n=100, N=200 | empirical mean (should be ~0): 0.0447745 | expectation: 1.9901
Eval n=100, NN=10000 | out-of-sample obj = 1.7707506 | rep = 4
Elapsed time is 0.052607 seconds.
n=100, N=200 | empirical mean (should be ~0): -0.0136858 | expectation: 1.9901
Eval n=100, NN=10000 | out-of-sample obj = 1.770765 | rep = 5
Elapsed time is 0.093927 seconds.
Average eval for n=100, N=200 over 5 reps = 1.7721376
n=100, N=400 | empirical mean (should be ~0): 0.0129755 | expectation: 1.9901
Eval n=100, NN=10000 | out-of-sample obj = 1.7700956 | rep = 1
Elapsed time is 0.067558 seconds.
n=100, N=400 | empirical mean (should be ~0): 0.00727094 | expectation: 1.9901
Eval n=100, NN=10000 | out-of-sample obj = 1.7656617 | rep = 2
Elapsed time is 0.047698 seconds.
n=100, N=400 | empirical mean (should be ~0): -0.0044497 | expectation: 1.9901
Eval n=100, NN=10000 | out-of-sample obj = 1.7679501 | rep = 3
Elapsed time is 0.049383 seconds.
n=100, N=400 | empirical mean (should be ~0): -0.000591535 | expectation: 1.9901
Eval n=100, NN=10000 | out-of-sample obj = 1.7649572 | rep = 4
Elapsed time is 0.087655 seconds.
n=100, N=400 | empirical mean (should be ~0): 0.145594 | expectation: 1.9901
Eval n=100, NN=10000 | out-of-sample obj = 1.7680656 | rep = 5
Elapsed time is 0.047513 seconds.
Average eval for n=100, N=400 over 5 reps = 1.767346
n=100, N=600 | empirical mean (should be ~0): 0.0065521 | expectation: 1.9901
Eval n=100, NN=10000 | out-of-sample obj = 1.7666154 | rep = 1
Elapsed time is 0.046802 seconds.
n=100, N=600 | empirical mean (should be ~0): -0.00243075 | expectation: 1.9901
Early stop at iter 76544 (n=100, N=600): recent Δobj=1.66846e-06 (rel 9.48e-07)
Eval n=100, NN=10000 | out-of-sample obj = 1.7647626 | rep = 2
Elapsed time is 0.048518 seconds.
n=100, N=600 | empirical mean (should be ~0): 0.0207238 | expectation: 1.9901
Eval n=100, NN=10000 | out-of-sample obj = 1.7650239 | rep = 3
Elapsed time is 0.053124 seconds.
n=100, N=600 | empirical mean (should be ~0): -0.000195638 | expectation: 1.9901
Early stop at iter 41824 (n=100, N=600): recent Δobj=1.61302e-06 (rel 9.16e-07)
Eval n=100, NN=10000 | out-of-sample obj = 1.7651325 | rep = 4
Elapsed time is 0.049287 seconds.
n=100, N=600 | empirical mean (should be ~0): 0.0162982 | expectation: 1.9901
Eval n=100, NN=10000 | out-of-sample obj = 1.7657396 | rep = 5
Elapsed time is 0.048212 seconds.
Average eval for n=100, N=600 over 5 reps = 1.7654548
n=200, N=200 | empirical mean (should be ~0): -0.00392517 | expectation: 1.9901
Eval n=200, NN=10000 | out-of-sample obj = 1.7574012 | rep = 1
Elapsed time is 0.102016 seconds.
n=200, N=200 | empirical mean (should be ~0): 0.0162201 | expectation: 1.9901
Eval n=200, NN=10000 | out-of-sample obj = 1.7623588 | rep = 2
Elapsed time is 0.102164 seconds.
n=200, N=200 | empirical mean (should be ~0): 0.00213392 | expectation: 1.9901
Eval n=200, NN=10000 | out-of-sample obj = 1.7571881 | rep = 3
Elapsed time is 0.097284 seconds.
n=200, N=200 | empirical mean (should be ~0): 0.019799 | expectation: 1.9901
Eval n=200, NN=10000 | out-of-sample obj = 1.7582354 | rep = 4
Elapsed time is 0.096244 seconds.
n=200, N=200 | empirical mean (should be ~0): -0.0285451 | expectation: 1.9901
Eval n=200, NN=10000 | out-of-sample obj = 1.7600715 | rep = 5
Elapsed time is 0.100597 seconds.
Average eval for n=200, N=200 over 5 reps = 1.759051
n=200, N=400 | empirical mean (should be ~0): -0.00373774 | expectation: 1.9901
Eval n=200, NN=10000 | out-of-sample obj = 1.7542556 | rep = 1
Elapsed time is 0.105467 seconds.
n=200, N=400 | empirical mean (should be ~0): -0.0228755 | expectation: 1.9901
Eval n=200, NN=10000 | out-of-sample obj = 1.7556339 | rep = 2
Elapsed time is 0.104270 seconds.
n=200, N=400 | empirical mean (should be ~0): -0.0102621 | expectation: 1.9901
Eval n=200, NN=10000 | out-of-sample obj = 1.757751 | rep = 3
Elapsed time is 0.096340 seconds.
n=200, N=400 | empirical mean (should be ~0): -0.00672664 | expectation: 1.9901
Eval n=200, NN=10000 | out-of-sample obj = 1.756619 | rep = 4
Elapsed time is 0.100054 seconds.
n=200, N=400 | empirical mean (should be ~0): -0.00952941 | expectation: 1.9901
Eval n=200, NN=10000 | out-of-sample obj = 1.7560506 | rep = 5
Elapsed time is 0.094087 seconds.
Average eval for n=200, N=400 over 5 reps = 1.756062
n=200, N=600 | empirical mean (should be ~0): 0.0002389 | expectation: 1.9901
Eval n=200, NN=10000 | out-of-sample obj = 1.7551175 | rep = 1
Elapsed time is 0.095220 seconds.
n=200, N=600 | empirical mean (should be ~0): 0.0039431 | expectation: 1.9901
Eval n=200, NN=10000 | out-of-sample obj = 1.753152 | rep = 2
Elapsed time is 0.095709 seconds.
n=200, N=600 | empirical mean (should be ~0): 0.000743546 | expectation: 1.9901
Eval n=200, NN=10000 | out-of-sample obj = 1.7557675 | rep = 3
Elapsed time is 0.101176 seconds.
n=200, N=600 | empirical mean (should be ~0): 0.0129142 | expectation: 1.9901
Eval n=200, NN=10000 | out-of-sample obj = 1.7551487 | rep = 4
Elapsed time is 0.100488 seconds.
n=200, N=600 | empirical mean (should be ~0): -0.006237 | expectation: 1.9901
Eval n=200, NN=10000 | out-of-sample obj = 1.7540758 | rep = 5
Elapsed time is 0.103405 seconds.
Average eval for n=200, N=600 over 5 reps = 1.7546523
n=300, N=200 | empirical mean (should be ~0): -0.00155892 | expectation: 1.9901
Eval n=300, NN=10000 | out-of-sample obj = 1.7521471 | rep = 1
Elapsed time is 0.156306 seconds.
n=300, N=200 | empirical mean (should be ~0): 0.00554285 | expectation: 1.9901
Eval n=300, NN=10000 | out-of-sample obj = 1.7503788 | rep = 2
Elapsed time is 0.154565 seconds.
n=300, N=200 | empirical mean (should be ~0): 0.00181364 | expectation: 1.9901
Eval n=300, NN=10000 | out-of-sample obj = 1.751493 | rep = 3
Elapsed time is 0.147732 seconds.
n=300, N=200 | empirical mean (should be ~0): 0.0175216 | expectation: 1.9901
Eval n=300, NN=10000 | out-of-sample obj = 1.7510584 | rep = 4
Elapsed time is 0.144891 seconds.
n=300, N=200 | empirical mean (should be ~0): 0.0154062 | expectation: 1.9901
Eval n=300, NN=10000 | out-of-sample obj = 1.7517584 | rep = 5
Elapsed time is 0.151041 seconds.
Average eval for n=300, N=200 over 5 reps = 1.7513672
n=300, N=400 | empirical mean (should be ~0): -0.00213509 | expectation: 1.9901
Eval n=300, NN=10000 | out-of-sample obj = 1.7506249 | rep = 1
Elapsed time is 0.152827 seconds.
n=300, N=400 | empirical mean (should be ~0): 0.00249461 | expectation: 1.9901
Eval n=300, NN=10000 | out-of-sample obj = 1.748059 | rep = 2
Elapsed time is 0.140175 seconds.
n=300, N=400 | empirical mean (should be ~0): -0.00503137 | expectation: 1.9901
Eval n=300, NN=10000 | out-of-sample obj = 1.7474553 | rep = 3
Elapsed time is 0.154465 seconds.
n=300, N=400 | empirical mean (should be ~0): 0.0173116 | expectation: 1.9901
Eval n=300, NN=10000 | out-of-sample obj = 1.7479647 | rep = 4
Elapsed time is 0.153271 seconds.
n=300, N=400 | empirical mean (should be ~0): -0.0191273 | expectation: 1.9901
Eval n=300, NN=10000 | out-of-sample obj = 1.7494842 | rep = 5
Elapsed time is 0.146245 seconds.
Average eval for n=300, N=400 over 5 reps = 1.7487176
n=300, N=600 | empirical mean (should be ~0): -0.00286944 | expectation: 1.9901
Eval n=300, NN=10000 | out-of-sample obj = 1.7482616 | rep = 1
Elapsed time is 0.147724 seconds.
n=300, N=600 | empirical mean (should be ~0): -0.00255268 | expectation: 1.9901
Eval n=300, NN=10000 | out-of-sample obj = 1.7461145 | rep = 2
Elapsed time is 0.142440 seconds.
n=300, N=600 | empirical mean (should be ~0): -0.00927236 | expectation: 1.9901
Eval n=300, NN=10000 | out-of-sample obj = 1.7463703 | rep = 3
Elapsed time is 0.149947 seconds.
n=300, N=600 | empirical mean (should be ~0): -0.00656417 | expectation: 1.9901
Eval n=300, NN=10000 | out-of-sample obj = 1.7482121 | rep = 4
Elapsed time is 0.155083 seconds.
n=300, N=600 | empirical mean (should be ~0): -0.00394752 | expectation: 1.9901
Eval n=300, NN=10000 | out-of-sample obj = 1.7459719 | rep = 5
Elapsed time is 0.152575 seconds.
Average eval for n=300, N=600 over 5 reps = 1.7469861
n=400, N=200 | empirical mean (should be ~0): 0.0248731 | expectation: 1.9901
Eval n=400, NN=10000 | out-of-sample obj = 1.7464885 | rep = 1
Elapsed time is 0.253461 seconds.
n=400, N=200 | empirical mean (should be ~0): -0.0059 | expectation: 1.9901
Eval n=400, NN=10000 | out-of-sample obj = 1.7441097 | rep = 2
Elapsed time is 0.303517 seconds.
n=400, N=200 | empirical mean (should be ~0): 0.00212139 | expectation: 1.9901
Eval n=400, NN=10000 | out-of-sample obj = 1.7438807 | rep = 3
Elapsed time is 0.452883 seconds.
n=400, N=200 | empirical mean (should be ~0): -0.0153891 | expectation: 1.9901
Eval n=400, NN=10000 | out-of-sample obj = 1.7471781 | rep = 4
Elapsed time is 0.298708 seconds.
n=400, N=200 | empirical mean (should be ~0): -0.00275555 | expectation: 1.9901
Eval n=400, NN=10000 | out-of-sample obj = 1.7472048 | rep = 5
Elapsed time is 0.246890 seconds.
Average eval for n=400, N=200 over 5 reps = 1.7457724
n=400, N=400 | empirical mean (should be ~0): 0.0113114 | expectation: 1.9901
Eval n=400, NN=10000 | out-of-sample obj = 1.7432648 | rep = 1
Elapsed time is 0.252771 seconds.
n=400, N=400 | empirical mean (should be ~0): -0.000952666 | expectation: 1.9901
Eval n=400, NN=10000 | out-of-sample obj = 1.7436347 | rep = 2
Elapsed time is 0.247805 seconds.
n=400, N=400 | empirical mean (should be ~0): 0.00477423 | expectation: 1.9901
Eval n=400, NN=10000 | out-of-sample obj = 1.7436139 | rep = 3
Elapsed time is 0.250938 seconds.
n=400, N=400 | empirical mean (should be ~0): -0.0109763 | expectation: 1.9901
Eval n=400, NN=10000 | out-of-sample obj = 1.7442759 | rep = 4
Elapsed time is 0.248831 seconds.
n=400, N=400 | empirical mean (should be ~0): -0.0236761 | expectation: 1.9901
Eval n=400, NN=10000 | out-of-sample obj = 1.7437155 | rep = 5
Elapsed time is 0.209879 seconds.
Average eval for n=400, N=400 over 5 reps = 1.743701
n=400, N=600 | empirical mean (should be ~0): -0.00263348 | expectation: 1.9901
Eval n=400, NN=10000 | out-of-sample obj = 1.7423394 | rep = 1
Elapsed time is 0.235076 seconds.
n=400, N=600 | empirical mean (should be ~0): 0.000616168 | expectation: 1.9901
Eval n=400, NN=10000 | out-of-sample obj = 1.7415801 | rep = 2
Elapsed time is 0.222393 seconds.
n=400, N=600 | empirical mean (should be ~0): -0.00480849 | expectation: 1.9901
Eval n=400, NN=10000 | out-of-sample obj = 1.7426195 | rep = 3
Elapsed time is 0.231077 seconds.
n=400, N=600 | empirical mean (should be ~0): -0.00655623 | expectation: 1.9901
Eval n=400, NN=10000 | out-of-sample obj = 1.7425197 | rep = 4
Elapsed time is 0.227927 seconds.
n=400, N=600 | empirical mean (should be ~0): 0.00726272 | expectation: 1.9901
Eval n=400, NN=10000 | out-of-sample obj = 1.7417844 | rep = 5
Elapsed time is 0.303437 seconds.
Average eval for n=400, N=600 over 5 reps = 1.7421686
n=500, N=200 | empirical mean (should be ~0): 0.00432042 | expectation: 1.9901
Eval n=500, NN=10000 | out-of-sample obj = 1.7422217 | rep = 1
Elapsed time is 0.317152 seconds.
n=500, N=200 | empirical mean (should be ~0): 0.021561 | expectation: 1.9901
Eval n=500, NN=10000 | out-of-sample obj = 1.7419986 | rep = 2
Elapsed time is 0.314945 seconds.
n=500, N=200 | empirical mean (should be ~0): 0.0051218 | expectation: 1.9901
Eval n=500, NN=10000 | out-of-sample obj = 1.7442688 | rep = 3
Elapsed time is 0.383927 seconds.
n=500, N=200 | empirical mean (should be ~0): 0.00265312 | expectation: 1.9901
Eval n=500, NN=10000 | out-of-sample obj = 1.7429943 | rep = 4
Elapsed time is 0.323606 seconds.
n=500, N=200 | empirical mean (should be ~0): -0.00452187 | expectation: 1.9901
Eval n=500, NN=10000 | out-of-sample obj = 1.7409814 | rep = 5
Elapsed time is 0.287698 seconds.
Average eval for n=500, N=200 over 5 reps = 1.7424929
n=500, N=400 | empirical mean (should be ~0): -0.00316841 | expectation: 1.9901
Eval n=500, NN=10000 | out-of-sample obj = 1.741144 | rep = 1
Elapsed time is 0.298417 seconds.
n=500, N=400 | empirical mean (should be ~0): -0.00212254 | expectation: 1.9901
Eval n=500, NN=10000 | out-of-sample obj = 1.7388448 | rep = 2
Elapsed time is 0.302323 seconds.
n=500, N=400 | empirical mean (should be ~0): 0.00684853 | expectation: 1.9901
Eval n=500, NN=10000 | out-of-sample obj = 1.7390278 | rep = 3
Elapsed time is 0.300854 seconds.
n=500, N=400 | empirical mean (should be ~0): -0.00576606 | expectation: 1.9901
Eval n=500, NN=10000 | out-of-sample obj = 1.7395342 | rep = 4
Elapsed time is 0.301245 seconds.
n=500, N=400 | empirical mean (should be ~0): -0.00968688 | expectation: 1.9901
Eval n=500, NN=10000 | out-of-sample obj = 1.7386222 | rep = 5
Elapsed time is 0.297289 seconds.
Average eval for n=500, N=400 over 5 reps = 1.7394346
n=500, N=600 | empirical mean (should be ~0): -0.00280621 | expectation: 1.9901
Eval n=500, NN=10000 | out-of-sample obj = 1.7408045 | rep = 1
Elapsed time is 0.304594 seconds.
n=500, N=600 | empirical mean (should be ~0): -0.0064993 | expectation: 1.9901
Eval n=500, NN=10000 | out-of-sample obj = 1.7390846 | rep = 2
Elapsed time is 0.365853 seconds.
n=500, N=600 | empirical mean (should be ~0): -0.00323361 | expectation: 1.9901
Eval n=500, NN=10000 | out-of-sample obj = 1.7396897 | rep = 3
Elapsed time is 1.871997 seconds.
n=500, N=600 | empirical mean (should be ~0): -0.0150748 | expectation: 1.9901
Eval n=500, NN=10000 | out-of-sample obj = 1.7393133 | rep = 4
Elapsed time is 0.526852 seconds.
n=500, N=600 | empirical mean (should be ~0): -0.00704081 | expectation: 1.9901
Eval n=500, NN=10000 | out-of-sample obj = 1.7405394 | rep = 5
Elapsed time is 0.343980 seconds.
Average eval for n=500, N=600 over 5 reps = 1.7398863
n=600, N=200 | empirical mean (should be ~0): -0.00537888 | expectation: 1.9901
Eval n=600, NN=10000 | out-of-sample obj = 1.7416105 | rep = 1
Elapsed time is 0.396079 seconds.
n=600, N=200 | empirical mean (should be ~0): 0.0255586 | expectation: 1.9901
Eval n=600, NN=10000 | out-of-sample obj = 1.7431192 | rep = 2
Elapsed time is 0.383843 seconds.
n=600, N=200 | empirical mean (should be ~0): -0.00421357 | expectation: 1.9901
Eval n=600, NN=10000 | out-of-sample obj = 1.7398584 | rep = 3
Elapsed time is 0.385008 seconds.
n=600, N=200 | empirical mean (should be ~0): -0.01088 | expectation: 1.9901
Eval n=600, NN=10000 | out-of-sample obj = 1.7421617 | rep = 4
Elapsed time is 0.387048 seconds.
n=600, N=200 | empirical mean (should be ~0): -0.0249685 | expectation: 1.9901
Eval n=600, NN=10000 | out-of-sample obj = 1.7380525 | rep = 5
Elapsed time is 0.386231 seconds.
Average eval for n=600, N=200 over 5 reps = 1.7409604
n=600, N=400 | empirical mean (should be ~0): -0.00273255 | expectation: 1.9901
Eval n=600, NN=10000 | out-of-sample obj = 1.7369985 | rep = 1
Elapsed time is 0.410887 seconds.
n=600, N=400 | empirical mean (should be ~0): -0.00085654 | expectation: 1.9901
Eval n=600, NN=10000 | out-of-sample obj = 1.7389453 | rep = 2
Elapsed time is 0.675832 seconds.
n=600, N=400 | empirical mean (should be ~0): 0.00819022 | expectation: 1.9901
Eval n=600, NN=10000 | out-of-sample obj = 1.7373962 | rep = 3
Elapsed time is 0.827619 seconds.
n=600, N=400 | empirical mean (should be ~0): -0.00641587 | expectation: 1.9901
Eval n=600, NN=10000 | out-of-sample obj = 1.7383203 | rep = 4
Elapsed time is 1.860798 seconds.
n=600, N=400 | empirical mean (should be ~0): 0.00469137 | expectation: 1.9901
Eval n=600, NN=10000 | out-of-sample obj = 1.7379109 | rep = 5
Elapsed time is 0.547828 seconds.
Average eval for n=600, N=400 over 5 reps = 1.7379143
n=600, N=600 | empirical mean (should be ~0): -0.00608952 | expectation: 1.9901
Eval n=600, NN=10000 | out-of-sample obj = 1.7381172 | rep = 1
Elapsed time is 0.733877 seconds.
n=600, N=600 | empirical mean (should be ~0): -0.00675851 | expectation: 1.9901
Eval n=600, NN=10000 | out-of-sample obj = 1.7379607 | rep = 2
Elapsed time is 2.600726 seconds.
n=600, N=600 | empirical mean (should be ~0): -0.000632242 | expectation: 1.9901
Eval n=600, NN=10000 | out-of-sample obj = 1.7376234 | rep = 3
Elapsed time is 0.490426 seconds.
n=600, N=600 | empirical mean (should be ~0): -0.0009976 | expectation: 1.9901
Eval n=600, NN=10000 | out-of-sample obj = 1.7381675 | rep = 4
Elapsed time is 0.425534 seconds.
n=600, N=600 | empirical mean (should be ~0): 0.00851921 | expectation: 1.9901
Eval n=600, NN=10000 | out-of-sample obj = 1.7390878 | rep = 5
Elapsed time is 0.461360 seconds.
Average eval for n=600, N=600 over 5 reps = 1.7381913
n=700, N=200 | empirical mean (should be ~0): 0.0183086 | expectation: 1.9901
Eval n=700, NN=10000 | out-of-sample obj = 1.7411327 | rep = 1
Elapsed time is 0.484589 seconds.
n=700, N=200 | empirical mean (should be ~0): -0.00702194 | expectation: 1.9901
Eval n=700, NN=10000 | out-of-sample obj = 1.7397094 | rep = 2
Elapsed time is 0.524841 seconds.
n=700, N=200 | empirical mean (should be ~0): 0.00222624 | expectation: 1.9901
Eval n=700, NN=10000 | out-of-sample obj = 1.7399902 | rep = 3
Elapsed time is 0.499133 seconds.
n=700, N=200 | empirical mean (should be ~0): -0.0122091 | expectation: 1.9901
Eval n=700, NN=10000 | out-of-sample obj = 1.7401147 | rep = 4
Elapsed time is 0.435021 seconds.
n=700, N=200 | empirical mean (should be ~0): -0.00149295 | expectation: 1.9901
Eval n=700, NN=10000 | out-of-sample obj = 1.7414461 | rep = 5
Elapsed time is 0.419829 seconds.
Average eval for n=700, N=200 over 5 reps = 1.7404786
n=700, N=400 | empirical mean (should be ~0): 0.00637765 | expectation: 1.9901
Eval n=700, NN=10000 | out-of-sample obj = 1.737269 | rep = 1
Elapsed time is 0.526061 seconds.
n=700, N=400 | empirical mean (should be ~0): 0.00568837 | expectation: 1.9901
Eval n=700, NN=10000 | out-of-sample obj = 1.7363174 | rep = 2
Elapsed time is 0.527883 seconds.
n=700, N=400 | empirical mean (should be ~0): -0.0128861 | expectation: 1.9901
Eval n=700, NN=10000 | out-of-sample obj = 1.7363709 | rep = 3
Elapsed time is 0.504374 seconds.
n=700, N=400 | empirical mean (should be ~0): -0.00125191 | expectation: 1.9901
Eval n=700, NN=10000 | out-of-sample obj = 1.7386498 | rep = 4
Elapsed time is 0.492012 seconds.
n=700, N=400 | empirical mean (should be ~0): -0.000209627 | expectation: 1.9901
Eval n=700, NN=10000 | out-of-sample obj = 1.7382538 | rep = 5
Elapsed time is 0.497964 seconds.
Average eval for n=700, N=400 over 5 reps = 1.7373722
n=700, N=600 | empirical mean (should be ~0): 0.0124286 | expectation: 1.9901
Eval n=700, NN=10000 | out-of-sample obj = 1.7377168 | rep = 1
Elapsed time is 0.572003 seconds.
n=700, N=600 | empirical mean (should be ~0): -0.0018609 | expectation: 1.9901
Eval n=700, NN=10000 | out-of-sample obj = 1.7351519 | rep = 2
Elapsed time is 0.448243 seconds.
n=700, N=600 | empirical mean (should be ~0): 0.00492867 | expectation: 1.9901
Eval n=700, NN=10000 | out-of-sample obj = 1.7370322 | rep = 3
Elapsed time is 0.437057 seconds.
n=700, N=600 | empirical mean (should be ~0): -0.00636772 | expectation: 1.9901
Eval n=700, NN=10000 | out-of-sample obj = 1.735658 | rep = 4
Elapsed time is 0.452848 seconds.
n=700, N=600 | empirical mean (should be ~0): 0.001705 | expectation: 1.9901
Eval n=700, NN=10000 | out-of-sample obj = 1.7371603 | rep = 5
Elapsed time is 0.486130 seconds.
Average eval for n=700, N=600 over 5 reps = 1.7365438
n=800, N=200 | empirical mean (should be ~0): -0.0159851 | expectation: 1.9901
Eval n=800, NN=10000 | out-of-sample obj = 1.7379872 | rep = 1
Elapsed time is 0.513258 seconds.
n=800, N=200 | empirical mean (should be ~0): 0.00031247 | expectation: 1.9901
Eval n=800, NN=10000 | out-of-sample obj = 1.7386844 | rep = 2
Elapsed time is 0.518839 seconds.
n=800, N=200 | empirical mean (should be ~0): 0.00298736 | expectation: 1.9901
Eval n=800, NN=10000 | out-of-sample obj = 1.7383626 | rep = 3
Elapsed time is 0.505607 seconds.
n=800, N=200 | empirical mean (should be ~0): -0.00137861 | expectation: 1.9901
Eval n=800, NN=10000 | out-of-sample obj = 1.7399471 | rep = 4
Elapsed time is 0.514823 seconds.
n=800, N=200 | empirical mean (should be ~0): 0.0025772 | expectation: 1.9901
Eval n=800, NN=10000 | out-of-sample obj = 1.7404283 | rep = 5
Elapsed time is 0.515313 seconds.
Average eval for n=800, N=200 over 5 reps = 1.7390819
n=800, N=400 | empirical mean (should be ~0): 0.00274107 | expectation: 1.9901
Eval n=800, NN=10000 | out-of-sample obj = 1.7365105 | rep = 1
Elapsed time is 0.517300 seconds.
n=800, N=400 | empirical mean (should be ~0): -0.000370083 | expectation: 1.9901
Eval n=800, NN=10000 | out-of-sample obj = 1.7363413 | rep = 2
Elapsed time is 0.518723 seconds.
n=800, N=400 | empirical mean (should be ~0): -0.00259839 | expectation: 1.9901
Eval n=800, NN=10000 | out-of-sample obj = 1.735934 | rep = 3
Elapsed time is 0.502862 seconds.
n=800, N=400 | empirical mean (should be ~0): 0.00222288 | expectation: 1.9901
Eval n=800, NN=10000 | out-of-sample obj = 1.7359433 | rep = 4
Elapsed time is 0.562269 seconds.
n=800, N=400 | empirical mean (should be ~0): -0.0078985 | expectation: 1.9901
Eval n=800, NN=10000 | out-of-sample obj = 1.7353995 | rep = 5
Elapsed time is 0.555312 seconds.
Average eval for n=800, N=400 over 5 reps = 1.7360257
n=800, N=600 | empirical mean (should be ~0): 0.00205231 | expectation: 1.9901
Eval n=800, NN=10000 | out-of-sample obj = 1.7352766 | rep = 1
Elapsed time is 0.589608 seconds.
n=800, N=600 | empirical mean (should be ~0): 0.00218788 | expectation: 1.9901
Eval n=800, NN=10000 | out-of-sample obj = 1.7354968 | rep = 2
Elapsed time is 0.586849 seconds.
n=800, N=600 | empirical mean (should be ~0): -0.00654928 | expectation: 1.9901
Eval n=800, NN=10000 | out-of-sample obj = 1.7348033 | rep = 3
Elapsed time is 0.626576 seconds.
n=800, N=600 | empirical mean (should be ~0): -0.00808064 | expectation: 1.9901
Eval n=800, NN=10000 | out-of-sample obj = 1.7340751 | rep = 4
Elapsed time is 0.632302 seconds.
n=800, N=600 | empirical mean (should be ~0): -0.00789361 | expectation: 1.9901
Eval n=800, NN=10000 | out-of-sample obj = 1.7347867 | rep = 5
Elapsed time is 0.612603 seconds.
Average eval for n=800, N=600 over 5 reps = 1.7348877
n=900, N=200 | empirical mean (should be ~0): 0.0165377 | expectation: 1.9901
Eval n=900, NN=10000 | out-of-sample obj = 1.7440429 | rep = 1
Elapsed time is 0.852757 seconds.
n=900, N=200 | empirical mean (should be ~0): -0.00831055 | expectation: 1.9901
Eval n=900, NN=10000 | out-of-sample obj = 1.7400386 | rep = 2
Elapsed time is 0.623869 seconds.
n=900, N=200 | empirical mean (should be ~0): -0.00979454 | expectation: 1.9901
Eval n=900, NN=10000 | out-of-sample obj = 1.7383301 | rep = 3
Elapsed time is 0.631429 seconds.
n=900, N=200 | empirical mean (should be ~0): -0.000401474 | expectation: 1.9901
Eval n=900, NN=10000 | out-of-sample obj = 1.7397816 | rep = 4
Elapsed time is 0.608880 seconds.
n=900, N=200 | empirical mean (should be ~0): -0.00926868 | expectation: 1.9901
Eval n=900, NN=10000 | out-of-sample obj = 1.7403409 | rep = 5
Elapsed time is 0.722461 seconds.
Average eval for n=900, N=200 over 5 reps = 1.7405068
n=900, N=400 | empirical mean (should be ~0): -3.32682e-05 | expectation: 1.9901
Eval n=900, NN=10000 | out-of-sample obj = 1.7358405 | rep = 1
Elapsed time is 0.567763 seconds.
n=900, N=400 | empirical mean (should be ~0): 0.00665371 | expectation: 1.9901
Eval n=900, NN=10000 | out-of-sample obj = 1.7333047 | rep = 2
Elapsed time is 0.575407 seconds.
n=900, N=400 | empirical mean (should be ~0): 0.00916964 | expectation: 1.9901
Eval n=900, NN=10000 | out-of-sample obj = 1.735222 | rep = 3
Elapsed time is 0.576555 seconds.
n=900, N=400 | empirical mean (should be ~0): -0.00768923 | expectation: 1.9901
Eval n=900, NN=10000 | out-of-sample obj = 1.7335715 | rep = 4
Elapsed time is 0.587572 seconds.
n=900, N=400 | empirical mean (should be ~0): 0.0125956 | expectation: 1.9901
Eval n=900, NN=10000 | out-of-sample obj = 1.7364511 | rep = 5
Elapsed time is 0.539546 seconds.
Average eval for n=900, N=400 over 5 reps = 1.734878
n=900, N=600 | empirical mean (should be ~0): 0.00180152 | expectation: 1.9901
Eval n=900, NN=10000 | out-of-sample obj = 1.7345322 | rep = 1
Elapsed time is 0.574858 seconds.
n=900, N=600 | empirical mean (should be ~0): -0.00781746 | expectation: 1.9901
Eval n=900, NN=10000 | out-of-sample obj = 1.7339089 | rep = 2
Elapsed time is 0.574460 seconds.
n=900, N=600 | empirical mean (should be ~0): 0.00653114 | expectation: 1.9901
Eval n=900, NN=10000 | out-of-sample obj = 1.7351602 | rep = 3
Elapsed time is 0.581110 seconds.
n=900, N=600 | empirical mean (should be ~0): 0.00560821 | expectation: 1.9901
Eval n=900, NN=10000 | out-of-sample obj = 1.7350929 | rep = 4
Elapsed time is 0.582904 seconds.
n=900, N=600 | empirical mean (should be ~0): 0.000998488 | expectation: 1.9901
Eval n=900, NN=10000 | out-of-sample obj = 1.734672 | rep = 5
Elapsed time is 0.546176 seconds.
Average eval for n=900, N=600 over 5 reps = 1.7346732
n=1000, N=200 | empirical mean (should be ~0): 0.0130131 | expectation: 1.9901
Eval n=1000, NN=10000 | out-of-sample obj = 1.7406404 | rep = 1
Elapsed time is 0.640549 seconds.
n=1000, N=200 | empirical mean (should be ~0): 0.00777469 | expectation: 1.9901
Eval n=1000, NN=10000 | out-of-sample obj = 1.7408615 | rep = 2
Elapsed time is 0.621136 seconds.
n=1000, N=200 | empirical mean (should be ~0): -0.00124147 | expectation: 1.9901
Eval n=1000, NN=10000 | out-of-sample obj = 1.7421742 | rep = 3
Elapsed time is 0.796752 seconds.
n=1000, N=200 | empirical mean (should be ~0): 0.00418558 | expectation: 1.9901
Eval n=1000, NN=10000 | out-of-sample obj = 1.7430317 | rep = 4
Elapsed time is 0.623557 seconds.
n=1000, N=200 | empirical mean (should be ~0): -0.0194626 | expectation: 1.9901
Eval n=1000, NN=10000 | out-of-sample obj = 1.7405563 | rep = 5
Elapsed time is 0.643302 seconds.
Average eval for n=1000, N=200 over 5 reps = 1.7414528
n=1000, N=400 | empirical mean (should be ~0): -0.00247082 | expectation: 1.9901
Eval n=1000, NN=10000 | out-of-sample obj = 1.7342235 | rep = 1
Elapsed time is 0.613182 seconds.
n=1000, N=400 | empirical mean (should be ~0): -0.00207421 | expectation: 1.9901
Eval n=1000, NN=10000 | out-of-sample obj = 1.7341932 | rep = 2
Elapsed time is 0.626383 seconds.
n=1000, N=400 | empirical mean (should be ~0): -0.0072638 | expectation: 1.9901
Eval n=1000, NN=10000 | out-of-sample obj = 1.7352462 | rep = 3
Elapsed time is 0.653893 seconds.
n=1000, N=400 | empirical mean (should be ~0): 0.00190473 | expectation: 1.9901
Eval n=1000, NN=10000 | out-of-sample obj = 1.7341343 | rep = 4
Elapsed time is 0.634393 seconds.
n=1000, N=400 | empirical mean (should be ~0): 0.00321249 | expectation: 1.9901
Eval n=1000, NN=10000 | out-of-sample obj = 1.7348458 | rep = 5
Elapsed time is 0.617988 seconds.
Average eval for n=1000, N=400 over 5 reps = 1.7345286
n=1000, N=600 | empirical mean (should be ~0): -0.0030529 | expectation: 1.9901
Eval n=1000, NN=10000 | out-of-sample obj = 1.7337433 | rep = 1
Elapsed time is 0.647009 seconds.
n=1000, N=600 | empirical mean (should be ~0): -0.00547759 | expectation: 1.9901
Eval n=1000, NN=10000 | out-of-sample obj = 1.7345139 | rep = 2
Elapsed time is 0.626605 seconds.
n=1000, N=600 | empirical mean (should be ~0): 0.0019987 | expectation: 1.9901
Eval n=1000, NN=10000 | out-of-sample obj = 1.7331203 | rep = 3
Elapsed time is 0.615649 seconds.
n=1000, N=600 | empirical mean (should be ~0): 0.0130152 | expectation: 1.9901
Eval n=1000, NN=10000 | out-of-sample obj = 1.7334456 | rep = 4
Elapsed time is 0.618654 seconds.
n=1000, N=600 | empirical mean (should be ~0): -0.00281408 | expectation: 1.9901
Eval n=1000, NN=10000 | out-of-sample obj = 1.7320278 | rep = 5
Elapsed time is 0.659217 seconds.
Average eval for n=1000, N=600 over 5 reps = 1.7333702
n=1500, N=200 | empirical mean (should be ~0): 0.00638926 | expectation: 1.9901
Eval n=1500, NN=10000 | out-of-sample obj = 1.7432404 | rep = 1
Elapsed time is 0.922766 seconds.
n=1500, N=200 | empirical mean (should be ~0): 0.00382695 | expectation: 1.9901
Eval n=1500, NN=10000 | out-of-sample obj = 1.7424084 | rep = 2
Elapsed time is 0.969596 seconds.
n=1500, N=200 | empirical mean (should be ~0): -0.00279454 | expectation: 1.9901
Eval n=1500, NN=10000 | out-of-sample obj = 1.7425362 | rep = 3
Elapsed time is 0.938718 seconds.
n=1500, N=200 | empirical mean (should be ~0): 0.00043294 | expectation: 1.9901
Eval n=1500, NN=10000 | out-of-sample obj = 1.7420629 | rep = 4
Elapsed time is 0.974059 seconds.
n=1500, N=200 | empirical mean (should be ~0): -0.00498621 | expectation: 1.9901
Eval n=1500, NN=10000 | out-of-sample obj = 1.7433401 | rep = 5
Elapsed time is 0.969244 seconds.
Average eval for n=1500, N=200 over 5 reps = 1.7427176
n=1500, N=400 | empirical mean (should be ~0): 0.00146399 | expectation: 1.9901
Eval n=1500, NN=10000 | out-of-sample obj = 1.7322789 | rep = 1
Elapsed time is 1.011292 seconds.
n=1500, N=400 | empirical mean (should be ~0): -0.00182619 | expectation: 1.9901
Eval n=1500, NN=10000 | out-of-sample obj = 1.7336461 | rep = 2
Elapsed time is 0.897247 seconds.
n=1500, N=400 | empirical mean (should be ~0): -0.00331348 | expectation: 1.9901
Eval n=1500, NN=10000 | out-of-sample obj = 1.7316938 | rep = 3
Elapsed time is 0.968316 seconds.
n=1500, N=400 | empirical mean (should be ~0): 0.000963925 | expectation: 1.9901
Eval n=1500, NN=10000 | out-of-sample obj = 1.7329683 | rep = 4
Elapsed time is 0.967835 seconds.
n=1500, N=400 | empirical mean (should be ~0): -0.00281966 | expectation: 1.9901
Eval n=1500, NN=10000 | out-of-sample obj = 1.7313435 | rep = 5
Elapsed time is 0.941272 seconds.
Average eval for n=1500, N=400 over 5 reps = 1.7323861
n=1500, N=600 | empirical mean (should be ~0): 0.00214528 | expectation: 1.9901
Eval n=1500, NN=10000 | out-of-sample obj = 1.730442 | rep = 1
Elapsed time is 0.936680 seconds.
n=1500, N=600 | empirical mean (should be ~0): -0.000391109 | expectation: 1.9901
Eval n=1500, NN=10000 | out-of-sample obj = 1.7314616 | rep = 2
Elapsed time is 0.967331 seconds.
n=1500, N=600 | empirical mean (should be ~0): 0.00135176 | expectation: 1.9901
Eval n=1500, NN=10000 | out-of-sample obj = 1.7312518 | rep = 3
Elapsed time is 0.963231 seconds.
n=1500, N=600 | empirical mean (should be ~0): 0.00598444 | expectation: 1.9901
Eval n=1500, NN=10000 | out-of-sample obj = 1.7303915 | rep = 4
Elapsed time is 0.905800 seconds.
n=1500, N=600 | empirical mean (should be ~0): -0.00349912 | expectation: 1.9901
Eval n=1500, NN=10000 | out-of-sample obj = 1.7304584 | rep = 5
Elapsed time is 1.051142 seconds.
Average eval for n=1500, N=600 over 5 reps = 1.730801
n=2000, N=200 | empirical mean (should be ~0): 0.00184015 | expectation: 1.9901
Eval n=2000, NN=10000 | out-of-sample obj = 1.7429774 | rep = 1
Elapsed time is 1.274936 seconds.
n=2000, N=200 | empirical mean (should be ~0): -0.00748286 | expectation: 1.9901
Eval n=2000, NN=10000 | out-of-sample obj = 1.742556 | rep = 2
Elapsed time is 1.312868 seconds.
n=2000, N=200 | empirical mean (should be ~0): 0.000149544 | expectation: 1.9901
Eval n=2000, NN=10000 | out-of-sample obj = 1.7441462 | rep = 3
Elapsed time is 1.311211 seconds.
n=2000, N=200 | empirical mean (should be ~0): -0.00101839 | expectation: 1.9901
Eval n=2000, NN=10000 | out-of-sample obj = 1.742589 | rep = 4
Elapsed time is 1.218194 seconds.
n=2000, N=200 | empirical mean (should be ~0): 0.00594647 | expectation: 1.9901
Eval n=2000, NN=10000 | out-of-sample obj = 1.7467646 | rep = 5
Elapsed time is 1.296253 seconds.
Average eval for n=2000, N=200 over 5 reps = 1.7438066
n=2000, N=400 | empirical mean (should be ~0): -0.00668189 | expectation: 1.9901
Eval n=2000, NN=10000 | out-of-sample obj = 1.7322986 | rep = 1
Elapsed time is 1.318905 seconds.
n=2000, N=400 | empirical mean (should be ~0): 0.00184717 | expectation: 1.9901
Eval n=2000, NN=10000 | out-of-sample obj = 1.732056 | rep = 2
Elapsed time is 1.297006 seconds.
n=2000, N=400 | empirical mean (should be ~0): -0.00287673 | expectation: 1.9901
Eval n=2000, NN=10000 | out-of-sample obj = 1.732911 | rep = 3
Elapsed time is 1.289060 seconds.
n=2000, N=400 | empirical mean (should be ~0): 0.00144396 | expectation: 1.9901
Eval n=2000, NN=10000 | out-of-sample obj = 1.7334279 | rep = 4
Elapsed time is 1.283745 seconds.
n=2000, N=400 | empirical mean (should be ~0): -0.00143179 | expectation: 1.9901
Eval n=2000, NN=10000 | out-of-sample obj = 1.7343374 | rep = 5
Elapsed time is 1.262136 seconds.
Average eval for n=2000, N=400 over 5 reps = 1.7330062
n=2000, N=600 | empirical mean (should be ~0): -0.00449688 | expectation: 1.9901
Eval n=2000, NN=10000 | out-of-sample obj = 1.7293171 | rep = 1
Elapsed time is 1.249900 seconds.
n=2000, N=600 | empirical mean (should be ~0): -0.000129979 | expectation: 1.9901
Eval n=2000, NN=10000 | out-of-sample obj = 1.7305084 | rep = 2
Elapsed time is 1.258072 seconds.
n=2000, N=600 | empirical mean (should be ~0): 0.00175358 | expectation: 1.9901
Eval n=2000, NN=10000 | out-of-sample obj = 1.7291531 | rep = 3
Elapsed time is 1.307858 seconds.
n=2000, N=600 | empirical mean (should be ~0): 0.00191969 | expectation: 1.9901
Eval n=2000, NN=10000 | out-of-sample obj = 1.7316192 | rep = 4
Elapsed time is 1.221172 seconds.
n=2000, N=600 | empirical mean (should be ~0): 0.00607586 | expectation: 1.9901
Eval n=2000, NN=10000 | out-of-sample obj = 1.729362 | rep = 5
Elapsed time is 1.237710 seconds.
Average eval for n=2000, N=600 over 5 reps = 1.729992
n=5000, N=200 | empirical mean (should be ~0): -0.0114225 | expectation: 1.9901
Eval n=5000, NN=10000 | out-of-sample obj = 1.75145 | rep = 1
Elapsed time is 3.198440 seconds.
n=5000, N=200 | empirical mean (should be ~0): -0.00283099 | expectation: 1.9901
Eval n=5000, NN=10000 | out-of-sample obj = 1.7453993 | rep = 2
Elapsed time is 3.107056 seconds.
n=5000, N=200 | empirical mean (should be ~0): -0.00135702 | expectation: 1.9901
Eval n=5000, NN=10000 | out-of-sample obj = 1.7505001 | rep = 3
Elapsed time is 3.275015 seconds.
n=5000, N=200 | empirical mean (should be ~0): 0.00218285 | expectation: 1.9901
Eval n=5000, NN=10000 | out-of-sample obj = 1.7517302 | rep = 4
Elapsed time is 3.222608 seconds.
n=5000, N=200 | empirical mean (should be ~0): 0.000559054 | expectation: 1.9901
Eval n=5000, NN=10000 | out-of-sample obj = 1.7546092 | rep = 5
Elapsed time is 3.089775 seconds.
Average eval for n=5000, N=200 over 5 reps = 1.7507378
n=5000, N=400 | empirical mean (should be ~0): -0.00178532 | expectation: 1.9901
Eval n=5000, NN=10000 | out-of-sample obj = 1.7333643 | rep = 1
Elapsed time is 3.317281 seconds.
n=5000, N=400 | empirical mean (should be ~0): -0.00123357 | expectation: 1.9901
Eval n=5000, NN=10000 | out-of-sample obj = 1.7340362 | rep = 2
Elapsed time is 3.293406 seconds.
n=5000, N=400 | empirical mean (should be ~0): -0.000224433 | expectation: 1.9901
Eval n=5000, NN=10000 | out-of-sample obj = 1.7342427 | rep = 3
Elapsed time is 3.304186 seconds.
n=5000, N=400 | empirical mean (should be ~0): 0.000283197 | expectation: 1.9901
Eval n=5000, NN=10000 | out-of-sample obj = 1.7360135 | rep = 4
Elapsed time is 2.980320 seconds.
n=5000, N=400 | empirical mean (should be ~0): 0.00363684 | expectation: 1.9901
Eval n=5000, NN=10000 | out-of-sample obj = 1.7370948 | rep = 5
Elapsed time is 2.991351 seconds.
Average eval for n=5000, N=400 over 5 reps = 1.7349503
n=5000, N=600 | empirical mean (should be ~0): 0.00616045 | expectation: 1.9901
Eval n=5000, NN=10000 | out-of-sample obj = 1.8747905 | rep = 1
Elapsed time is 3.242850 seconds.
n=5000, N=600 | empirical mean (should be ~0): 0.00093647 | expectation: 1.9901
Eval n=5000, NN=10000 | out-of-sample obj = 1.7290873 | rep = 2
Elapsed time is 3.434719 seconds.
n=5000, N=600 | empirical mean (should be ~0): -0.0010523 | expectation: 1.9901
Eval n=5000, NN=10000 | out-of-sample obj = 1.7291628 | rep = 3
Elapsed time is 2.787926 seconds.
n=5000, N=600 | empirical mean (should be ~0): 0.000169993 | expectation: 1.9901
Eval n=5000, NN=10000 | out-of-sample obj = 1.7277016 | rep = 4
Elapsed time is 3.356039 seconds.
n=5000, N=600 | empirical mean (should be ~0): -0.00303655 | expectation: 1.9901
Eval n=5000, NN=10000 | out-of-sample obj = 1.7277131 | rep = 5
Elapsed time is 3.119237 seconds.
Average eval for n=5000, N=600 over 5 reps = 1.757691
Error using save
Unable to write to file
'/blue/yu.yang1/haoran.liu/SAA_heavy_tail/experiment_results_replications_1point01_20251019_194504.mat'
because it appears to be corrupt.

Error in SAA_varyingN_replication_1point01_new (line 203)

Error in run (line 112)
evalin('caller', strcat(scriptStem, ';'));
^^^^^^^^^^^^^^^^^^^^^^^^^^^^^^^^^^^^^^^^^
