You already have the most recent version of MATLAB Connector installed.
You already have the most recent version of MATLAB Connector installed.

                            < M A T L A B (R) >
                  Copyright 1984-2024 The MathWorks, Inc.
             R2024b Update 1 (24.2.0.2740171) 64-bit (glnxa64)
                             September 20, 2024

 
To get started, type doc.
For product information, visit www.mathworks.com.
 
n=100, N=200 | empirical mean (should be ~0): 0.0310965 | expectation: 1.9901
Eval n=100, NN=10000 | out-of-sample obj = 1.7719724 | rep = 1
n=100, N=200 | empirical mean (should be ~0): 0.0194283 | expectation: 1.9901
Eval n=100, NN=10000 | out-of-sample obj = 1.7643244 | rep = 2
n=100, N=200 | empirical mean (should be ~0): -0.00588127 | expectation: 1.9901
Eval n=100, NN=10000 | out-of-sample obj = 1.7638946 | rep = 3
n=100, N=200 | empirical mean (should be ~0): -0.0257912 | expectation: 1.9901
Eval n=100, NN=10000 | out-of-sample obj = 1.7586513 | rep = 4
n=100, N=200 | empirical mean (should be ~0): -0.0552027 | expectation: 1.9901
Eval n=100, NN=10000 | out-of-sample obj = 1.7555596 | rep = 5
Average eval for n=100, N=200 over 5 reps = 1.7628805
n=100, N=400 | empirical mean (should be ~0): 0.0169306 | expectation: 1.9901
Eval n=100, NN=10000 | out-of-sample obj = 1.7543029 | rep = 1
n=100, N=400 | empirical mean (should be ~0): 0.026065 | expectation: 1.9901
Eval n=100, NN=10000 | out-of-sample obj = 1.7584882 | rep = 2
n=100, N=400 | empirical mean (should be ~0): 0.00477927 | expectation: 1.9901
Eval n=100, NN=10000 | out-of-sample obj = 1.7570064 | rep = 3
n=100, N=400 | empirical mean (should be ~0): -0.0206257 | expectation: 1.9901
Eval n=100, NN=10000 | out-of-sample obj = 1.7546633 | rep = 4
n=100, N=400 | empirical mean (should be ~0): 0.00954587 | expectation: 1.9901
Eval n=100, NN=10000 | out-of-sample obj = 1.7556977 | rep = 5
Average eval for n=100, N=400 over 5 reps = 1.7560317
n=100, N=600 | empirical mean (should be ~0): 0.00953481 | expectation: 1.9901
Eval n=100, NN=10000 | out-of-sample obj = 1.7538404 | rep = 1
n=100, N=600 | empirical mean (should be ~0): 0.00395871 | expectation: 1.9901
Eval n=100, NN=10000 | out-of-sample obj = 1.7531692 | rep = 2
n=100, N=600 | empirical mean (should be ~0): 0.0187027 | expectation: 1.9901
Eval n=100, NN=10000 | out-of-sample obj = 1.7550533 | rep = 3
n=100, N=600 | empirical mean (should be ~0): 0.0132661 | expectation: 1.9901
Eval n=100, NN=10000 | out-of-sample obj = 1.7536869 | rep = 4
n=100, N=600 | empirical mean (should be ~0): 0.00262617 | expectation: 1.9901
Eval n=100, NN=10000 | out-of-sample obj = 1.7535088 | rep = 5
Average eval for n=100, N=600 over 5 reps = 1.7538517
n=200, N=200 | empirical mean (should be ~0): -0.0174688 | expectation: 1.9901
Eval n=200, NN=10000 | out-of-sample obj = 1.7888518 | rep = 1
n=200, N=200 | empirical mean (should be ~0): -0.0149149 | expectation: 1.9901
Eval n=200, NN=10000 | out-of-sample obj = 1.8049341 | rep = 2
n=200, N=200 | empirical mean (should be ~0): -0.00874926 | expectation: 1.9901
Eval n=200, NN=10000 | out-of-sample obj = 1.8203951 | rep = 3
n=200, N=200 | empirical mean (should be ~0): 0.0140076 | expectation: 1.9901
Eval n=200, NN=10000 | out-of-sample obj = 1.8204954 | rep = 4
n=200, N=200 | empirical mean (should be ~0): 0.00948837 | expectation: 1.9901
Eval n=200, NN=10000 | out-of-sample obj = 1.8325449 | rep = 5
Average eval for n=200, N=200 over 5 reps = 1.8134443
n=200, N=400 | empirical mean (should be ~0): -0.0226957 | expectation: 1.9901
Eval n=200, NN=10000 | out-of-sample obj = 1.7965644 | rep = 1
n=200, N=400 | empirical mean (should be ~0): -0.00151666 | expectation: 1.9901
Eval n=200, NN=10000 | out-of-sample obj = 1.8010343 | rep = 2
n=200, N=400 | empirical mean (should be ~0): -0.000605646 | expectation: 1.9901
Eval n=200, NN=10000 | out-of-sample obj = 1.7909147 | rep = 3
n=200, N=400 | empirical mean (should be ~0): -0.00311068 | expectation: 1.9901
Eval n=200, NN=10000 | out-of-sample obj = 1.7826558 | rep = 4
n=200, N=400 | empirical mean (should be ~0): 0.0104461 | expectation: 1.9901
Eval n=200, NN=10000 | out-of-sample obj = 1.7983516 | rep = 5
Average eval for n=200, N=400 over 5 reps = 1.7939042
n=200, N=600 | empirical mean (should be ~0): -0.00161847 | expectation: 1.9901
Eval n=200, NN=10000 | out-of-sample obj = 1.8246014 | rep = 1
n=200, N=600 | empirical mean (should be ~0): 2.59484e-05 | expectation: 1.9901
Eval n=200, NN=10000 | out-of-sample obj = 1.7861016 | rep = 2
n=200, N=600 | empirical mean (should be ~0): 0.0141734 | expectation: 1.9901
Eval n=200, NN=10000 | out-of-sample obj = 1.8015389 | rep = 3
n=200, N=600 | empirical mean (should be ~0): -0.00290268 | expectation: 1.9901
Eval n=200, NN=10000 | out-of-sample obj = 1.802512 | rep = 4
n=200, N=600 | empirical mean (should be ~0): -0.00823643 | expectation: 1.9901
Eval n=200, NN=10000 | out-of-sample obj = 1.7849991 | rep = 5
Average eval for n=200, N=600 over 5 reps = 1.7999506
n=300, N=200 | empirical mean (should be ~0): 0.0154016 | expectation: 1.9901
Eval n=300, NN=10000 | out-of-sample obj = 1.8588925 | rep = 1
n=300, N=200 | empirical mean (should be ~0): 0.00522546 | expectation: 1.9901
Eval n=300, NN=10000 | out-of-sample obj = 1.9304525 | rep = 2
n=300, N=200 | empirical mean (should be ~0): 0.0165111 | expectation: 1.9901
Eval n=300, NN=10000 | out-of-sample obj = 1.8771265 | rep = 3
n=300, N=200 | empirical mean (should be ~0): 0.0253239 | expectation: 1.9901
Eval n=300, NN=10000 | out-of-sample obj = 1.8867418 | rep = 4
n=300, N=200 | empirical mean (should be ~0): -0.0046886 | expectation: 1.9901
Eval n=300, NN=10000 | out-of-sample obj = 1.8263979 | rep = 5
Average eval for n=300, N=200 over 5 reps = 1.8759222
n=300, N=400 | empirical mean (should be ~0): 0.00392529 | expectation: 1.9901
Eval n=300, NN=10000 | out-of-sample obj = 1.8289999 | rep = 1
n=300, N=400 | empirical mean (should be ~0): 0.0111977 | expectation: 1.9901
Eval n=300, NN=10000 | out-of-sample obj = 1.849663 | rep = 2
n=300, N=400 | empirical mean (should be ~0): 0.000721803 | expectation: 1.9901
Eval n=300, NN=10000 | out-of-sample obj = 1.8337842 | rep = 3
n=300, N=400 | empirical mean (should be ~0): -0.0141438 | expectation: 1.9901
Eval n=300, NN=10000 | out-of-sample obj = 1.8148924 | rep = 4
n=300, N=400 | empirical mean (should be ~0): -0.0193795 | expectation: 1.9901
Eval n=300, NN=10000 | out-of-sample obj = 1.815495 | rep = 5
Average eval for n=300, N=400 over 5 reps = 1.8285669
n=300, N=600 | empirical mean (should be ~0): 0.00502381 | expectation: 1.9901
Eval n=300, NN=10000 | out-of-sample obj = 1.8126862 | rep = 1
n=300, N=600 | empirical mean (should be ~0): -0.00778301 | expectation: 1.9901
Eval n=300, NN=10000 | out-of-sample obj = 1.7892837 | rep = 2
n=300, N=600 | empirical mean (should be ~0): 0.00292707 | expectation: 1.9901
Eval n=300, NN=10000 | out-of-sample obj = 1.8087451 | rep = 3
n=300, N=600 | empirical mean (should be ~0): 0.00198976 | expectation: 1.9901
Eval n=300, NN=10000 | out-of-sample obj = 1.8318212 | rep = 4
n=300, N=600 | empirical mean (should be ~0): 0.0130276 | expectation: 1.9901
Eval n=300, NN=10000 | out-of-sample obj = 1.8638097 | rep = 5
Average eval for n=300, N=600 over 5 reps = 1.8212692
n=400, N=200 | empirical mean (should be ~0): -0.000368426 | expectation: 1.9901
Eval n=400, NN=10000 | out-of-sample obj = 1.7577479 | rep = 1
n=400, N=200 | empirical mean (should be ~0): -0.000615683 | expectation: 1.9901
Eval n=400, NN=10000 | out-of-sample obj = 1.759311 | rep = 2
n=400, N=200 | empirical mean (should be ~0): 0.00261557 | expectation: 1.9901
Eval n=400, NN=10000 | out-of-sample obj = 1.7586094 | rep = 3
n=400, N=200 | empirical mean (should be ~0): -0.0172883 | expectation: 1.9901
Eval n=400, NN=10000 | out-of-sample obj = 1.7535177 | rep = 4
n=400, N=200 | empirical mean (should be ~0): 0.00244494 | expectation: 1.9901
Eval n=400, NN=10000 | out-of-sample obj = 1.7694432 | rep = 5
Average eval for n=400, N=200 over 5 reps = 1.7597259
n=400, N=400 | empirical mean (should be ~0): -0.00108235 | expectation: 1.9901
Eval n=400, NN=10000 | out-of-sample obj = 1.7566389 | rep = 1
n=400, N=400 | empirical mean (should be ~0): 0.000620819 | expectation: 1.9901
Eval n=400, NN=10000 | out-of-sample obj = 1.7538268 | rep = 2
n=400, N=400 | empirical mean (should be ~0): 0.00331 | expectation: 1.9901
Eval n=400, NN=10000 | out-of-sample obj = 1.7571545 | rep = 3
n=400, N=400 | empirical mean (should be ~0): -0.00748103 | expectation: 1.9901
Eval n=400, NN=10000 | out-of-sample obj = 1.7515399 | rep = 4
n=400, N=400 | empirical mean (should be ~0): -0.00365059 | expectation: 1.9901
Eval n=400, NN=10000 | out-of-sample obj = 1.7591472 | rep = 5
Average eval for n=400, N=400 over 5 reps = 1.7556615
n=400, N=600 | empirical mean (should be ~0): -0.0123062 | expectation: 1.9901
Eval n=400, NN=10000 | out-of-sample obj = 1.7536404 | rep = 1
n=400, N=600 | empirical mean (should be ~0): -0.00547347 | expectation: 1.9901
Eval n=400, NN=10000 | out-of-sample obj = 1.750198 | rep = 2
n=400, N=600 | empirical mean (should be ~0): 0.00370609 | expectation: 1.9901
Eval n=400, NN=10000 | out-of-sample obj = 1.7596237 | rep = 3
n=400, N=600 | empirical mean (should be ~0): 0.00252009 | expectation: 1.9901
Eval n=400, NN=10000 | out-of-sample obj = 1.7686779 | rep = 4
n=400, N=600 | empirical mean (should be ~0): 0.00026078 | expectation: 1.9901
Eval n=400, NN=10000 | out-of-sample obj = 1.760972 | rep = 5
Average eval for n=400, N=600 over 5 reps = 1.7586224
n=500, N=200 | empirical mean (should be ~0): 0.00496765 | expectation: 1.9901
Eval n=500, NN=10000 | out-of-sample obj = 1.870713 | rep = 1
n=500, N=200 | empirical mean (should be ~0): -0.0154837 | expectation: 1.9901
Eval n=500, NN=10000 | out-of-sample obj = 1.8501257 | rep = 2
n=500, N=200 | empirical mean (should be ~0): -0.00525386 | expectation: 1.9901
Eval n=500, NN=10000 | out-of-sample obj = 1.8740759 | rep = 3
n=500, N=200 | empirical mean (should be ~0): -0.00266798 | expectation: 1.9901
Eval n=500, NN=10000 | out-of-sample obj = 1.8698187 | rep = 4
n=500, N=200 | empirical mean (should be ~0): -0.00576365 | expectation: 1.9901
Eval n=500, NN=10000 | out-of-sample obj = 1.8566529 | rep = 5
Average eval for n=500, N=200 over 5 reps = 1.8642772
n=500, N=400 | empirical mean (should be ~0): -0.00539718 | expectation: 1.9901
Eval n=500, NN=10000 | out-of-sample obj = 1.8747006 | rep = 1
n=500, N=400 | empirical mean (should be ~0): -0.0151263 | expectation: 1.9901
Eval n=500, NN=10000 | out-of-sample obj = 1.8766479 | rep = 2
n=500, N=400 | empirical mean (should be ~0): -0.00573779 | expectation: 1.9901
Eval n=500, NN=10000 | out-of-sample obj = 1.8629124 | rep = 3
n=500, N=400 | empirical mean (should be ~0): -0.00712337 | expectation: 1.9901
Eval n=500, NN=10000 | out-of-sample obj = 1.8653824 | rep = 4
n=500, N=400 | empirical mean (should be ~0): -0.00664119 | expectation: 1.9901
Eval n=500, NN=10000 | out-of-sample obj = 1.8507468 | rep = 5
Average eval for n=500, N=400 over 5 reps = 1.866078
n=500, N=600 | empirical mean (should be ~0): -0.000882436 | expectation: 1.9901
Eval n=500, NN=10000 | out-of-sample obj = 1.9080278 | rep = 1
n=500, N=600 | empirical mean (should be ~0): -0.010734 | expectation: 1.9901
Eval n=500, NN=10000 | out-of-sample obj = 1.8284446 | rep = 2
n=500, N=600 | empirical mean (should be ~0): 0.00145746 | expectation: 1.9901
Eval n=500, NN=10000 | out-of-sample obj = 1.8420987 | rep = 3
n=500, N=600 | empirical mean (should be ~0): -0.00341645 | expectation: 1.9901
Eval n=500, NN=10000 | out-of-sample obj = 1.9200135 | rep = 4
n=500, N=600 | empirical mean (should be ~0): 0.00284598 | expectation: 1.9901
Eval n=500, NN=10000 | out-of-sample obj = 1.8402812 | rep = 5
Average eval for n=500, N=600 over 5 reps = 1.8677732
n=600, N=200 | empirical mean (should be ~0): 0.00390287 | expectation: 1.9901
Eval n=600, NN=10000 | out-of-sample obj = 1.8349393 | rep = 1
n=600, N=200 | empirical mean (should be ~0): 0.00311787 | expectation: 1.9901
Eval n=600, NN=10000 | out-of-sample obj = 1.8624013 | rep = 2
n=600, N=200 | empirical mean (should be ~0): -0.00339935 | expectation: 1.9901
Eval n=600, NN=10000 | out-of-sample obj = 1.8552465 | rep = 3
n=600, N=200 | empirical mean (should be ~0): 0.00234198 | expectation: 1.9901
Eval n=600, NN=10000 | out-of-sample obj = 1.8570744 | rep = 4
n=600, N=200 | empirical mean (should be ~0): -0.00637739 | expectation: 1.9901
Eval n=600, NN=10000 | out-of-sample obj = 1.8437237 | rep = 5
Average eval for n=600, N=200 over 5 reps = 1.850677
n=600, N=400 | empirical mean (should be ~0): -0.00886103 | expectation: 1.9901
Eval n=600, NN=10000 | out-of-sample obj = 1.8334801 | rep = 1
n=600, N=400 | empirical mean (should be ~0): 0.00268354 | expectation: 1.9901
Eval n=600, NN=10000 | out-of-sample obj = 1.8358317 | rep = 2
n=600, N=400 | empirical mean (should be ~0): 0.00271849 | expectation: 1.9901
Eval n=600, NN=10000 | out-of-sample obj = 1.8227833 | rep = 3
n=600, N=400 | empirical mean (should be ~0): 0.00174594 | expectation: 1.9901
Eval n=600, NN=10000 | out-of-sample obj = 1.837426 | rep = 4
n=600, N=400 | empirical mean (should be ~0): 0.0541953 | expectation: 1.9901
Eval n=600, NN=10000 | out-of-sample obj = 2.4075465 | rep = 5
Average eval for n=600, N=400 over 5 reps = 1.9474135
n=600, N=600 | empirical mean (should be ~0): 0.000920161 | expectation: 1.9901
Eval n=600, NN=10000 | out-of-sample obj = 1.8372553 | rep = 1
n=600, N=600 | empirical mean (should be ~0): 0.00188645 | expectation: 1.9901
Eval n=600, NN=10000 | out-of-sample obj = 1.8696436 | rep = 2
n=600, N=600 | empirical mean (should be ~0): 0.00669608 | expectation: 1.9901
Eval n=600, NN=10000 | out-of-sample obj = 1.8359496 | rep = 3
n=600, N=600 | empirical mean (should be ~0): 0.0056674 | expectation: 1.9901
Eval n=600, NN=10000 | out-of-sample obj = 1.8325091 | rep = 4
n=600, N=600 | empirical mean (should be ~0): -0.0114725 | expectation: 1.9901
Eval n=600, NN=10000 | out-of-sample obj = 1.8225421 | rep = 5
Average eval for n=600, N=600 over 5 reps = 1.8395799
n=700, N=200 | empirical mean (should be ~0): 0.000320207 | expectation: 1.9901
Eval n=700, NN=10000 | out-of-sample obj = 1.8139474 | rep = 1
n=700, N=200 | empirical mean (should be ~0): 0.00515575 | expectation: 1.9901
Eval n=700, NN=10000 | out-of-sample obj = 1.8444019 | rep = 2
n=700, N=200 | empirical mean (should be ~0): 0.00612697 | expectation: 1.9901
Eval n=700, NN=10000 | out-of-sample obj = 1.8258372 | rep = 3
n=700, N=200 | empirical mean (should be ~0): -0.00568283 | expectation: 1.9901
Eval n=700, NN=10000 | out-of-sample obj = 1.8184767 | rep = 4
n=700, N=200 | empirical mean (should be ~0): -0.00575294 | expectation: 1.9901
Eval n=700, NN=10000 | out-of-sample obj = 1.8188656 | rep = 5
Average eval for n=700, N=200 over 5 reps = 1.8243058
n=700, N=400 | empirical mean (should be ~0): -0.00131874 | expectation: 1.9901
Eval n=700, NN=10000 | out-of-sample obj = 1.8245208 | rep = 1
n=700, N=400 | empirical mean (should be ~0): -0.00986786 | expectation: 1.9901
Eval n=700, NN=10000 | out-of-sample obj = 1.7981816 | rep = 2
n=700, N=400 | empirical mean (should be ~0): 0.00164798 | expectation: 1.9901
Eval n=700, NN=10000 | out-of-sample obj = 1.8108343 | rep = 3
n=700, N=400 | empirical mean (should be ~0): -0.00307495 | expectation: 1.9901
Eval n=700, NN=10000 | out-of-sample obj = 1.8024312 | rep = 4
n=700, N=400 | empirical mean (should be ~0): 0.000490537 | expectation: 1.9901
Eval n=700, NN=10000 | out-of-sample obj = 1.8025827 | rep = 5
Average eval for n=700, N=400 over 5 reps = 1.8077101
n=700, N=600 | empirical mean (should be ~0): -0.00395189 | expectation: 1.9901
Eval n=700, NN=10000 | out-of-sample obj = 1.8052955 | rep = 1
n=700, N=600 | empirical mean (should be ~0): -0.00725894 | expectation: 1.9901
Eval n=700, NN=10000 | out-of-sample obj = 1.7998361 | rep = 2
n=700, N=600 | empirical mean (should be ~0): 0.0010709 | expectation: 1.9901
Eval n=700, NN=10000 | out-of-sample obj = 1.804736 | rep = 3
n=700, N=600 | empirical mean (should be ~0): -0.00276666 | expectation: 1.9901
Eval n=700, NN=10000 | out-of-sample obj = 1.8017011 | rep = 4
n=700, N=600 | empirical mean (should be ~0): -0.00513868 | expectation: 1.9901
Eval n=700, NN=10000 | out-of-sample obj = 1.8037829 | rep = 5
Average eval for n=700, N=600 over 5 reps = 1.8030703
n=800, N=200 | empirical mean (should be ~0): -0.0176245 | expectation: 1.9901
Eval n=800, NN=10000 | out-of-sample obj = 1.8334526 | rep = 1
n=800, N=200 | empirical mean (should be ~0): 0.00285539 | expectation: 1.9901
Eval n=800, NN=10000 | out-of-sample obj = 1.8268231 | rep = 2
n=800, N=200 | empirical mean (should be ~0): -0.00272885 | expectation: 1.9901
Eval n=800, NN=10000 | out-of-sample obj = 1.837033 | rep = 3
n=800, N=200 | empirical mean (should be ~0): 0.0202261 | expectation: 1.9901
Eval n=800, NN=10000 | out-of-sample obj = 1.9513782 | rep = 4
n=800, N=200 | empirical mean (should be ~0): -4.83408e-05 | expectation: 1.9901
Eval n=800, NN=10000 | out-of-sample obj = 1.834581 | rep = 5
Average eval for n=800, N=200 over 5 reps = 1.8566536
n=800, N=400 | empirical mean (should be ~0): -0.0130786 | expectation: 1.9901
Eval n=800, NN=10000 | out-of-sample obj = 1.8043446 | rep = 1
n=800, N=400 | empirical mean (should be ~0): -0.000815814 | expectation: 1.9901
Eval n=800, NN=10000 | out-of-sample obj = 1.8171916 | rep = 2
n=800, N=400 | empirical mean (should be ~0): 0.00162511 | expectation: 1.9901
Eval n=800, NN=10000 | out-of-sample obj = 1.8175634 | rep = 3
n=800, N=400 | empirical mean (should be ~0): -0.00342126 | expectation: 1.9901
Eval n=800, NN=10000 | out-of-sample obj = 1.8206466 | rep = 4
n=800, N=400 | empirical mean (should be ~0): 0.000887094 | expectation: 1.9901
Eval n=800, NN=10000 | out-of-sample obj = 1.8319737 | rep = 5
Average eval for n=800, N=400 over 5 reps = 1.818344
n=800, N=600 | empirical mean (should be ~0): -0.00313684 | expectation: 1.9901
Eval n=800, NN=10000 | out-of-sample obj = 1.8071713 | rep = 1
n=800, N=600 | empirical mean (should be ~0): 0.00165906 | expectation: 1.9901
Eval n=800, NN=10000 | out-of-sample obj = 1.8753854 | rep = 2
n=800, N=600 | empirical mean (should be ~0): 0.00352876 | expectation: 1.9901
Eval n=800, NN=10000 | out-of-sample obj = 1.8266098 | rep = 3
n=800, N=600 | empirical mean (should be ~0): -0.00318952 | expectation: 1.9901
Eval n=800, NN=10000 | out-of-sample obj = 1.8065787 | rep = 4
n=800, N=600 | empirical mean (should be ~0): -0.0062641 | expectation: 1.9901
Eval n=800, NN=10000 | out-of-sample obj = 1.8103251 | rep = 5
Average eval for n=800, N=600 over 5 reps = 1.8252141
n=900, N=200 | empirical mean (should be ~0): 0.00628961 | expectation: 1.9901
Eval n=900, NN=10000 | out-of-sample obj = 1.761645 | rep = 1
n=900, N=200 | empirical mean (should be ~0): 0.00614879 | expectation: 1.9901
Eval n=900, NN=10000 | out-of-sample obj = 1.7565779 | rep = 2
n=900, N=200 | empirical mean (should be ~0): -0.00450407 | expectation: 1.9901
Eval n=900, NN=10000 | out-of-sample obj = 1.7555496 | rep = 3
n=900, N=200 | empirical mean (should be ~0): -0.00405954 | expectation: 1.9901
Eval n=900, NN=10000 | out-of-sample obj = 1.7546836 | rep = 4
n=900, N=200 | empirical mean (should be ~0): 0.00525738 | expectation: 1.9901
Eval n=900, NN=10000 | out-of-sample obj = 1.7643731 | rep = 5
Average eval for n=900, N=200 over 5 reps = 1.7585659
n=900, N=400 | empirical mean (should be ~0): 0.00322594 | expectation: 1.9901
Eval n=900, NN=10000 | out-of-sample obj = 1.7742542 | rep = 1
n=900, N=400 | empirical mean (should be ~0): -0.00254718 | expectation: 1.9901
Eval n=900, NN=10000 | out-of-sample obj = 1.7604996 | rep = 2
n=900, N=400 | empirical mean (should be ~0): 0.00763372 | expectation: 1.9901
Eval n=900, NN=10000 | out-of-sample obj = 1.7649456 | rep = 3
n=900, N=400 | empirical mean (should be ~0): -0.00432691 | expectation: 1.9901
Eval n=900, NN=10000 | out-of-sample obj = 1.7551064 | rep = 4
n=900, N=400 | empirical mean (should be ~0): 0.00439411 | expectation: 1.9901
Eval n=900, NN=10000 | out-of-sample obj = 1.7680357 | rep = 5
Average eval for n=900, N=400 over 5 reps = 1.7645683
n=900, N=600 | empirical mean (should be ~0): -0.00373422 | expectation: 1.9901
Eval n=900, NN=10000 | out-of-sample obj = 1.7899522 | rep = 1
n=900, N=600 | empirical mean (should be ~0): -0.00760769 | expectation: 1.9901
Eval n=900, NN=10000 | out-of-sample obj = 1.7519835 | rep = 2
n=900, N=600 | empirical mean (should be ~0): 0.00293858 | expectation: 1.9901
Eval n=900, NN=10000 | out-of-sample obj = 1.7629418 | rep = 3
n=900, N=600 | empirical mean (should be ~0): 0.00672404 | expectation: 1.9901
Eval n=900, NN=10000 | out-of-sample obj = 1.7927286 | rep = 4
n=900, N=600 | empirical mean (should be ~0): -0.00236906 | expectation: 1.9901
Eval n=900, NN=10000 | out-of-sample obj = 1.7542111 | rep = 5
Average eval for n=900, N=600 over 5 reps = 1.7703634
n=1000, N=200 | empirical mean (should be ~0): 0.00173484 | expectation: 1.9901
Eval n=1000, NN=10000 | out-of-sample obj = 1.7842314 | rep = 1
n=1000, N=200 | empirical mean (should be ~0): 0.00265731 | expectation: 1.9901
Eval n=1000, NN=10000 | out-of-sample obj = 1.7818119 | rep = 2
n=1000, N=200 | empirical mean (should be ~0): -0.00581033 | expectation: 1.9901
Eval n=1000, NN=10000 | out-of-sample obj = 1.7906167 | rep = 3
n=1000, N=200 | empirical mean (should be ~0): -0.00173899 | expectation: 1.9901
Eval n=1000, NN=10000 | out-of-sample obj = 1.7880135 | rep = 4
n=1000, N=200 | empirical mean (should be ~0): -0.00348385 | expectation: 1.9901
Eval n=1000, NN=10000 | out-of-sample obj = 1.7896006 | rep = 5
Average eval for n=1000, N=200 over 5 reps = 1.7868548
n=1000, N=400 | empirical mean (should be ~0): -0.0124585 | expectation: 1.9901
Eval n=1000, NN=10000 | out-of-sample obj = 1.7773814 | rep = 1
n=1000, N=400 | empirical mean (should be ~0): -0.00232084 | expectation: 1.9901
Eval n=1000, NN=10000 | out-of-sample obj = 1.7844638 | rep = 2
n=1000, N=400 | empirical mean (should be ~0): -9.96264e-05 | expectation: 1.9901
Eval n=1000, NN=10000 | out-of-sample obj = 1.7927483 | rep = 3
n=1000, N=400 | empirical mean (should be ~0): -0.00415226 | expectation: 1.9901
Eval n=1000, NN=10000 | out-of-sample obj = 1.7945407 | rep = 4
n=1000, N=400 | empirical mean (should be ~0): 0.0134307 | expectation: 1.9901
Eval n=1000, NN=10000 | out-of-sample obj = 1.8388086 | rep = 5
Average eval for n=1000, N=400 over 5 reps = 1.7975886
n=1000, N=600 | empirical mean (should be ~0): -0.000296175 | expectation: 1.9901
Eval n=1000, NN=10000 | out-of-sample obj = 1.7871622 | rep = 1
n=1000, N=600 | empirical mean (should be ~0): 0.00135493 | expectation: 1.9901
Eval n=1000, NN=10000 | out-of-sample obj = 1.7840389 | rep = 2
n=1000, N=600 | empirical mean (should be ~0): -0.000603807 | expectation: 1.9901
Eval n=1000, NN=10000 | out-of-sample obj = 1.7741955 | rep = 3
n=1000, N=600 | empirical mean (should be ~0): 0.000770447 | expectation: 1.9901
Eval n=1000, NN=10000 | out-of-sample obj = 1.7928317 | rep = 4
n=1000, N=600 | empirical mean (should be ~0): 0.00862485 | expectation: 1.9901
Eval n=1000, NN=10000 | out-of-sample obj = 1.7953694 | rep = 5
Average eval for n=1000, N=600 over 5 reps = 1.7867195
n=1500, N=200 | empirical mean (should be ~0): -0.00525081 | expectation: 1.9901
Eval n=1500, NN=10000 | out-of-sample obj = 1.8443373 | rep = 1
n=1500, N=200 | empirical mean (should be ~0): -0.00813689 | expectation: 1.9901
Eval n=1500, NN=10000 | out-of-sample obj = 1.8338721 | rep = 2
n=1500, N=200 | empirical mean (should be ~0): -0.000218486 | expectation: 1.9901
Eval n=1500, NN=10000 | out-of-sample obj = 1.8544305 | rep = 3
n=1500, N=200 | empirical mean (should be ~0): -0.00485028 | expectation: 1.9901
Eval n=1500, NN=10000 | out-of-sample obj = 1.8442633 | rep = 4
n=1500, N=200 | empirical mean (should be ~0): -0.0165784 | expectation: 1.9901
Eval n=1500, NN=10000 | out-of-sample obj = 1.8438764 | rep = 5
Average eval for n=1500, N=200 over 5 reps = 1.8441559
n=1500, N=400 | empirical mean (should be ~0): -0.00211657 | expectation: 1.9901
Eval n=1500, NN=10000 | out-of-sample obj = 1.8347608 | rep = 1
n=1500, N=400 | empirical mean (should be ~0): 0.0022925 | expectation: 1.9901
Eval n=1500, NN=10000 | out-of-sample obj = 1.832149 | rep = 2
n=1500, N=400 | empirical mean (should be ~0): -0.00143102 | expectation: 1.9901
Eval n=1500, NN=10000 | out-of-sample obj = 1.8486297 | rep = 3
n=1500, N=400 | empirical mean (should be ~0): -0.000153696 | expectation: 1.9901
Eval n=1500, NN=10000 | out-of-sample obj = 1.8620688 | rep = 4
n=1500, N=400 | empirical mean (should be ~0): 0.00387188 | expectation: 1.9901
Eval n=1500, NN=10000 | out-of-sample obj = 1.8649992 | rep = 5
Average eval for n=1500, N=400 over 5 reps = 1.8485215
n=1500, N=600 | empirical mean (should be ~0): -0.00416734 | expectation: 1.9901
Eval n=1500, NN=10000 | out-of-sample obj = 1.8406233 | rep = 1
n=1500, N=600 | empirical mean (should be ~0): -0.00739589 | expectation: 1.9901
Eval n=1500, NN=10000 | out-of-sample obj = 1.8229249 | rep = 2
n=1500, N=600 | empirical mean (should be ~0): -0.000109031 | expectation: 1.9901
Eval n=1500, NN=10000 | out-of-sample obj = 1.8714631 | rep = 3
n=1500, N=600 | empirical mean (should be ~0): -0.00191532 | expectation: 1.9901
Eval n=1500, NN=10000 | out-of-sample obj = 1.8360987 | rep = 4
n=1500, N=600 | empirical mean (should be ~0): -0.00126573 | expectation: 1.9901
Eval n=1500, NN=10000 | out-of-sample obj = 1.8314592 | rep = 5
Average eval for n=1500, N=600 over 5 reps = 1.8405139
n=2000, N=200 | empirical mean (should be ~0): 0.00447903 | expectation: 1.9901
Eval n=2000, NN=10000 | out-of-sample obj = 1.9488707 | rep = 1
n=2000, N=200 | empirical mean (should be ~0): -0.00520268 | expectation: 1.9901
Eval n=2000, NN=10000 | out-of-sample obj = 1.8736538 | rep = 2
n=2000, N=200 | empirical mean (should be ~0): -0.000135943 | expectation: 1.9901
Eval n=2000, NN=10000 | out-of-sample obj = 1.8705041 | rep = 3
n=2000, N=200 | empirical mean (should be ~0): 0.00419232 | expectation: 1.9901
Eval n=2000, NN=10000 | out-of-sample obj = 1.9028869 | rep = 4
n=2000, N=200 | empirical mean (should be ~0): 0.000794252 | expectation: 1.9901
Eval n=2000, NN=10000 | out-of-sample obj = 1.8695556 | rep = 5
Average eval for n=2000, N=200 over 5 reps = 1.8930942
n=2000, N=400 | empirical mean (should be ~0): -0.00527852 | expectation: 1.9901
Eval n=2000, NN=10000 | out-of-sample obj = 1.8707667 | rep = 1
n=2000, N=400 | empirical mean (should be ~0): -0.00561568 | expectation: 1.9901
Eval n=2000, NN=10000 | out-of-sample obj = 1.8654354 | rep = 2
n=2000, N=400 | empirical mean (should be ~0): 0.00157635 | expectation: 1.9901
Eval n=2000, NN=10000 | out-of-sample obj = 1.8775362 | rep = 3
n=2000, N=400 | empirical mean (should be ~0): -0.00188514 | expectation: 1.9901
Eval n=2000, NN=10000 | out-of-sample obj = 1.8648965 | rep = 4
n=2000, N=400 | empirical mean (should be ~0): 0.00834795 | expectation: 1.9901
Eval n=2000, NN=10000 | out-of-sample obj = 1.8842449 | rep = 5
Average eval for n=2000, N=400 over 5 reps = 1.872576
n=2000, N=600 | empirical mean (should be ~0): 0.00191429 | expectation: 1.9901
Eval n=2000, NN=10000 | out-of-sample obj = 1.8718376 | rep = 1
n=2000, N=600 | empirical mean (should be ~0): 0.00458561 | expectation: 1.9901
Eval n=2000, NN=10000 | out-of-sample obj = 1.8666838 | rep = 2
n=2000, N=600 | empirical mean (should be ~0): -0.000165905 | expectation: 1.9901
Eval n=2000, NN=10000 | out-of-sample obj = 1.8634467 | rep = 3
n=2000, N=600 | empirical mean (should be ~0): -0.00198613 | expectation: 1.9901
Eval n=2000, NN=10000 | out-of-sample obj = 1.8672072 | rep = 4
n=2000, N=600 | empirical mean (should be ~0): -0.00039465 | expectation: 1.9901
Eval n=2000, NN=10000 | out-of-sample obj = 1.8664117 | rep = 5
Average eval for n=2000, N=600 over 5 reps = 1.8671174
n=5000, N=200 | empirical mean (should be ~0): -0.000886698 | expectation: 1.9901
Eval n=5000, NN=10000 | out-of-sample obj = 1.8997376 | rep = 1
n=5000, N=200 | empirical mean (should be ~0): 0.0030768 | expectation: 1.9901
Eval n=5000, NN=10000 | out-of-sample obj = 1.8939577 | rep = 2
n=5000, N=200 | empirical mean (should be ~0): -0.00526982 | expectation: 1.9901
Eval n=5000, NN=10000 | out-of-sample obj = 1.886693 | rep = 3
n=5000, N=200 | empirical mean (should be ~0): -0.00196678 | expectation: 1.9901
Eval n=5000, NN=10000 | out-of-sample obj = 1.9339242 | rep = 4
n=5000, N=200 | empirical mean (should be ~0): -0.00616078 | expectation: 1.9901
Eval n=5000, NN=10000 | out-of-sample obj = 1.8959901 | rep = 5
Average eval for n=5000, N=200 over 5 reps = 1.9020605
n=5000, N=400 | empirical mean (should be ~0): -0.00266494 | expectation: 1.9901
Eval n=5000, NN=10000 | out-of-sample obj = 1.8839151 | rep = 1
n=5000, N=400 | empirical mean (should be ~0): 0.0016248 | expectation: 1.9901
Eval n=5000, NN=10000 | out-of-sample obj = 1.9267968 | rep = 2
n=5000, N=400 | empirical mean (should be ~0): 0.00641828 | expectation: 1.9901
Eval n=5000, NN=10000 | out-of-sample obj = 1.911779 | rep = 3
n=5000, N=400 | empirical mean (should be ~0): 0.00289639 | expectation: 1.9901
Eval n=5000, NN=10000 | out-of-sample obj = 1.8975422 | rep = 4
n=5000, N=400 | empirical mean (should be ~0): -0.00297301 | expectation: 1.9901
Eval n=5000, NN=10000 | out-of-sample obj = 1.8881347 | rep = 5
Average eval for n=5000, N=400 over 5 reps = 1.9016336
n=5000, N=600 | empirical mean (should be ~0): 0.0016799 | expectation: 1.9901
Eval n=5000, NN=10000 | out-of-sample obj = 1.9419349 | rep = 1
n=5000, N=600 | empirical mean (should be ~0): -0.00202383 | expectation: 1.9901
Eval n=5000, NN=10000 | out-of-sample obj = 1.891523 | rep = 2
n=5000, N=600 | empirical mean (should be ~0): -0.00084067 | expectation: 1.9901
Eval n=5000, NN=10000 | out-of-sample obj = 1.8827446 | rep = 3
n=5000, N=600 | empirical mean (should be ~0): -0.00211862 | expectation: 1.9901
Eval n=5000, NN=10000 | out-of-sample obj = 1.8892882 | rep = 4
n=5000, N=600 | empirical mean (should be ~0): 0.00401558 | expectation: 1.9901
Eval n=5000, NN=10000 | out-of-sample obj = 1.9115578 | rep = 5
Average eval for n=5000, N=600 over 5 reps = 1.9034097
Saved results to experiment_results_replications_SMD_2_20251018_203957.mat
