You already have the most recent version of MATLAB Connector installed.

                            < M A T L A B (R) >
                  Copyright 1984-2024 The MathWorks, Inc.
             R2024b Update 1 (24.2.0.2740171) 64-bit (glnxa64)
                             September 20, 2024

 
To get started, type doc.
For product information, visit www.mathworks.com.
 
Eval n=100, NN=10000 | out-of-sample obj = 1.7308719 | rep = 1
Elapsed time is 0.015895 seconds.
Eval n=100, NN=10000 | out-of-sample obj = 1.7323914 | rep = 2
Elapsed time is 0.015907 seconds.
Eval n=100, NN=10000 | out-of-sample obj = 1.7320154 | rep = 3
Elapsed time is 0.014096 seconds.
Eval n=100, NN=10000 | out-of-sample obj = 1.7309352 | rep = 4
Elapsed time is 0.013535 seconds.
Eval n=100, NN=10000 | out-of-sample obj = 1.732735 | rep = 5
Elapsed time is 0.016728 seconds.
Average eval for n=100, N=200 over 5 reps = 1.7317898
Eval n=100, NN=10000 | out-of-sample obj = 1.7296835 | rep = 1
Elapsed time is 0.014620 seconds.
Eval n=100, NN=10000 | out-of-sample obj = 1.7294638 | rep = 2
Elapsed time is 0.015062 seconds.
Eval n=100, NN=10000 | out-of-sample obj = 1.7296431 | rep = 3
Elapsed time is 0.012673 seconds.
Early stop at iter 196463 (n=100, N=400): recent Δobj=1.55475e-06 (rel 9e-07)
Eval n=100, NN=10000 | out-of-sample obj = 1.7291618 | rep = 4
Elapsed time is 0.012674 seconds.
Eval n=100, NN=10000 | out-of-sample obj = 1.7299014 | rep = 5
Elapsed time is 0.012389 seconds.
Average eval for n=100, N=400 over 5 reps = 1.7295707
Early stop at iter 33736 (n=100, N=600): recent Δobj=1.71607e-06 (rel 9.93e-07)
Eval n=100, NN=10000 | out-of-sample obj = 1.728491 | rep = 1
Elapsed time is 0.012640 seconds.
Early stop at iter 35006 (n=100, N=600): recent Δobj=1.41119e-06 (rel 8.16e-07)
Eval n=100, NN=10000 | out-of-sample obj = 1.7279666 | rep = 2
Elapsed time is 0.012164 seconds.
Early stop at iter 51833 (n=100, N=600): recent Δobj=1.37282e-06 (rel 7.94e-07)
Eval n=100, NN=10000 | out-of-sample obj = 1.7282479 | rep = 3
Elapsed time is 0.011827 seconds.
Eval n=100, NN=10000 | out-of-sample obj = 1.728155 | rep = 4
Elapsed time is 0.011899 seconds.
Early stop at iter 34346 (n=100, N=600): recent Δobj=1.69924e-06 (rel 9.83e-07)
Eval n=100, NN=10000 | out-of-sample obj = 1.7287122 | rep = 5
Elapsed time is 0.011894 seconds.
Average eval for n=100, N=600 over 5 reps = 1.7283145
Eval n=200, NN=10000 | out-of-sample obj = 1.7284498 | rep = 1
Elapsed time is 0.026886 seconds.
Eval n=200, NN=10000 | out-of-sample obj = 1.7283545 | rep = 2
Elapsed time is 0.027263 seconds.
Eval n=200, NN=10000 | out-of-sample obj = 1.7293137 | rep = 3
Elapsed time is 0.026844 seconds.
Eval n=200, NN=10000 | out-of-sample obj = 1.7294402 | rep = 4
Elapsed time is 0.025621 seconds.
Eval n=200, NN=10000 | out-of-sample obj = 1.7290218 | rep = 5
Elapsed time is 0.022691 seconds.
Average eval for n=200, N=200 over 5 reps = 1.728916
Eval n=200, NN=10000 | out-of-sample obj = 1.7251083 | rep = 1
Elapsed time is 0.022784 seconds.
Eval n=200, NN=10000 | out-of-sample obj = 1.7251917 | rep = 2
Elapsed time is 0.021403 seconds.
Eval n=200, NN=10000 | out-of-sample obj = 1.7253247 | rep = 3
Elapsed time is 0.021510 seconds.
Eval n=200, NN=10000 | out-of-sample obj = 1.7253055 | rep = 4
Elapsed time is 0.021830 seconds.
Eval n=200, NN=10000 | out-of-sample obj = 1.7252898 | rep = 5
Elapsed time is 0.022537 seconds.
Average eval for n=200, N=400 over 5 reps = 1.725244
Eval n=200, NN=10000 | out-of-sample obj = 1.7238107 | rep = 1
Elapsed time is 0.025290 seconds.
Eval n=200, NN=10000 | out-of-sample obj = 1.7237123 | rep = 2
Elapsed time is 0.021383 seconds.
Eval n=200, NN=10000 | out-of-sample obj = 1.7240186 | rep = 3
Elapsed time is 0.023208 seconds.
Eval n=200, NN=10000 | out-of-sample obj = 1.724303 | rep = 4
Elapsed time is 0.022321 seconds.
Eval n=200, NN=10000 | out-of-sample obj = 1.724114 | rep = 5
Elapsed time is 0.023131 seconds.
Average eval for n=200, N=600 over 5 reps = 1.7239917
Eval n=300, NN=10000 | out-of-sample obj = 1.7252512 | rep = 1
Elapsed time is 0.042100 seconds.
Eval n=300, NN=10000 | out-of-sample obj = 1.7244054 | rep = 2
Elapsed time is 0.042771 seconds.
Eval n=300, NN=10000 | out-of-sample obj = 1.7269819 | rep = 3
Elapsed time is 0.042321 seconds.
Eval n=300, NN=10000 | out-of-sample obj = 1.724749 | rep = 4
Elapsed time is 0.038023 seconds.
Eval n=300, NN=10000 | out-of-sample obj = 1.7243828 | rep = 5
Elapsed time is 0.034125 seconds.
Average eval for n=300, N=200 over 5 reps = 1.7251541
Eval n=300, NN=10000 | out-of-sample obj = 1.7229799 | rep = 1
Elapsed time is 0.033557 seconds.
Eval n=300, NN=10000 | out-of-sample obj = 1.7228765 | rep = 2
Elapsed time is 0.039578 seconds.
Eval n=300, NN=10000 | out-of-sample obj = 1.7235695 | rep = 3
Elapsed time is 0.037428 seconds.
Eval n=300, NN=10000 | out-of-sample obj = 1.7225353 | rep = 4
Elapsed time is 0.040277 seconds.
Eval n=300, NN=10000 | out-of-sample obj = 1.7234322 | rep = 5
Elapsed time is 0.039196 seconds.
Average eval for n=300, N=400 over 5 reps = 1.7230787
Eval n=300, NN=10000 | out-of-sample obj = 1.7217611 | rep = 1
Elapsed time is 0.034028 seconds.
Eval n=300, NN=10000 | out-of-sample obj = 1.7216529 | rep = 2
Elapsed time is 0.041665 seconds.
Eval n=300, NN=10000 | out-of-sample obj = 1.721905 | rep = 3
Elapsed time is 0.035564 seconds.
Eval n=300, NN=10000 | out-of-sample obj = 1.7221753 | rep = 4
Elapsed time is 0.041902 seconds.
Eval n=300, NN=10000 | out-of-sample obj = 1.7217361 | rep = 5
Elapsed time is 0.035767 seconds.
Average eval for n=300, N=600 over 5 reps = 1.7218461
Eval n=400, NN=10000 | out-of-sample obj = 1.7234494 | rep = 1
Elapsed time is 0.051959 seconds.
Eval n=400, NN=10000 | out-of-sample obj = 1.7243734 | rep = 2
Elapsed time is 0.047772 seconds.
Eval n=400, NN=10000 | out-of-sample obj = 1.7254784 | rep = 3
Elapsed time is 0.054853 seconds.
Eval n=400, NN=10000 | out-of-sample obj = 1.7245272 | rep = 4
Elapsed time is 0.048762 seconds.
Eval n=400, NN=10000 | out-of-sample obj = 1.7232736 | rep = 5
Elapsed time is 0.054634 seconds.
Average eval for n=400, N=200 over 5 reps = 1.7242204
Eval n=400, NN=10000 | out-of-sample obj = 1.721644 | rep = 1
Elapsed time is 0.047420 seconds.
Eval n=400, NN=10000 | out-of-sample obj = 1.7214772 | rep = 2
Elapsed time is 0.055858 seconds.
Eval n=400, NN=10000 | out-of-sample obj = 1.7217861 | rep = 3
Elapsed time is 0.050702 seconds.
Eval n=400, NN=10000 | out-of-sample obj = 1.7217489 | rep = 4
Elapsed time is 0.057652 seconds.
Eval n=400, NN=10000 | out-of-sample obj = 1.7217833 | rep = 5
Elapsed time is 0.044854 seconds.
Average eval for n=400, N=400 over 5 reps = 1.7216879
Eval n=400, NN=10000 | out-of-sample obj = 1.7207514 | rep = 1
Elapsed time is 0.052238 seconds.
Eval n=400, NN=10000 | out-of-sample obj = 1.7207911 | rep = 2
Elapsed time is 0.048303 seconds.
Eval n=400, NN=10000 | out-of-sample obj = 1.7211368 | rep = 3
Elapsed time is 0.056119 seconds.
Eval n=400, NN=10000 | out-of-sample obj = 1.7205776 | rep = 4
Elapsed time is 0.047541 seconds.
Eval n=400, NN=10000 | out-of-sample obj = 1.7211684 | rep = 5
Elapsed time is 0.053190 seconds.
Average eval for n=400, N=600 over 5 reps = 1.7208851
Eval n=500, NN=10000 | out-of-sample obj = 1.7214955 | rep = 1
Elapsed time is 0.066477 seconds.
Eval n=500, NN=10000 | out-of-sample obj = 1.7226436 | rep = 2
Elapsed time is 0.068347 seconds.
Eval n=500, NN=10000 | out-of-sample obj = 1.7229011 | rep = 3
Elapsed time is 0.068734 seconds.
Eval n=500, NN=10000 | out-of-sample obj = 1.7225367 | rep = 4
Elapsed time is 0.067417 seconds.
Eval n=500, NN=10000 | out-of-sample obj = 1.7266628 | rep = 5
Elapsed time is 0.068510 seconds.
Average eval for n=500, N=200 over 5 reps = 1.723248
Eval n=500, NN=10000 | out-of-sample obj = 1.7208308 | rep = 1
Elapsed time is 0.057659 seconds.
Eval n=500, NN=10000 | out-of-sample obj = 1.722774 | rep = 2
Elapsed time is 0.069049 seconds.
Eval n=500, NN=10000 | out-of-sample obj = 1.7209584 | rep = 3
Elapsed time is 0.059107 seconds.
Eval n=500, NN=10000 | out-of-sample obj = 1.7226022 | rep = 4
Elapsed time is 0.065041 seconds.
Eval n=500, NN=10000 | out-of-sample obj = 1.7222398 | rep = 5
Elapsed time is 0.055697 seconds.
Average eval for n=500, N=400 over 5 reps = 1.721881
Eval n=500, NN=10000 | out-of-sample obj = 1.7201496 | rep = 1
Elapsed time is 0.068763 seconds.
Eval n=500, NN=10000 | out-of-sample obj = 1.720156 | rep = 2
Elapsed time is 0.059083 seconds.
Eval n=500, NN=10000 | out-of-sample obj = 1.7201553 | rep = 3
Elapsed time is 0.068771 seconds.
Eval n=500, NN=10000 | out-of-sample obj = 1.7209926 | rep = 4
Elapsed time is 0.059015 seconds.
Eval n=500, NN=10000 | out-of-sample obj = 1.7205446 | rep = 5
Elapsed time is 0.068122 seconds.
Average eval for n=500, N=600 over 5 reps = 1.7203996
Eval n=600, NN=10000 | out-of-sample obj = 1.7212707 | rep = 1
Elapsed time is 0.071791 seconds.
Eval n=600, NN=10000 | out-of-sample obj = 1.7231768 | rep = 2
Elapsed time is 0.087055 seconds.
Eval n=600, NN=10000 | out-of-sample obj = 1.7246753 | rep = 3
Elapsed time is 0.070157 seconds.
Eval n=600, NN=10000 | out-of-sample obj = 1.7299673 | rep = 4
Elapsed time is 0.081628 seconds.
Eval n=600, NN=10000 | out-of-sample obj = 1.7211455 | rep = 5
Elapsed time is 0.071113 seconds.
Average eval for n=600, N=200 over 5 reps = 1.7240471
Eval n=600, NN=10000 | out-of-sample obj = 1.7225126 | rep = 1
Elapsed time is 0.078593 seconds.
Eval n=600, NN=10000 | out-of-sample obj = 1.721635 | rep = 2
Elapsed time is 0.085384 seconds.
Eval n=600, NN=10000 | out-of-sample obj = 1.7205801 | rep = 3
Elapsed time is 0.082763 seconds.
Eval n=600, NN=10000 | out-of-sample obj = 1.7213229 | rep = 4
Elapsed time is 0.110275 seconds.
Eval n=600, NN=10000 | out-of-sample obj = 1.7213169 | rep = 5
Elapsed time is 0.114888 seconds.
Average eval for n=600, N=400 over 5 reps = 1.7214735
Eval n=600, NN=10000 | out-of-sample obj = 1.719776 | rep = 1
Elapsed time is 0.086814 seconds.
Eval n=600, NN=10000 | out-of-sample obj = 1.7203539 | rep = 2
Elapsed time is 0.084475 seconds.
Eval n=600, NN=10000 | out-of-sample obj = 1.7207304 | rep = 3
Elapsed time is 0.087768 seconds.
Eval n=600, NN=10000 | out-of-sample obj = 1.7193863 | rep = 4
Elapsed time is 0.104773 seconds.
Eval n=600, NN=10000 | out-of-sample obj = 1.7229748 | rep = 5
Elapsed time is 0.087749 seconds.
Average eval for n=600, N=600 over 5 reps = 1.7206443
Eval n=700, NN=10000 | out-of-sample obj = 1.7228801 | rep = 1
Elapsed time is 0.140113 seconds.
Eval n=700, NN=10000 | out-of-sample obj = 1.723092 | rep = 2
Elapsed time is 0.098870 seconds.
Eval n=700, NN=10000 | out-of-sample obj = 1.7224541 | rep = 3
Elapsed time is 0.097169 seconds.
Eval n=700, NN=10000 | out-of-sample obj = 1.7207377 | rep = 4
Elapsed time is 0.098925 seconds.
Eval n=700, NN=10000 | out-of-sample obj = 1.7235136 | rep = 5
Elapsed time is 0.097574 seconds.
Average eval for n=700, N=200 over 5 reps = 1.7225355
Eval n=700, NN=10000 | out-of-sample obj = 1.7241337 | rep = 1
Elapsed time is 0.097133 seconds.
Eval n=700, NN=10000 | out-of-sample obj = 1.7190477 | rep = 2
Elapsed time is 0.098615 seconds.
Eval n=700, NN=10000 | out-of-sample obj = 1.7195195 | rep = 3
Elapsed time is 0.091036 seconds.
Eval n=700, NN=10000 | out-of-sample obj = 1.7191304 | rep = 4
Elapsed time is 0.101322 seconds.
Eval n=700, NN=10000 | out-of-sample obj = 1.7237742 | rep = 5
Elapsed time is 0.101054 seconds.
Average eval for n=700, N=400 over 5 reps = 1.7211211
Eval n=700, NN=10000 | out-of-sample obj = 1.7188748 | rep = 1
Elapsed time is 0.093813 seconds.
Eval n=700, NN=10000 | out-of-sample obj = 1.718867 | rep = 2
Elapsed time is 0.099541 seconds.
Eval n=700, NN=10000 | out-of-sample obj = 1.7188887 | rep = 3
Elapsed time is 0.097700 seconds.
Eval n=700, NN=10000 | out-of-sample obj = 1.7245404 | rep = 4
Elapsed time is 0.092078 seconds.
Eval n=700, NN=10000 | out-of-sample obj = 1.7245071 | rep = 5
Elapsed time is 0.098727 seconds.
Average eval for n=700, N=600 over 5 reps = 1.7211356
Eval n=800, NN=10000 | out-of-sample obj = 1.7298543 | rep = 1
Elapsed time is 0.110250 seconds.
Eval n=800, NN=10000 | out-of-sample obj = 1.7206136 | rep = 2
Elapsed time is 0.110832 seconds.
Eval n=800, NN=10000 | out-of-sample obj = 1.7213536 | rep = 3
Elapsed time is 0.105313 seconds.
Eval n=800, NN=10000 | out-of-sample obj = 1.731587 | rep = 4
Elapsed time is 0.110380 seconds.
Eval n=800, NN=10000 | out-of-sample obj = 1.7299973 | rep = 5
Elapsed time is 0.115442 seconds.
Average eval for n=800, N=200 over 5 reps = 1.7266812
Eval n=800, NN=10000 | out-of-sample obj = 1.7187954 | rep = 1
Elapsed time is 0.189184 seconds.
Eval n=800, NN=10000 | out-of-sample obj = 1.7258868 | rep = 2
Elapsed time is 0.110148 seconds.
Eval n=800, NN=10000 | out-of-sample obj = 1.7208231 | rep = 3
Elapsed time is 0.117008 seconds.
Eval n=800, NN=10000 | out-of-sample obj = 1.7237413 | rep = 4
Elapsed time is 0.110388 seconds.
Eval n=800, NN=10000 | out-of-sample obj = 1.7247667 | rep = 5
Elapsed time is 0.116301 seconds.
Average eval for n=800, N=400 over 5 reps = 1.7228027
Eval n=800, NN=10000 | out-of-sample obj = 1.7186554 | rep = 1
Elapsed time is 0.112171 seconds.
Eval n=800, NN=10000 | out-of-sample obj = 1.7236818 | rep = 2
Elapsed time is 0.194464 seconds.
Eval n=800, NN=10000 | out-of-sample obj = 1.7245015 | rep = 3
Elapsed time is 0.125473 seconds.
Eval n=800, NN=10000 | out-of-sample obj = 1.7182333 | rep = 4
Elapsed time is 0.110185 seconds.
Eval n=800, NN=10000 | out-of-sample obj = 1.7265078 | rep = 5
Elapsed time is 0.097332 seconds.
Average eval for n=800, N=600 over 5 reps = 1.722316
Eval n=900, NN=10000 | out-of-sample obj = 1.7205592 | rep = 1
Elapsed time is 0.117796 seconds.
Eval n=900, NN=10000 | out-of-sample obj = 1.7300383 | rep = 2
Elapsed time is 0.121837 seconds.
Eval n=900, NN=10000 | out-of-sample obj = 1.730194 | rep = 3
Elapsed time is 0.119938 seconds.
Eval n=900, NN=10000 | out-of-sample obj = 1.7233981 | rep = 4
Elapsed time is 0.118540 seconds.
Eval n=900, NN=10000 | out-of-sample obj = 1.7203582 | rep = 5
Elapsed time is 0.118567 seconds.
Average eval for n=900, N=200 over 5 reps = 1.7249095
Eval n=900, NN=10000 | out-of-sample obj = 1.723034 | rep = 1
Elapsed time is 0.119067 seconds.
Eval n=900, NN=10000 | out-of-sample obj = 1.7269889 | rep = 2
Elapsed time is 0.124102 seconds.
Eval n=900, NN=10000 | out-of-sample obj = 1.7185675 | rep = 3
Elapsed time is 0.119967 seconds.
Eval n=900, NN=10000 | out-of-sample obj = 1.7183818 | rep = 4
Elapsed time is 0.120433 seconds.
Eval n=900, NN=10000 | out-of-sample obj = 1.7308944 | rep = 5
Elapsed time is 0.121812 seconds.
Average eval for n=900, N=400 over 5 reps = 1.7235733
Eval n=900, NN=10000 | out-of-sample obj = 1.7274632 | rep = 1
Elapsed time is 0.128327 seconds.
Eval n=900, NN=10000 | out-of-sample obj = 1.7259994 | rep = 2
Elapsed time is 0.118880 seconds.
Eval n=900, NN=10000 | out-of-sample obj = 1.7223975 | rep = 3
Elapsed time is 0.198176 seconds.
Eval n=900, NN=10000 | out-of-sample obj = 1.7178016 | rep = 4
Elapsed time is 0.148565 seconds.
Eval n=900, NN=10000 | out-of-sample obj = 1.7239302 | rep = 5
Elapsed time is 0.123713 seconds.
Average eval for n=900, N=600 over 5 reps = 1.7235184
Eval n=1000, NN=10000 | out-of-sample obj = 1.7364953 | rep = 1
Elapsed time is 0.177970 seconds.
Eval n=1000, NN=10000 | out-of-sample obj = 1.7270052 | rep = 2
Elapsed time is 0.139158 seconds.
Eval n=1000, NN=10000 | out-of-sample obj = 1.7255229 | rep = 3
Elapsed time is 0.136186 seconds.
Eval n=1000, NN=10000 | out-of-sample obj = 1.7211569 | rep = 4
Elapsed time is 0.135332 seconds.
Eval n=1000, NN=10000 | out-of-sample obj = 1.7262083 | rep = 5
Elapsed time is 0.130529 seconds.
Average eval for n=1000, N=200 over 5 reps = 1.7272777
Eval n=1000, NN=10000 | out-of-sample obj = 1.7357554 | rep = 1
Elapsed time is 0.181792 seconds.
Eval n=1000, NN=10000 | out-of-sample obj = 1.7181076 | rep = 2
Elapsed time is 0.134371 seconds.
Eval n=1000, NN=10000 | out-of-sample obj = 1.7209285 | rep = 3
Elapsed time is 0.139551 seconds.
Eval n=1000, NN=10000 | out-of-sample obj = 1.7319809 | rep = 4
Elapsed time is 0.138693 seconds.
Eval n=1000, NN=10000 | out-of-sample obj = 1.7279094 | rep = 5
Elapsed time is 0.515846 seconds.
Average eval for n=1000, N=400 over 5 reps = 1.7269364
Eval n=1000, NN=10000 | out-of-sample obj = 1.7298641 | rep = 1
Elapsed time is 0.189870 seconds.
Eval n=1000, NN=10000 | out-of-sample obj = 1.7171814 | rep = 2
Elapsed time is 0.130635 seconds.
Eval n=1000, NN=10000 | out-of-sample obj = 1.7293956 | rep = 3
Elapsed time is 0.218188 seconds.
Eval n=1000, NN=10000 | out-of-sample obj = 1.7289506 | rep = 4
Elapsed time is 1.096875 seconds.
Eval n=1000, NN=10000 | out-of-sample obj = 1.7174737 | rep = 5
Elapsed time is 0.160448 seconds.
Average eval for n=1000, N=600 over 5 reps = 1.7245731
Eval n=1500, NN=10000 | out-of-sample obj = 1.7203919 | rep = 1
Elapsed time is 0.191365 seconds.
Eval n=1500, NN=10000 | out-of-sample obj = 1.7333944 | rep = 2
Elapsed time is 0.207093 seconds.
Eval n=1500, NN=10000 | out-of-sample obj = 1.7502853 | rep = 3
Elapsed time is 0.186835 seconds.
Eval n=1500, NN=10000 | out-of-sample obj = 1.744198 | rep = 4
Elapsed time is 1.352948 seconds.
Eval n=1500, NN=10000 | out-of-sample obj = 1.721007 | rep = 5
Elapsed time is 0.199889 seconds.
Average eval for n=1500, N=200 over 5 reps = 1.7338553
Eval n=1500, NN=10000 | out-of-sample obj = 1.736305 | rep = 1
Elapsed time is 1.154394 seconds.
Eval n=1500, NN=10000 | out-of-sample obj = 1.7496691 | rep = 2
Elapsed time is 0.229499 seconds.
Eval n=1500, NN=10000 | out-of-sample obj = 1.7228492 | rep = 3
Elapsed time is 0.369334 seconds.
Eval n=1500, NN=10000 | out-of-sample obj = 1.7362368 | rep = 4
Elapsed time is 0.198844 seconds.
Eval n=1500, NN=10000 | out-of-sample obj = 1.7193819 | rep = 5
Elapsed time is 0.643191 seconds.
Average eval for n=1500, N=400 over 5 reps = 1.7328884
Eval n=1500, NN=10000 | out-of-sample obj = 1.7379067 | rep = 1
Elapsed time is 0.239236 seconds.
Eval n=1500, NN=10000 | out-of-sample obj = 1.7351446 | rep = 2
Elapsed time is 0.204226 seconds.
Eval n=1500, NN=10000 | out-of-sample obj = 1.7483631 | rep = 3
Elapsed time is 0.263044 seconds.
Eval n=1500, NN=10000 | out-of-sample obj = 1.7439382 | rep = 4
Elapsed time is 0.235919 seconds.
Eval n=1500, NN=10000 | out-of-sample obj = 1.7355847 | rep = 5
Elapsed time is 0.233098 seconds.
Average eval for n=1500, N=600 over 5 reps = 1.7401874
Eval n=2000, NN=10000 | out-of-sample obj = 1.7315863 | rep = 1
Elapsed time is 0.255689 seconds.
Eval n=2000, NN=10000 | out-of-sample obj = 1.7240686 | rep = 2
Elapsed time is 0.334353 seconds.
Eval n=2000, NN=10000 | out-of-sample obj = 1.7235533 | rep = 3
Elapsed time is 0.367816 seconds.
Eval n=2000, NN=10000 | out-of-sample obj = 1.7433658 | rep = 4
Elapsed time is 0.281173 seconds.
Eval n=2000, NN=10000 | out-of-sample obj = 1.7249664 | rep = 5
Elapsed time is 0.284192 seconds.
Average eval for n=2000, N=200 over 5 reps = 1.7295081
Eval n=2000, NN=10000 | out-of-sample obj = 1.7171603 | rep = 1
Elapsed time is 0.372795 seconds.
Eval n=2000, NN=10000 | out-of-sample obj = 1.7460965 | rep = 2
Elapsed time is 0.410990 seconds.
Eval n=2000, NN=10000 | out-of-sample obj = 1.723733 | rep = 3
Elapsed time is 0.296075 seconds.
Eval n=2000, NN=10000 | out-of-sample obj = 1.7216073 | rep = 4
Elapsed time is 0.419014 seconds.
Eval n=2000, NN=10000 | out-of-sample obj = 1.7211116 | rep = 5
Elapsed time is 0.286086 seconds.
Average eval for n=2000, N=400 over 5 reps = 1.7259418
Eval n=2000, NN=10000 | out-of-sample obj = 1.7212544 | rep = 1
Elapsed time is 0.347783 seconds.
Eval n=2000, NN=10000 | out-of-sample obj = 1.7462905 | rep = 2
Elapsed time is 0.327974 seconds.
Eval n=2000, NN=10000 | out-of-sample obj = 1.764332 | rep = 3
Elapsed time is 0.352572 seconds.
Eval n=2000, NN=10000 | out-of-sample obj = 1.7199702 | rep = 4
Elapsed time is 0.398520 seconds.
Eval n=2000, NN=10000 | out-of-sample obj = 1.7646027 | rep = 5
Elapsed time is 0.274322 seconds.
Average eval for n=2000, N=600 over 5 reps = 1.74329
Eval n=5000, NN=10000 | out-of-sample obj = 1.8425732 | rep = 1
Elapsed time is 0.656759 seconds.
Eval n=5000, NN=10000 | out-of-sample obj = 1.7908056 | rep = 2
Elapsed time is 0.703481 seconds.
Eval n=5000, NN=10000 | out-of-sample obj = 1.7433905 | rep = 3
Elapsed time is 0.723703 seconds.
Eval n=5000, NN=10000 | out-of-sample obj = 1.8053971 | rep = 4
Elapsed time is 0.773645 seconds.
Eval n=5000, NN=10000 | out-of-sample obj = 1.8003045 | rep = 5
Elapsed time is 0.726754 seconds.
Average eval for n=5000, N=200 over 5 reps = 1.7964942
Eval n=5000, NN=10000 | out-of-sample obj = 1.7430823 | rep = 1
Elapsed time is 0.861734 seconds.
Eval n=5000, NN=10000 | out-of-sample obj = 1.8277036 | rep = 2
Elapsed time is 0.737734 seconds.
Eval n=5000, NN=10000 | out-of-sample obj = 1.8325581 | rep = 3
Elapsed time is 0.763053 seconds.
Eval n=5000, NN=10000 | out-of-sample obj = 1.8431627 | rep = 4
Elapsed time is 0.683955 seconds.
Eval n=5000, NN=10000 | out-of-sample obj = 1.7541554 | rep = 5
Elapsed time is 0.630707 seconds.
Average eval for n=5000, N=400 over 5 reps = 1.8001324
Eval n=5000, NN=10000 | out-of-sample obj = 1.8004045 | rep = 1
Elapsed time is 0.659899 seconds.
Eval n=5000, NN=10000 | out-of-sample obj = 1.7853706 | rep = 2
Elapsed time is 0.670647 seconds.
Eval n=5000, NN=10000 | out-of-sample obj = 1.7179696 | rep = 3
Elapsed time is 0.689097 seconds.
Eval n=5000, NN=10000 | out-of-sample obj = 1.8018441 | rep = 4
Elapsed time is 0.666346 seconds.
Eval n=5000, NN=10000 | out-of-sample obj = 1.8063664 | rep = 5
Elapsed time is 0.632676 seconds.
Average eval for n=5000, N=600 over 5 reps = 1.782391
Error using save
Unable to write to file
'/blue/yu.yang1/haoran.liu/SAA_light_tail/experiment_results_replications_lasso_20251019_045750.mat'
because it appears to be corrupt.

Error in lasso_ista (line 199)

Error in run (line 112)
evalin('caller', strcat(scriptStem, ';'));
^^^^^^^^^^^^^^^^^^^^^^^^^^^^^^^^^^^^^^^^^
